#
# There is insufficient memory for the Java Runtime Environment to continue.
# Native memory allocation (malloc) failed to allocate 1048576 bytes for AllocateHeap
# Possible reasons:
#   The system is out of physical RAM or swap space
#   The process is running with CompressedOops enabled, and the Java Heap may be blocking the growth of the native heap
# Possible solutions:
#   Reduce memory load on the system
#   Increase physical memory or swap space
#   Check if swap backing store is full
#   Decrease Java heap size (-Xmx/-Xms)
#   Decrease number of Java threads
#   Decrease Java thread stack sizes (-Xss)
#   Set larger code cache with -XX:ReservedCodeCacheSize=
#   JVM is running with Unscaled Compressed Oops mode in which the Java heap is
#     placed in the first 4GB address space. The Java Heap base address is the
#     maximum limit for the native heap growth. Please use -XX:HeapBaseMinAddress
#     to set the Java Heap base and to place the Java Heap above 4GB virtual address.
# This output file may be truncated or incomplete.
#
#  Out of Memory Error (allocation.cpp:46), pid=12224, tid=11772
#
# JRE version:  (11.0.24+8) (build )
# Java VM: OpenJDK 64-Bit Server VM (11.0.24+8-LTS, mixed mode, sharing, tiered, compressed oops, g1 gc, windows-amd64)
# No core dump will be written. Minidumps are not enabled by default on client versions of Windows
#

---------------  S U M M A R Y ------------

Command Line: -Dfile.encoding=UTF-8 com.test01.ForTest01

Host: Intel(R) Core(TM) i5-8250U CPU @ 1.60GHz, 8 cores, 7G,  Windows 11 , 64 bit Build 22621 (10.0.22621.3958)
Time: Mon Aug 19 16:41:24 2024  Windows 11 , 64 bit Build 22621 (10.0.22621.3958) elapsed time: 0.124115 seconds (0d 0h 0m 0s)

---------------  T H R E A D  ---------------

Current thread (0x000002349c343800):  JavaThread "Unknown thread" [_thread_in_vm, id=11772, stack(0x000000bf42500000,0x000000bf42600000)]

Stack: [0x000000bf42500000,0x000000bf42600000]
Native frames: (J=compiled Java code, j=interpreted, Vv=VM code, C=native code)
V  [jvm.dll+0x6461fa]
V  [jvm.dll+0x7da769]
V  [jvm.dll+0x7dbe69]
V  [jvm.dll+0x7dc553]
V  [jvm.dll+0x269b55]
V  [jvm.dll+0xb8f74]
V  [jvm.dll+0x2fcc98]
V  [jvm.dll+0x7b3867]
V  [jvm.dll+0x7b503f]
V  [jvm.dll+0x37fe89]
V  [jvm.dll+0x7959df]
V  [jvm.dll+0x3f07d7]
V  [jvm.dll+0x3f2d41]
C  [jli.dll+0x52ef]
C  [ucrtbase.dll+0x29333]
C  [KERNEL32.DLL+0x1257d]
C  [ntdll.dll+0x5af28]


---------------  P R O C E S S  ---------------

Threads class SMR info:
_java_thread_list=0x000002349a025d10, length=0, elements={
}

Java Threads: ( => current thread )

Other Threads:

=>0x000002349c343800 (exited) JavaThread "Unknown thread" [_thread_in_vm, id=11772, stack(0x000000bf42500000,0x000000bf42600000)]

Threads with active compile tasks:

VM state:not at safepoint (not fully initialized)

VM Mutex/Monitor currently owned by a thread: None


[error occurred during error reporting (printing compressed oops mode), id 0xc0000005, EXCEPTION_ACCESS_VIOLATION (0xc0000005) at pc=0x00007ff95fd54657]

GC Heap History (0 events):
No events

Deoptimization events (0 events):
No events

Classes redefined (0 events):
No events

Internal exceptions (0 events):
No events

Events (1 events):
Event: 0.097 Loaded shared library C:\Program Files\Amazon Corretto\jdk11.0.24_8\bin\zip.dll


Dynamic libraries:
0x00007ff6a3d70000 - 0x00007ff6a3d7e000 	C:\Program Files\Amazon Corretto\jdk11.0.24_8\bin\javaw.exe
0x00007ffa04070000 - 0x00007ffa04287000 	C:\WINDOWS\SYSTEM32\ntdll.dll
0x00007ffa02070000 - 0x00007ffa02134000 	C:\WINDOWS\System32\KERNEL32.DLL
0x00007ffa01410000 - 0x00007ffa017bd000 	C:\WINDOWS\System32\KERNELBASE.dll
0x00007ffa018d0000 - 0x00007ffa019e1000 	C:\WINDOWS\System32\ucrtbase.dll
0x00007ff9dc7a0000 - 0x00007ff9dc7b7000 	C:\Program Files\Amazon Corretto\jdk11.0.24_8\bin\jli.dll
0x00007ff9dcea0000 - 0x00007ff9dcebb000 	C:\Program Files\Amazon Corretto\jdk11.0.24_8\bin\VCRUNTIME140.dll
0x00007ffa01ec0000 - 0x00007ffa0206e000 	C:\WINDOWS\System32\USER32.dll
0x00007ffa01c00000 - 0x00007ffa01c26000 	C:\WINDOWS\System32\win32u.dll
0x00007ffa02280000 - 0x00007ffa022a9000 	C:\WINDOWS\System32\GDI32.dll
0x00007ffa01ae0000 - 0x00007ffa01bf9000 	C:\WINDOWS\System32\gdi32full.dll
0x00007ffa017c0000 - 0x00007ffa0185a000 	C:\WINDOWS\System32\msvcp_win.dll
0x00007ff9ed960000 - 0x00007ff9edbf3000 	C:\WINDOWS\WinSxS\amd64_microsoft.windows.common-controls_6595b64144ccf1df_6.0.22621.3672_none_2713b9d173822955\COMCTL32.dll
0x00007ffa03880000 - 0x00007ffa03927000 	C:\WINDOWS\System32\msvcrt.dll
0x00007ffa02140000 - 0x00007ffa02171000 	C:\WINDOWS\System32\IMM32.DLL
0x00007ff9fbf60000 - 0x00007ff9fbf6c000 	C:\Program Files\Amazon Corretto\jdk11.0.24_8\bin\vcruntime140_1.dll
0x00007ff9d6320000 - 0x00007ff9d63ad000 	C:\Program Files\Amazon Corretto\jdk11.0.24_8\bin\msvcp140.dll
0x00007ff95f5a0000 - 0x00007ff960165000 	C:\Program Files\Amazon Corretto\jdk11.0.24_8\bin\server\jvm.dll
0x00007ffa031c0000 - 0x00007ffa03272000 	C:\WINDOWS\System32\ADVAPI32.dll
0x00007ffa033f0000 - 0x00007ffa03499000 	C:\WINDOWS\System32\sechost.dll
0x00007ffa019f0000 - 0x00007ffa01a18000 	C:\WINDOWS\System32\bcrypt.dll
0x00007ffa01da0000 - 0x00007ffa01eb4000 	C:\WINDOWS\System32\RPCRT4.dll
0x00007ffa03280000 - 0x00007ffa03288000 	C:\WINDOWS\System32\PSAPI.DLL
0x00007ff9eb590000 - 0x00007ff9eb599000 	C:\WINDOWS\SYSTEM32\WSOCK32.dll
0x00007ff9fb420000 - 0x00007ff9fb454000 	C:\WINDOWS\SYSTEM32\WINMM.dll
0x00007ffa02180000 - 0x00007ffa021f1000 	C:\WINDOWS\System32\WS2_32.dll
0x00007ff9f7630000 - 0x00007ff9f763a000 	C:\WINDOWS\SYSTEM32\VERSION.dll
0x00007ffa00470000 - 0x00007ffa00488000 	C:\WINDOWS\SYSTEM32\kernel.appcore.dll
0x00007ff9f8c90000 - 0x00007ff9f8ca0000 	C:\Program Files\Amazon Corretto\jdk11.0.24_8\bin\verify.dll
0x00007ff9fecb0000 - 0x00007ff9feee2000 	C:\WINDOWS\SYSTEM32\DBGHELP.DLL
0x00007ffa03930000 - 0x00007ffa03cbd000 	C:\WINDOWS\System32\combase.dll
0x00007ffa03cc0000 - 0x00007ffa03d97000 	C:\WINDOWS\System32\OLEAUT32.dll
0x00007ff9e5900000 - 0x00007ff9e5932000 	C:\WINDOWS\SYSTEM32\dbgcore.DLL
0x00007ffa01390000 - 0x00007ffa0140b000 	C:\WINDOWS\System32\bcryptPrimitives.dll
0x00007ff9db9a0000 - 0x00007ff9db9c8000 	C:\Program Files\Amazon Corretto\jdk11.0.24_8\bin\java.dll
0x00007ff9f8420000 - 0x00007ff9f842a000 	C:\Program Files\Amazon Corretto\jdk11.0.24_8\bin\jimage.dll
0x00007ff9db900000 - 0x00007ff9db918000 	C:\Program Files\Amazon Corretto\jdk11.0.24_8\bin\zip.dll

dbghelp: loaded successfully - version: 4.0.5 - missing functions: none
symbol engine: initialized successfully - sym options: 0x614 - pdb path: .;C:\Program Files\Amazon Corretto\jdk11.0.24_8\bin;C:\WINDOWS\SYSTEM32;C:\WINDOWS\WinSxS\amd64_microsoft.windows.common-controls_6595b64144ccf1df_6.0.22621.3672_none_2713b9d173822955;C:\Program Files\Amazon Corretto\jdk11.0.24_8\bin\server

VM Arguments:
jvm_args: -Dfile.encoding=UTF-8 
java_command: com.test01.ForTest01
java_class_path (initial): C:\Users\ows71\OneDrive\πŸ≈¡ »≠∏È\02_java\Java07_For\bin
Launcher Type: SUN_STANDARD

[Global flags]
     intx CICompilerCount                          = 4                                         {product} {ergonomic}
     uint G1ConcRefinementThreads                  = 8                                         {product} {ergonomic}
   size_t G1HeapRegionSize                         = 1048576                                   {product} {ergonomic}
    uintx GCDrainStackTargetSize                   = 64                                        {product} {ergonomic}
   size_t InitialHeapSize                          = 134217728                                 {product} {ergonomic}
   size_t MaxHeapSize                              = 2126512128                                {product} {ergonomic}
   size_t MinHeapDeltaBytes                        = 1048576                                   {product} {ergonomic}
    uintx NonNMethodCodeHeapSize                   = 5836300                                {pd product} {ergonomic}
    uintx NonProfiledCodeHeapSize                  = 122910970                              {pd product} {ergonomic}
    uintx ProfiledCodeHeapSize                     = 122910970                              {pd product} {ergonomic}
    uintx ReservedCodeCacheSize                    = 251658240                              {pd product} {ergonomic}
     bool SegmentedCodeCache                       = true                                      {product} {ergonomic}
     bool UseCompressedClassPointers               = true                                 {lp64_product} {ergonomic}
     bool UseCompressedOops                        = true                                 {lp64_product} {ergonomic}
     bool UseG1GC                                  = true                                      {product} {ergonomic}
     bool UseLargePagesIndividualAllocation        = false                                  {pd product} {ergonomic}

Logging:
Log output configuration:
 #0: stdout all=warning uptime,level,tags
 #1: stderr all=off uptime,level,tags

Environment Variables:
JAVA_HOME=C:\Program Files\Amazon Corretto\jdk11.0.24_8
PATH=C:/Users/ows71/OneDrive/πŸ≈¡ »≠∏È/02_java/eclipse//plugins/org.eclipse.justj.openjdk.hotspot.jre.full.win32.x86_64_17.0.3.v20220515-1416/jre/bin/server;C:/Users/ows71/OneDrive/πŸ≈¡ »≠∏È/02_java/eclipse//plugins/org.eclipse.justj.openjdk.hotspot.jre.full.win32.x86_64_17.0.3.v20220515-1416/jre/bin;C:\Program Files\Amazon Corretto\jdk11.0.24_8\bin;C:\Program Files (x86)\Windows Resource Kits\Tools\;C:\Program Files (x86)\Intel\Intel(R) Management Engine Components\iCLS\;C:\Program Files\Intel\Intel(R) Management Engine Components\iCLS\;C:\Program Files\Common Files\Oracle\Java\javapath;C:\WINDOWS\system32;C:\WINDOWS;C:\WINDOWS\System32\Wbem;C:\WINDOWS\System32\WindowsPowerShell\v1.0\;C:\WINDOWS\System32\OpenSSH\;C:\Program Files\Intel\WiFi\bin\;C:\Program Files\Common Files\Intel\WirelessCommon\;C:\Program Files\Git\cmd;C:\Program Files\Java\jdk-15.0.2\bin;C:\Program Files\dotnet\;C:\Program Files (x86)\Intel\Intel(R) Management Engine Components\DAL;C:\Program Files\Intel\Intel(R) Management Engine Components\DAL;C:\Program Files\nodejs\;C:\Users\ows71\anaconda3;C:\Users\ows71\anaconda3\Library\mingw-w64\bin;C:\Users\ows71\anaconda3\Library\usr\bin;C:\Users\ows71\anaconda3\Library\bin;C:\Users\ows71\anaconda3\Scripts;C:\Program Files\MySQL\MySQL Shell 8.0\bin\;C:\Users\ows71\AppData\Local\Programs\Python\Python36-32\Scripts\;C:\Users\ows71\AppData\Local\Programs\Python\Python36-32\;C:\Users\ows71\AppData\Local\Microsoft\WindowsApps;C:\Users\ows71\.dotnet\tools;C:\Users\ows71\AppData\Local\Programs\Microsoft VS Code\bin;C:\Users\ows71\AppData\Local\atom\bin;C:\Users\ows71\AppData\Roaming\npm;%USERPROFILE%\AppData\Local\Microsoft\WindowsApps;;C:\Users\ows71\OneDrive\πŸ≈¡ »≠∏È\02_java\eclipse;
USERNAME=ows710
TMPDIR=C:\Users\Public\Documents\Wondershare\CreatorTemp
OS=Windows_NT
PROCESSOR_IDENTIFIER=Intel64 Family 6 Model 142 Stepping 10, GenuineIntel
TMP=C:\Users\ows71\AppData\Local\Temp
TEMP=C:\Users\ows71\AppData\Local\Temp



---------------  S Y S T E M  ---------------

OS: Windows 11 , 64 bit Build 22621 (10.0.22621.3958)
OS uptime: 0 days 7:45 hours
Hyper-V role detected

CPU:total 8 (initial active 8) (4 cores per cpu, 2 threads per core) family 6 model 142 stepping 10 microcode 0xe0, cmov, cx8, fxsr, mmx, sse, sse2, sse3, ssse3, sse4.1, sse4.2, popcnt, avx, avx2, aes, clmul, erms, 3dnowpref, lzcnt, ht, tsc, tscinvbit, bmi1, bmi2, adx, fma

Memory: 4k page, system-wide physical 8107M (311M free)
TotalPageFile size 32683M (AvailPageFile size 5M)
current process WorkingSet (physical memory assigned to process): 11M, peak: 11M
current process commit charge ("private bytes"): 12M, peak: 13M

vm_info: OpenJDK 64-Bit Server VM (11.0.24+8-LTS) for windows-amd64 JRE (11.0.24+8-LTS), built on Jul  9 2024 22:03:43 by "Administrator" with MS VC++ 16.10 / 16.11 (VS2019)

END.
