#
# There is insufficient memory for the Java Runtime Environment to continue.
# Native memory allocation (mmap) failed to map 70254592 bytes for G1 virtual space
# Possible reasons:
#   The system is out of physical RAM or swap space
#   The process is running with CompressedOops enabled, and the Java Heap may be blocking the growth of the native heap
# Possible solutions:
#   Reduce memory load on the system
#   Increase physical memory or swap space
#   Check if swap backing store is full
#   Decrease Java heap size (-Xmx/-Xms)
#   Decrease number of Java threads
#   Decrease Java thread stack sizes (-Xss)
#   Set larger code cache with -XX:ReservedCodeCacheSize=
#   JVM is running with Unscaled Compressed Oops mode in which the Java heap is
#     placed in the first 4GB address space. The Java Heap base address is the
#     maximum limit for the native heap growth. Please use -XX:HeapBaseMinAddress
#     to set the Java Heap base and to place the Java Heap above 4GB virtual address.
# This output file may be truncated or incomplete.
#
#  Out of Memory Error (os_windows.cpp:3535), pid=25320, tid=7760
#
# JRE version: OpenJDK Runtime Environment Temurin-17.0.3+7 (17.0.3+7) (build 17.0.3+7)
# Java VM: OpenJDK 64-Bit Server VM Temurin-17.0.3+7 (17.0.3+7, mixed mode, tiered, compressed oops, compressed class ptrs, g1 gc, windows-amd64)
# No core dump will be written. Minidumps are not enabled by default on client versions of Windows
#

---------------  S U M M A R Y ------------

Command Line: -Dosgi.requiredJavaVersion=11 -Dosgi.instance.area.default=@user.home/eclipse-workspace -XX:+UseG1GC -XX:+UseStringDeduplication --add-modules=ALL-SYSTEM -Dosgi.requiredJavaVersion=11 -Dosgi.dataAreaRequiresExplicitInit=true -Dorg.eclipse.swt.graphics.Resource.reportNonDisposed=true -Xms256m -Xmx2048m --add-modules=ALL-SYSTEM Eclipse

Host: Intel(R) Core(TM) i5-8250U CPU @ 1.60GHz, 8 cores, 7G,  Windows 11 , 64 bit Build 22621 (10.0.22621.3958)
Time: Mon Sep 30 16:20:23 2024  Windows 11 , 64 bit Build 22621 (10.0.22621.3958) elapsed time: 32.662622 seconds (0d 0h 0m 32s)

---------------  T H R E A D  ---------------

Current thread (0x000001d5bfdb3d30):  VMThread "VM Thread" [stack: 0x0000009d28400000,0x0000009d28500000] [id=7760]

Stack: [0x0000009d28400000,0x0000009d28500000]
Native frames: (J=compiled Java code, j=interpreted, Vv=VM code, C=native code)
V  [jvm.dll+0x675efa]
V  [jvm.dll+0x830a24]
V  [jvm.dll+0x8321ce]
V  [jvm.dll+0x832833]
V  [jvm.dll+0x2454b5]
V  [jvm.dll+0x672de9]
V  [jvm.dll+0x667732]
V  [jvm.dll+0x3043ab]
V  [jvm.dll+0x30b8f6]
V  [jvm.dll+0x35b62e]
V  [jvm.dll+0x35b85f]
V  [jvm.dll+0x2db248]
V  [jvm.dll+0x2de2d6]
V  [jvm.dll+0x2e8998]
V  [jvm.dll+0x31cc40]
V  [jvm.dll+0x836cdb]
V  [jvm.dll+0x837a14]
V  [jvm.dll+0x837f2c]
V  [jvm.dll+0x838304]
V  [jvm.dll+0x8383d0]
V  [jvm.dll+0x7e0cfa]
V  [jvm.dll+0x674d85]
C  [ucrtbase.dll+0x29333]
C  [KERNEL32.DLL+0x1257d]
C  [ntdll.dll+0x5af28]

VM_Operation (0x0000009d27fffa30): G1Concurrent, mode: safepoint, requested by thread 0x000001d5bd27a170


---------------  P R O C E S S  ---------------

Threads class SMR info:
_java_thread_list=0x000001d5c0fa0a20, length=41, elements={
0x000001d5a5cfa8e0, 0x000001d5bfd89d90, 0x000001d5bfd97de0, 0x000001d5bfdf32e0,
0x000001d5bfdf53e0, 0x000001d5bfe28430, 0x000001d5bfe2d310, 0x000001d5bfe37930,
0x000001d5bfe38230, 0x000001d5bfe4af10, 0x000001d5bfd50090, 0x000001d5c0076010,
0x000001d5c528c340, 0x000001d5c55e0e70, 0x000001d5c55e1340, 0x000001d5c55dde50,
0x000001d5c55d6770, 0x000001d5c55d6c40, 0x000001d5c55d75e0, 0x000001d5c55d7ab0,
0x000001d5c55d8920, 0x000001d5c55d7f80, 0x000001d5c964c350, 0x000001d5c964eea0,
0x000001d5c5660700, 0x000001d5c565e550, 0x000001d5c565f3c0, 0x000001d5c5660230,
0x000001d5c56610a0, 0x000001d5c5661570, 0x000001d5c56623e0, 0x000001d5c5661f10,
0x000001d5c565fd60, 0x000001d5c565bed0, 0x000001d5c565d6e0, 0x000001d5c565e080,
0x000001d5c5660bd0, 0x000001d5c7744540, 0x000001d5c728a400, 0x000001d5c1127870,
0x000001d5c9649c40
}

Java Threads: ( => current thread )
  0x000001d5a5cfa8e0 JavaThread "main" [_thread_blocked, id=13748, stack(0x0000009d27680000,0x0000009d27780000)]
  0x000001d5bfd89d90 JavaThread "Reference Handler" daemon [_thread_blocked, id=13544, stack(0x0000009d28500000,0x0000009d28600000)]
  0x000001d5bfd97de0 JavaThread "Finalizer" daemon [_thread_blocked, id=20528, stack(0x0000009d28600000,0x0000009d28700000)]
  0x000001d5bfdf32e0 JavaThread "Signal Dispatcher" daemon [_thread_blocked, id=24288, stack(0x0000009d28700000,0x0000009d28800000)]
  0x000001d5bfdf53e0 JavaThread "Attach Listener" daemon [_thread_blocked, id=15144, stack(0x0000009d28800000,0x0000009d28900000)]
  0x000001d5bfe28430 JavaThread "Service Thread" daemon [_thread_blocked, id=20140, stack(0x0000009d28900000,0x0000009d28a00000)]
  0x000001d5bfe2d310 JavaThread "Monitor Deflation Thread" daemon [_thread_blocked, id=20272, stack(0x0000009d28a00000,0x0000009d28b00000)]
  0x000001d5bfe37930 JavaThread "C2 CompilerThread0" daemon [_thread_blocked, id=23620, stack(0x0000009d28b00000,0x0000009d28c00000)]
  0x000001d5bfe38230 JavaThread "C1 CompilerThread0" daemon [_thread_blocked, id=11984, stack(0x0000009d28c00000,0x0000009d28d00000)]
  0x000001d5bfe4af10 JavaThread "Sweeper thread" daemon [_thread_blocked, id=21712, stack(0x0000009d28d00000,0x0000009d28e00000)]
  0x000001d5bfd50090 JavaThread "Common-Cleaner" daemon [_thread_blocked, id=5884, stack(0x0000009d28e00000,0x0000009d28f00000)]
  0x000001d5c0076010 JavaThread "Notification Thread" daemon [_thread_blocked, id=24696, stack(0x0000009d29000000,0x0000009d29100000)]
  0x000001d5c528c340 JavaThread "Active Thread: Equinox Container: 90183fd4-5664-4810-ad36-41f1ec0f434e" [_thread_blocked, id=5812, stack(0x0000009d29f00000,0x0000009d2a000000)]
  0x000001d5c55e0e70 JavaThread "Framework Event Dispatcher: Equinox Container: 90183fd4-5664-4810-ad36-41f1ec0f434e" daemon [_thread_blocked, id=6248, stack(0x0000009d2a000000,0x0000009d2a100000)]
  0x000001d5c55e1340 JavaThread "Start Level: Equinox Container: 90183fd4-5664-4810-ad36-41f1ec0f434e" daemon [_thread_blocked, id=16072, stack(0x0000009d2a100000,0x0000009d2a200000)]
  0x000001d5c55dde50 JavaThread "SCR Component Actor" daemon [_thread_blocked, id=17220, stack(0x0000009d2a200000,0x0000009d2a300000)]
  0x000001d5c55d6770 JavaThread "EMF Reference Cleaner" daemon [_thread_blocked, id=24204, stack(0x0000009d2a400000,0x0000009d2a500000)]
  0x000001d5c55d6c40 JavaThread "Worker-JM" [_thread_blocked, id=15432, stack(0x0000009d28f00000,0x0000009d29000000)]
  0x000001d5c55d75e0 JavaThread "Gogo shell" [_thread_blocked, id=13084, stack(0x0000009d2a800000,0x0000009d2a900000)]
  0x000001d5c55d7ab0 JavaThread "Bundle File Closer" daemon [_thread_blocked, id=6384, stack(0x0000009d2ad00000,0x0000009d2ae00000)]
  0x000001d5c55d8920 JavaThread "Worker-0" [_thread_blocked, id=21808, stack(0x0000009d2ae00000,0x0000009d2af00000)]
  0x000001d5c55d7f80 JavaThread "Git Repository Closer" daemon [_thread_blocked, id=2676, stack(0x0000009d2af00000,0x0000009d2b000000)]
  0x000001d5c964c350 JavaThread "Java indexing" daemon [_thread_blocked, id=10480, stack(0x0000009d2a600000,0x0000009d2a700000)]
  0x000001d5c964eea0 JavaThread "ForkJoinPool.commonPool-worker-1" daemon [_thread_blocked, id=15624, stack(0x0000009d2b100000,0x0000009d2b200000)]
  0x000001d5c5660700 JavaThread "EventAdmin Async Event Dispatcher Thread" daemon [_thread_blocked, id=24580, stack(0x0000009d2a700000,0x0000009d2a800000)]
  0x000001d5c565e550 JavaThread "Worker-1: Java indexing... " [_thread_blocked, id=14284, stack(0x0000009d2b000000,0x0000009d2b100000)]
  0x000001d5c565f3c0 JavaThread "Worker-2: JSP Index Manager: Processing Resource Events" [_thread_blocked, id=23996, stack(0x0000009d2b200000,0x0000009d2b300000)]
  0x000001d5c5660230 JavaThread "Worker-3" [_thread_blocked, id=15096, stack(0x0000009d2b300000,0x0000009d2b400000)]
  0x000001d5c56610a0 JavaThread "Worker-4" [_thread_blocked, id=10472, stack(0x0000009d2b400000,0x0000009d2b500000)]
  0x000001d5c5661570 JavaThread "Worker-5: Deferred Early Start" [_thread_blocked, id=5568, stack(0x0000009d2b500000,0x0000009d2b600000)]
  0x000001d5c56623e0 JavaThread "Worker-6: Validation" [_thread_blocked, id=4124, stack(0x0000009d2b600000,0x0000009d2b700000)]
  0x000001d5c5661f10 JavaThread "Worker-7" [_thread_blocked, id=10088, stack(0x0000009d2b700000,0x0000009d2b800000)]
  0x000001d5c565fd60 JavaThread "Worker-8: Computing Git status for repository FullStack" [_thread_blocked, id=11656, stack(0x0000009d2b800000,0x0000009d2b900000)]
  0x000001d5c565bed0 JavaThread "Worker-9" [_thread_blocked, id=13020, stack(0x0000009d2b900000,0x0000009d2ba00000)]
  0x000001d5c565d6e0 JavaThread "pool-1-thread-1" [_thread_blocked, id=16828, stack(0x0000009d2ba00000,0x0000009d2bb00000)]
  0x000001d5c565e080 JavaThread "pool-2-thread-1" [_thread_blocked, id=11832, stack(0x0000009d2bb00000,0x0000009d2bc00000)]
  0x000001d5c5660bd0 JavaThread "JGit-FileStoreAttributeReader-1" daemon [_thread_blocked, id=16784, stack(0x0000009d2bc00000,0x0000009d2bd00000)]
  0x000001d5c7744540 JavaThread "JavaScript indexing" daemon [_thread_blocked, id=5608, stack(0x0000009d2a300000,0x0000009d2a400000)]
  0x000001d5c728a400 JavaThread "Timer-1" [_thread_blocked, id=23232, stack(0x0000009d2bd00000,0x0000009d2be00000)]
  0x000001d5c1127870 JavaThread "ForkJoinPool.commonPool-worker-2" daemon [_thread_blocked, id=7308, stack(0x0000009d2be00000,0x0000009d2bf00000)]
  0x000001d5c9649c40 JavaThread "pool-3-thread-1" [_thread_in_native, id=18928, stack(0x0000009d2bf00000,0x0000009d2c000000)]

Other Threads:
=>0x000001d5bfdb3d30 VMThread "VM Thread" [stack: 0x0000009d28400000,0x0000009d28500000] [id=7760]
  0x000001d5bffdc640 WatcherThread [stack: 0x0000009d29100000,0x0000009d29200000] [id=21508]
  0x000001d5bd270920 GCTaskThread "GC Thread#0" [stack: 0x0000009d27d00000,0x0000009d27e00000] [id=12736]
  0x000001d5c52617b0 GCTaskThread "GC Thread#1" [stack: 0x0000009d29200000,0x0000009d29300000] [id=13608]
  0x000001d5c52e2e60 GCTaskThread "GC Thread#2" [stack: 0x0000009d29300000,0x0000009d29400000] [id=20732]
  0x000001d5c53e2cb0 GCTaskThread "GC Thread#3" [stack: 0x0000009d29400000,0x0000009d29500000] [id=16624]
  0x000001d5c53e2f60 GCTaskThread "GC Thread#4" [stack: 0x0000009d29500000,0x0000009d29600000] [id=24924]
  0x000001d5c53e3210 GCTaskThread "GC Thread#5" [stack: 0x0000009d29600000,0x0000009d29700000] [id=25120]
  0x000001d5c0e07580 GCTaskThread "GC Thread#6" [stack: 0x0000009d29700000,0x0000009d29800000] [id=16132]
  0x000001d5c5342dd0 GCTaskThread "GC Thread#7" [stack: 0x0000009d29800000,0x0000009d29900000] [id=22196]
  0x000001d5bd27a170 ConcurrentGCThread "G1 Main Marker" [stack: 0x0000009d27f00000,0x0000009d28000000] [id=15392]
  0x000001d5bd27aa20 ConcurrentGCThread "G1 Conc#0" [stack: 0x0000009d28000000,0x0000009d28100000] [id=16520]
  0x000001d5c59ba000 ConcurrentGCThread "G1 Conc#1" [stack: 0x0000009d2a500000,0x0000009d2a600000] [id=14476]
  0x000001d5bd3768e0 ConcurrentGCThread "G1 Refine#0" [stack: 0x0000009d28100000,0x0000009d28200000] [id=17308]
  0x000001d5c5343080 ConcurrentGCThread "G1 Refine#1" [stack: 0x0000009d29900000,0x0000009d29a00000] [id=24736]
  0x000001d5c54c4160 ConcurrentGCThread "G1 Refine#2" [stack: 0x0000009d29a00000,0x0000009d29b00000] [id=21524]
  0x000001d5c13fb700 ConcurrentGCThread "G1 Refine#3" [stack: 0x0000009d29b00000,0x0000009d29c00000] [id=10392]
  0x000001d5c1097b80 ConcurrentGCThread "G1 Refine#4" [stack: 0x0000009d29c00000,0x0000009d29d00000] [id=14088]
  0x000001d5c1097e60 ConcurrentGCThread "G1 Refine#5" [stack: 0x0000009d29d00000,0x0000009d29e00000] [id=25500]
  0x000001d5c11e84c0 ConcurrentGCThread "G1 Refine#6" [stack: 0x0000009d29e00000,0x0000009d29f00000] [id=3964]
  0x000001d5bd3794b0 ConcurrentGCThread "G1 Service" [stack: 0x0000009d28200000,0x0000009d28300000] [id=16848]
  0x000001d5bd446b10 ConcurrentGCThread "StringDedupProcessor" [stack: 0x0000009d28300000,0x0000009d28400000] [id=1980]

Threads with active compile tasks:
C2 CompilerThread0    33179 11290 %     4       org.eclipse.jdt.internal.core.search.indexing.BinaryIndexer::extractReferenceFromConstantPool @ 311 (341 bytes)

VM state: at safepoint (normal execution)

VM Mutex/Monitor currently owned by a thread:  ([mutex/lock_event])
[0x000001d5a5cf9310] Threads_lock - owner thread: 0x000001d5bfdb3d30
[0x000001d5a5cf91f0] Heap_lock - owner thread: 0x000001d5bd27a170

Heap address: 0x0000000080000000, size: 2048 MB, Compressed Oops mode: 32-bit

CDS archive(s) not mapped
Compressed class space mapped at: 0x0000000100000000-0x0000000140000000, reserved size: 1073741824
Narrow klass base: 0x0000000000000000, Narrow klass shift: 3, Narrow klass range: 0x140000000

GC Precious Log:
 CPUs: 8 total, 8 available
 Memory: 8107M
 Large Page Support: Disabled
 NUMA Support: Disabled
 Compressed Oops: Enabled (32-bit)
 Heap Region Size: 1M
 Heap Min Capacity: 256M
 Heap Initial Capacity: 256M
 Heap Max Capacity: 2G
 Pre-touch: Disabled
 Parallel Workers: 8
 Concurrent Workers: 2
 Concurrent Refinement Workers: 8
 Periodic GC: Disabled
 String Deduplication is enabled

Heap:
 garbage-first heap   total 332800K, used 239359K [0x0000000080000000, 0x0000000100000000)
  region size 1024K, 71 young (72704K), 12 survivors (12288K)
 Metaspace       used 99945K, committed 102528K, reserved 1138688K
  class space    used 11451K, committed 12480K, reserved 1048576K

Heap Regions: E=young(eden), S=young(survivor), O=old, HS=humongous(starts), HC=humongous(continues), CS=collection set, F=free, OA=open archive, CA=closed archive, TAMS=top-at-mark-start (previous, next)
|   0|0x0000000080000000, 0x0000000080100000, 0x0000000080100000|100%| O|  |TAMS 0x0000000080100000, 0x0000000080000000| Untracked 
|   1|0x0000000080100000, 0x0000000080200000, 0x0000000080200000|100%| O|  |TAMS 0x0000000080200000, 0x0000000080100000| Untracked 
|   2|0x0000000080200000, 0x0000000080300000, 0x0000000080300000|100%| O|  |TAMS 0x0000000080300000, 0x0000000080200000| Untracked 
|   3|0x0000000080300000, 0x0000000080400000, 0x0000000080400000|100%| O|  |TAMS 0x0000000080400000, 0x0000000080300000| Untracked 
|   4|0x0000000080400000, 0x0000000080500000, 0x0000000080500000|100%| O|  |TAMS 0x0000000080500000, 0x0000000080400000| Untracked 
|   5|0x0000000080500000, 0x0000000080600000, 0x0000000080600000|100%| O|  |TAMS 0x0000000080600000, 0x0000000080500000| Untracked 
|   6|0x0000000080600000, 0x0000000080700000, 0x0000000080700000|100%| O|  |TAMS 0x0000000080700000, 0x0000000080600000| Updating 
|   7|0x0000000080700000, 0x0000000080800000, 0x0000000080800000|100%| O|  |TAMS 0x0000000080800000, 0x0000000080700000| Untracked 
|   8|0x0000000080800000, 0x0000000080900000, 0x0000000080900000|100%| O|  |TAMS 0x0000000080900000, 0x0000000080800000| Untracked 
|   9|0x0000000080900000, 0x0000000080a00000, 0x0000000080a00000|100%| O|  |TAMS 0x0000000080a00000, 0x0000000080900000| Untracked 
|  10|0x0000000080a00000, 0x0000000080b00000, 0x0000000080b00000|100%| O|  |TAMS 0x0000000080b00000, 0x0000000080a00000| Untracked 
|  11|0x0000000080b00000, 0x0000000080c00000, 0x0000000080c00000|100%| O|  |TAMS 0x0000000080c00000, 0x0000000080b00000| Updating 
|  12|0x0000000080c00000, 0x0000000080d00000, 0x0000000080d00000|100%| O|  |TAMS 0x0000000080d00000, 0x0000000080c00000| Untracked 
|  13|0x0000000080d00000, 0x0000000080e00000, 0x0000000080e00000|100%| O|  |TAMS 0x0000000080e00000, 0x0000000080d00000| Untracked 
|  14|0x0000000080e00000, 0x0000000080f00000, 0x0000000080f00000|100%| O|  |TAMS 0x0000000080f00000, 0x0000000080e00000| Updating 
|  15|0x0000000080f00000, 0x0000000081000000, 0x0000000081000000|100%| O|  |TAMS 0x0000000081000000, 0x0000000080f00000| Updating 
|  16|0x0000000081000000, 0x0000000081100000, 0x0000000081100000|100%| O|  |TAMS 0x0000000081100000, 0x0000000081000000| Untracked 
|  17|0x0000000081100000, 0x0000000081200000, 0x0000000081200000|100%|HS|  |TAMS 0x0000000081200000, 0x0000000081100000| Complete 
|  18|0x0000000081200000, 0x0000000081300000, 0x0000000081300000|100%|HS|  |TAMS 0x0000000081300000, 0x0000000081200000| Complete 
|  19|0x0000000081300000, 0x0000000081300000, 0x0000000081400000|  0%| F|  |TAMS 0x0000000081300000, 0x0000000081300000| Untracked 
|  20|0x0000000081400000, 0x0000000081500000, 0x0000000081500000|100%| O|  |TAMS 0x0000000081500000, 0x0000000081400000| Untracked 
|  21|0x0000000081500000, 0x0000000081600000, 0x0000000081600000|100%| O|  |TAMS 0x0000000081600000, 0x0000000081500000| Updating 
|  22|0x0000000081600000, 0x0000000081700000, 0x0000000081700000|100%| O|  |TAMS 0x0000000081700000, 0x0000000081600000| Updating 
|  23|0x0000000081700000, 0x0000000081800000, 0x0000000081800000|100%| O|  |TAMS 0x0000000081800000, 0x0000000081700000| Untracked 
|  24|0x0000000081800000, 0x0000000081900000, 0x0000000081900000|100%|HS|  |TAMS 0x0000000081900000, 0x0000000081800000| Complete 
|  25|0x0000000081900000, 0x0000000081a00000, 0x0000000081a00000|100%| O|  |TAMS 0x0000000081a00000, 0x0000000081900000| Untracked 
|  26|0x0000000081a00000, 0x0000000081b00000, 0x0000000081b00000|100%| O|  |TAMS 0x0000000081b00000, 0x0000000081a00000| Untracked 
|  27|0x0000000081b00000, 0x0000000081c00000, 0x0000000081c00000|100%| O|  |TAMS 0x0000000081c00000, 0x0000000081b00000| Untracked 
|  28|0x0000000081c00000, 0x0000000081d00000, 0x0000000081d00000|100%| O|  |TAMS 0x0000000081d00000, 0x0000000081c00000| Untracked 
|  29|0x0000000081d00000, 0x0000000081e00000, 0x0000000081e00000|100%| O|  |TAMS 0x0000000081e00000, 0x0000000081d00000| Untracked 
|  30|0x0000000081e00000, 0x0000000081f00000, 0x0000000081f00000|100%| O|  |TAMS 0x0000000081f00000, 0x0000000081e00000| Untracked 
|  31|0x0000000081f00000, 0x0000000082000000, 0x0000000082000000|100%| O|  |TAMS 0x0000000082000000, 0x0000000081f00000| Untracked 
|  32|0x0000000082000000, 0x0000000082100000, 0x0000000082100000|100%| O|  |TAMS 0x0000000082100000, 0x0000000082000000| Untracked 
|  33|0x0000000082100000, 0x0000000082200000, 0x0000000082200000|100%| O|  |TAMS 0x0000000082200000, 0x0000000082100000| Untracked 
|  34|0x0000000082200000, 0x0000000082300000, 0x0000000082300000|100%| O|  |TAMS 0x0000000082300000, 0x0000000082200000| Untracked 
|  35|0x0000000082300000, 0x0000000082400000, 0x0000000082400000|100%| O|  |TAMS 0x0000000082400000, 0x0000000082300000| Updating 
|  36|0x0000000082400000, 0x0000000082500000, 0x0000000082500000|100%| O|  |TAMS 0x0000000082500000, 0x0000000082400000| Updating 
|  37|0x0000000082500000, 0x0000000082600000, 0x0000000082600000|100%| O|  |TAMS 0x0000000082600000, 0x0000000082500000| Updating 
|  38|0x0000000082600000, 0x0000000082700000, 0x0000000082700000|100%| O|  |TAMS 0x0000000082700000, 0x0000000082600000| Untracked 
|  39|0x0000000082700000, 0x0000000082800000, 0x0000000082800000|100%| O|  |TAMS 0x0000000082800000, 0x0000000082700000| Updating 
|  40|0x0000000082800000, 0x0000000082900000, 0x0000000082900000|100%| O|  |TAMS 0x0000000082900000, 0x0000000082800000| Updating 
|  41|0x0000000082900000, 0x0000000082a00000, 0x0000000082a00000|100%| O|  |TAMS 0x0000000082a00000, 0x0000000082900000| Untracked 
|  42|0x0000000082a00000, 0x0000000082b00000, 0x0000000082b00000|100%| O|  |TAMS 0x0000000082b00000, 0x0000000082a00000| Untracked 
|  43|0x0000000082b00000, 0x0000000082c00000, 0x0000000082c00000|100%| O|  |TAMS 0x0000000082c00000, 0x0000000082b00000| Untracked 
|  44|0x0000000082c00000, 0x0000000082d00000, 0x0000000082d00000|100%| O|  |TAMS 0x0000000082d00000, 0x0000000082c00000| Untracked 
|  45|0x0000000082d00000, 0x0000000082e00000, 0x0000000082e00000|100%| O|  |TAMS 0x0000000082e00000, 0x0000000082d00000| Untracked 
|  46|0x0000000082e00000, 0x0000000082f00000, 0x0000000082f00000|100%| O|  |TAMS 0x0000000082f00000, 0x0000000082e00000| Untracked 
|  47|0x0000000082f00000, 0x0000000083000000, 0x0000000083000000|100%| O|  |TAMS 0x0000000083000000, 0x0000000082f00000| Untracked 
|  48|0x0000000083000000, 0x0000000083100000, 0x0000000083100000|100%| O|  |TAMS 0x0000000083100000, 0x0000000083000000| Untracked 
|  49|0x0000000083100000, 0x0000000083200000, 0x0000000083200000|100%| O|  |TAMS 0x0000000083200000, 0x0000000083100000| Untracked 
|  50|0x0000000083200000, 0x0000000083300000, 0x0000000083300000|100%| O|  |TAMS 0x0000000083300000, 0x0000000083200000| Untracked 
|  51|0x0000000083300000, 0x0000000083400000, 0x0000000083400000|100%| O|  |TAMS 0x0000000083400000, 0x0000000083300000| Updating 
|  52|0x0000000083400000, 0x0000000083500000, 0x0000000083500000|100%| O|  |TAMS 0x0000000083500000, 0x0000000083400000| Updating 
|  53|0x0000000083500000, 0x0000000083600000, 0x0000000083600000|100%| O|  |TAMS 0x0000000083600000, 0x0000000083500000| Untracked 
|  54|0x0000000083600000, 0x0000000083700000, 0x0000000083700000|100%| O|  |TAMS 0x0000000083700000, 0x0000000083600000| Untracked 
|  55|0x0000000083700000, 0x0000000083800000, 0x0000000083800000|100%| O|  |TAMS 0x0000000083800000, 0x0000000083700000| Untracked 
|  56|0x0000000083800000, 0x0000000083900000, 0x0000000083900000|100%| O|  |TAMS 0x0000000083900000, 0x0000000083800000| Untracked 
|  57|0x0000000083900000, 0x0000000083a00000, 0x0000000083a00000|100%| O|  |TAMS 0x0000000083a00000, 0x0000000083900000| Updating 
|  58|0x0000000083a00000, 0x0000000083b00000, 0x0000000083b00000|100%| O|  |TAMS 0x0000000083b00000, 0x0000000083a00000| Updating 
|  59|0x0000000083b00000, 0x0000000083c00000, 0x0000000083c00000|100%| O|  |TAMS 0x0000000083c00000, 0x0000000083b00000| Updating 
|  60|0x0000000083c00000, 0x0000000083d00000, 0x0000000083d00000|100%| O|  |TAMS 0x0000000083d00000, 0x0000000083c00000| Updating 
|  61|0x0000000083d00000, 0x0000000083e00000, 0x0000000083e00000|100%| O|  |TAMS 0x0000000083e00000, 0x0000000083d00000| Updating 
|  62|0x0000000083e00000, 0x0000000083f00000, 0x0000000083f00000|100%| O|  |TAMS 0x0000000083f00000, 0x0000000083e00000| Updating 
|  63|0x0000000083f00000, 0x0000000084000000, 0x0000000084000000|100%| O|  |TAMS 0x0000000084000000, 0x0000000083f00000| Updating 
|  64|0x0000000084000000, 0x0000000084100000, 0x0000000084100000|100%| O|  |TAMS 0x0000000084100000, 0x0000000084000000| Updating 
|  65|0x0000000084100000, 0x0000000084200000, 0x0000000084200000|100%| O|  |TAMS 0x0000000084200000, 0x0000000084100000| Updating 
|  66|0x0000000084200000, 0x0000000084300000, 0x0000000084300000|100%| O|  |TAMS 0x0000000084300000, 0x0000000084200000| Updating 
|  67|0x0000000084300000, 0x0000000084400000, 0x0000000084400000|100%| O|  |TAMS 0x0000000084400000, 0x0000000084300000| Untracked 
|  68|0x0000000084400000, 0x0000000084500000, 0x0000000084500000|100%| O|  |TAMS 0x0000000084500000, 0x0000000084400000| Updating 
|  69|0x0000000084500000, 0x0000000084600000, 0x0000000084600000|100%| O|  |TAMS 0x0000000084600000, 0x0000000084500000| Untracked 
|  70|0x0000000084600000, 0x0000000084700000, 0x0000000084700000|100%| O|  |TAMS 0x0000000084700000, 0x0000000084600000| Untracked 
|  71|0x0000000084700000, 0x0000000084800000, 0x0000000084800000|100%| O|  |TAMS 0x0000000084800000, 0x0000000084700000| Untracked 
|  72|0x0000000084800000, 0x0000000084900000, 0x0000000084900000|100%| O|  |TAMS 0x0000000084900000, 0x0000000084800000| Untracked 
|  73|0x0000000084900000, 0x0000000084a00000, 0x0000000084a00000|100%| O|  |TAMS 0x0000000084a00000, 0x0000000084900000| Untracked 
|  74|0x0000000084a00000, 0x0000000084b00000, 0x0000000084b00000|100%| O|  |TAMS 0x0000000084b00000, 0x0000000084a00000| Untracked 
|  75|0x0000000084b00000, 0x0000000084c00000, 0x0000000084c00000|100%| O|  |TAMS 0x0000000084c00000, 0x0000000084b00000| Updating 
|  76|0x0000000084c00000, 0x0000000084d00000, 0x0000000084d00000|100%| O|  |TAMS 0x0000000084d00000, 0x0000000084c00000| Untracked 
|  77|0x0000000084d00000, 0x0000000084e00000, 0x0000000084e00000|100%| O|  |TAMS 0x0000000084e00000, 0x0000000084d00000| Untracked 
|  78|0x0000000084e00000, 0x0000000084f00000, 0x0000000084f00000|100%| O|  |TAMS 0x0000000084f00000, 0x0000000084e00000| Updating 
|  79|0x0000000084f00000, 0x0000000085000000, 0x0000000085000000|100%| O|  |TAMS 0x0000000085000000, 0x0000000084f00000| Updating 
|  80|0x0000000085000000, 0x0000000085100000, 0x0000000085100000|100%|HS|  |TAMS 0x0000000085100000, 0x0000000085000000| Complete 
|  81|0x0000000085100000, 0x0000000085200000, 0x0000000085200000|100%|HC|  |TAMS 0x0000000085200000, 0x0000000085100000| Complete 
|  82|0x0000000085200000, 0x0000000085300000, 0x0000000085300000|100%|HS|  |TAMS 0x0000000085300000, 0x0000000085200000| Complete 
|  83|0x0000000085300000, 0x0000000085400000, 0x0000000085400000|100%| O|  |TAMS 0x0000000085400000, 0x0000000085300000| Untracked 
|  84|0x0000000085400000, 0x0000000085500000, 0x0000000085500000|100%| O|  |TAMS 0x0000000085500000, 0x0000000085400000| Untracked 
|  85|0x0000000085500000, 0x0000000085600000, 0x0000000085600000|100%| O|  |TAMS 0x0000000085600000, 0x0000000085500000| Untracked 
|  86|0x0000000085600000, 0x0000000085700000, 0x0000000085700000|100%| O|  |TAMS 0x0000000085700000, 0x0000000085600000| Untracked 
|  87|0x0000000085700000, 0x0000000085800000, 0x0000000085800000|100%| O|  |TAMS 0x0000000085800000, 0x0000000085700000| Updating 
|  88|0x0000000085800000, 0x0000000085900000, 0x0000000085900000|100%| O|  |TAMS 0x0000000085900000, 0x0000000085800000| Updating 
|  89|0x0000000085900000, 0x0000000085a00000, 0x0000000085a00000|100%| O|  |TAMS 0x0000000085a00000, 0x0000000085900000| Untracked 
|  90|0x0000000085a00000, 0x0000000085b00000, 0x0000000085b00000|100%| O|  |TAMS 0x0000000085b00000, 0x0000000085a00000| Untracked 
|  91|0x0000000085b00000, 0x0000000085c00000, 0x0000000085c00000|100%| O|  |TAMS 0x0000000085c00000, 0x0000000085b00000| Updating 
|  92|0x0000000085c00000, 0x0000000085d00000, 0x0000000085d00000|100%| O|  |TAMS 0x0000000085d00000, 0x0000000085c00000| Untracked 
|  93|0x0000000085d00000, 0x0000000085e00000, 0x0000000085e00000|100%| O|  |TAMS 0x0000000085e00000, 0x0000000085d00000| Updating 
|  94|0x0000000085e00000, 0x0000000085f00000, 0x0000000085f00000|100%| O|  |TAMS 0x0000000085f00000, 0x0000000085e00000| Updating 
|  95|0x0000000085f00000, 0x0000000086000000, 0x0000000086000000|100%| O|  |TAMS 0x0000000086000000, 0x0000000085f00000| Untracked 
|  96|0x0000000086000000, 0x0000000086100000, 0x0000000086100000|100%| O|  |TAMS 0x0000000086100000, 0x0000000086000000| Untracked 
|  97|0x0000000086100000, 0x0000000086200000, 0x0000000086200000|100%| O|  |TAMS 0x0000000086200000, 0x0000000086100000| Untracked 
|  98|0x0000000086200000, 0x0000000086300000, 0x0000000086300000|100%| O|  |TAMS 0x0000000086300000, 0x0000000086200000| Untracked 
|  99|0x0000000086300000, 0x0000000086400000, 0x0000000086400000|100%| O|  |TAMS 0x0000000086400000, 0x0000000086300000| Untracked 
| 100|0x0000000086400000, 0x0000000086500000, 0x0000000086500000|100%| O|  |TAMS 0x0000000086500000, 0x0000000086400000| Untracked 
| 101|0x0000000086500000, 0x0000000086600000, 0x0000000086600000|100%| O|  |TAMS 0x0000000086600000, 0x0000000086500000| Untracked 
| 102|0x0000000086600000, 0x0000000086700000, 0x0000000086700000|100%| O|  |TAMS 0x0000000086700000, 0x0000000086600000| Untracked 
| 103|0x0000000086700000, 0x0000000086800000, 0x0000000086800000|100%| O|  |TAMS 0x0000000086800000, 0x0000000086700000| Untracked 
| 104|0x0000000086800000, 0x0000000086900000, 0x0000000086900000|100%| O|  |TAMS 0x0000000086900000, 0x0000000086800000| Untracked 
| 105|0x0000000086900000, 0x0000000086a00000, 0x0000000086a00000|100%| O|  |TAMS 0x0000000086a00000, 0x0000000086900000| Untracked 
| 106|0x0000000086a00000, 0x0000000086b00000, 0x0000000086b00000|100%| O|  |TAMS 0x0000000086b00000, 0x0000000086a00000| Untracked 
| 107|0x0000000086b00000, 0x0000000086c00000, 0x0000000086c00000|100%| O|  |TAMS 0x0000000086c00000, 0x0000000086b00000| Untracked 
| 108|0x0000000086c00000, 0x0000000086d00000, 0x0000000086d00000|100%| O|  |TAMS 0x0000000086d00000, 0x0000000086c00000| Updating 
| 109|0x0000000086d00000, 0x0000000086e00000, 0x0000000086e00000|100%|HS|  |TAMS 0x0000000086e00000, 0x0000000086d00000| Complete 
| 110|0x0000000086e00000, 0x0000000086e00000, 0x0000000086f00000|  0%| F|  |TAMS 0x0000000086e00000, 0x0000000086e00000| Untracked 
| 111|0x0000000086f00000, 0x0000000087000000, 0x0000000087000000|100%| O|  |TAMS 0x0000000086f00000, 0x0000000086f00000| Untracked 
| 112|0x0000000087000000, 0x0000000087100000, 0x0000000087100000|100%| O|  |TAMS 0x0000000087100000, 0x0000000087000000| Updating 
| 113|0x0000000087100000, 0x0000000087200000, 0x0000000087200000|100%| O|  |TAMS 0x0000000087200000, 0x0000000087100000| Untracked 
| 114|0x0000000087200000, 0x0000000087300000, 0x0000000087300000|100%| O|  |TAMS 0x0000000087300000, 0x0000000087200000| Untracked 
| 115|0x0000000087300000, 0x0000000087400000, 0x0000000087400000|100%| O|  |TAMS 0x0000000087400000, 0x0000000087300000| Untracked 
| 116|0x0000000087400000, 0x0000000087500000, 0x0000000087500000|100%| O|  |TAMS 0x0000000087500000, 0x0000000087400000| Untracked 
| 117|0x0000000087500000, 0x0000000087600000, 0x0000000087600000|100%| O|  |TAMS 0x0000000087600000, 0x0000000087500000| Untracked 
| 118|0x0000000087600000, 0x0000000087700000, 0x0000000087700000|100%| O|  |TAMS 0x0000000087700000, 0x0000000087600000| Untracked 
| 119|0x0000000087700000, 0x0000000087800000, 0x0000000087800000|100%| O|  |TAMS 0x0000000087800000, 0x0000000087700000| Untracked 
| 120|0x0000000087800000, 0x0000000087900000, 0x0000000087900000|100%| O|  |TAMS 0x0000000087900000, 0x0000000087800000| Untracked 
| 121|0x0000000087900000, 0x0000000087a00000, 0x0000000087a00000|100%| O|  |TAMS 0x0000000087a00000, 0x0000000087900000| Untracked 
| 122|0x0000000087a00000, 0x0000000087b00000, 0x0000000087b00000|100%| O|  |TAMS 0x0000000087b00000, 0x0000000087a00000| Updating 
| 123|0x0000000087b00000, 0x0000000087c00000, 0x0000000087c00000|100%| O|  |TAMS 0x0000000087c00000, 0x0000000087b00000| Updating 
| 124|0x0000000087c00000, 0x0000000087d00000, 0x0000000087d00000|100%| O|  |TAMS 0x0000000087d00000, 0x0000000087c00000| Updating 
| 125|0x0000000087d00000, 0x0000000087e00000, 0x0000000087e00000|100%| O|  |TAMS 0x0000000087e00000, 0x0000000087d00000| Updating 
| 126|0x0000000087e00000, 0x0000000087f00000, 0x0000000087f00000|100%| O|  |TAMS 0x0000000087f00000, 0x0000000087e00000| Updating 
| 127|0x0000000087f00000, 0x0000000088000000, 0x0000000088000000|100%|HS|  |TAMS 0x0000000088000000, 0x0000000087f00000| Complete 
| 128|0x0000000088000000, 0x0000000088100000, 0x0000000088100000|100%|HS|  |TAMS 0x0000000088100000, 0x0000000088000000| Complete 
| 129|0x0000000088100000, 0x0000000088200000, 0x0000000088200000|100%|HC|  |TAMS 0x0000000088200000, 0x0000000088100000| Complete 
| 130|0x0000000088200000, 0x0000000088300000, 0x0000000088300000|100%|HC|  |TAMS 0x0000000088300000, 0x0000000088200000| Complete 
| 131|0x0000000088300000, 0x0000000088400000, 0x0000000088400000|100%| O|  |TAMS 0x0000000088400000, 0x0000000088300000| Untracked 
| 132|0x0000000088400000, 0x0000000088500000, 0x0000000088500000|100%| O|  |TAMS 0x0000000088500000, 0x0000000088400000| Untracked 
| 133|0x0000000088500000, 0x0000000088600000, 0x0000000088600000|100%| O|  |TAMS 0x0000000088600000, 0x0000000088500000| Untracked 
| 134|0x0000000088600000, 0x0000000088700000, 0x0000000088700000|100%| O|  |TAMS 0x0000000088700000, 0x0000000088600000| Untracked 
| 135|0x0000000088700000, 0x0000000088800000, 0x0000000088800000|100%| O|  |TAMS 0x0000000088800000, 0x0000000088700000| Untracked 
| 136|0x0000000088800000, 0x0000000088900000, 0x0000000088900000|100%| O|  |TAMS 0x0000000088900000, 0x0000000088800000| Untracked 
| 137|0x0000000088900000, 0x0000000088a00000, 0x0000000088a00000|100%| O|  |TAMS 0x0000000088a00000, 0x0000000088900000| Untracked 
| 138|0x0000000088a00000, 0x0000000088b00000, 0x0000000088b00000|100%| O|  |TAMS 0x0000000088b00000, 0x0000000088a00000| Untracked 
| 139|0x0000000088b00000, 0x0000000088c00000, 0x0000000088c00000|100%| O|  |TAMS 0x0000000088c00000, 0x0000000088b00000| Untracked 
| 140|0x0000000088c00000, 0x0000000088d00000, 0x0000000088d00000|100%| O|  |TAMS 0x0000000088d00000, 0x0000000088c00000| Untracked 
| 141|0x0000000088d00000, 0x0000000088e00000, 0x0000000088e00000|100%| O|  |TAMS 0x0000000088e00000, 0x0000000088d00000| Untracked 
| 142|0x0000000088e00000, 0x0000000088f00000, 0x0000000088f00000|100%| O|  |TAMS 0x0000000088f00000, 0x0000000088e00000| Untracked 
| 143|0x0000000088f00000, 0x0000000089000000, 0x0000000089000000|100%| O|  |TAMS 0x0000000089000000, 0x0000000088f00000| Untracked 
| 144|0x0000000089000000, 0x0000000089100000, 0x0000000089100000|100%| O|  |TAMS 0x0000000089100000, 0x0000000089000000| Updating 
| 145|0x0000000089100000, 0x0000000089200000, 0x0000000089200000|100%| O|  |TAMS 0x0000000089200000, 0x0000000089100000| Untracked 
| 146|0x0000000089200000, 0x0000000089300000, 0x0000000089300000|100%| O|  |TAMS 0x0000000089300000, 0x0000000089200000| Updating 
| 147|0x0000000089300000, 0x0000000089400000, 0x0000000089400000|100%| O|  |TAMS 0x0000000089400000, 0x0000000089300000| Updating 
| 148|0x0000000089400000, 0x0000000089500000, 0x0000000089500000|100%| O|  |TAMS 0x0000000089500000, 0x0000000089400000| Updating 
| 149|0x0000000089500000, 0x0000000089600000, 0x0000000089600000|100%| O|  |TAMS 0x00000000895a9c00, 0x0000000089500000| Updating 
| 150|0x0000000089600000, 0x0000000089700000, 0x0000000089700000|100%| O|  |TAMS 0x0000000089600000, 0x0000000089600000| Untracked 
| 151|0x0000000089700000, 0x0000000089800000, 0x0000000089800000|100%| O|  |TAMS 0x0000000089700000, 0x0000000089700000| Untracked 
| 152|0x0000000089800000, 0x0000000089900000, 0x0000000089900000|100%| O|  |TAMS 0x0000000089800000, 0x0000000089800000| Untracked 
| 153|0x0000000089900000, 0x0000000089a00000, 0x0000000089a00000|100%| O|  |TAMS 0x0000000089900000, 0x0000000089900000| Untracked 
| 154|0x0000000089a00000, 0x0000000089b00000, 0x0000000089b00000|100%| O|  |TAMS 0x0000000089a00000, 0x0000000089a00000| Untracked 
| 155|0x0000000089b00000, 0x0000000089c00000, 0x0000000089c00000|100%| O|  |TAMS 0x0000000089b00000, 0x0000000089b00000| Untracked 
| 156|0x0000000089c00000, 0x0000000089d00000, 0x0000000089d00000|100%| O|  |TAMS 0x0000000089c00000, 0x0000000089c00000| Untracked 
| 157|0x0000000089d00000, 0x0000000089e00000, 0x0000000089e00000|100%| O|  |TAMS 0x0000000089d00000, 0x0000000089d00000| Untracked 
| 158|0x0000000089e00000, 0x0000000089f00000, 0x0000000089f00000|100%| O|  |TAMS 0x0000000089e00000, 0x0000000089e00000| Untracked 
| 159|0x0000000089f00000, 0x000000008a000000, 0x000000008a000000|100%| O|  |TAMS 0x0000000089f00000, 0x0000000089f00000| Untracked 
| 160|0x000000008a000000, 0x000000008a100000, 0x000000008a100000|100%| O|  |TAMS 0x000000008a000000, 0x000000008a000000| Untracked 
| 161|0x000000008a100000, 0x000000008a200000, 0x000000008a200000|100%| O|  |TAMS 0x000000008a100000, 0x000000008a100000| Untracked 
| 162|0x000000008a200000, 0x000000008a300000, 0x000000008a300000|100%| O|  |TAMS 0x000000008a200000, 0x000000008a200000| Untracked 
| 163|0x000000008a300000, 0x000000008a400000, 0x000000008a400000|100%| O|  |TAMS 0x000000008a300000, 0x000000008a300000| Untracked 
| 164|0x000000008a400000, 0x000000008a500000, 0x000000008a500000|100%| O|  |TAMS 0x000000008a400000, 0x000000008a400000| Untracked 
| 165|0x000000008a500000, 0x000000008a600000, 0x000000008a600000|100%| O|  |TAMS 0x000000008a500000, 0x000000008a500000| Untracked 
| 166|0x000000008a600000, 0x000000008a600000, 0x000000008a700000|  0%| F|  |TAMS 0x000000008a600000, 0x000000008a600000| Untracked 
| 167|0x000000008a700000, 0x000000008a700000, 0x000000008a800000|  0%| F|  |TAMS 0x000000008a700000, 0x000000008a700000| Untracked 
| 168|0x000000008a800000, 0x000000008a800000, 0x000000008a900000|  0%| F|  |TAMS 0x000000008a800000, 0x000000008a800000| Untracked 
| 169|0x000000008a900000, 0x000000008a900000, 0x000000008aa00000|  0%| F|  |TAMS 0x000000008a900000, 0x000000008a900000| Untracked 
| 170|0x000000008aa00000, 0x000000008aa00000, 0x000000008ab00000|  0%| F|  |TAMS 0x000000008aa00000, 0x000000008aa00000| Untracked 
| 171|0x000000008ab00000, 0x000000008ab00000, 0x000000008ac00000|  0%| F|  |TAMS 0x000000008ab00000, 0x000000008ab00000| Untracked 
| 172|0x000000008ac00000, 0x000000008ac00000, 0x000000008ad00000|  0%| F|  |TAMS 0x000000008ac00000, 0x000000008ac00000| Untracked 
| 173|0x000000008ad00000, 0x000000008ad00000, 0x000000008ae00000|  0%| F|  |TAMS 0x000000008ad00000, 0x000000008ad00000| Untracked 
| 174|0x000000008ae00000, 0x000000008ae00000, 0x000000008af00000|  0%| F|  |TAMS 0x000000008ae00000, 0x000000008ae00000| Untracked 
| 175|0x000000008af00000, 0x000000008af00000, 0x000000008b000000|  0%| F|  |TAMS 0x000000008af00000, 0x000000008af00000| Untracked 
| 176|0x000000008b000000, 0x000000008b000000, 0x000000008b100000|  0%| F|  |TAMS 0x000000008b000000, 0x000000008b000000| Untracked 
| 177|0x000000008b100000, 0x000000008b100000, 0x000000008b200000|  0%| F|  |TAMS 0x000000008b100000, 0x000000008b100000| Untracked 
| 178|0x000000008b200000, 0x000000008b200000, 0x000000008b300000|  0%| F|  |TAMS 0x000000008b200000, 0x000000008b200000| Untracked 
| 179|0x000000008b300000, 0x000000008b300000, 0x000000008b400000|  0%| F|  |TAMS 0x000000008b300000, 0x000000008b300000| Untracked 
| 180|0x000000008b400000, 0x000000008b400000, 0x000000008b500000|  0%| F|  |TAMS 0x000000008b400000, 0x000000008b400000| Untracked 
| 181|0x000000008b500000, 0x000000008b500000, 0x000000008b600000|  0%| F|  |TAMS 0x000000008b500000, 0x000000008b500000| Untracked 
| 182|0x000000008b600000, 0x000000008b600000, 0x000000008b700000|  0%| F|  |TAMS 0x000000008b600000, 0x000000008b600000| Untracked 
| 183|0x000000008b700000, 0x000000008b700000, 0x000000008b800000|  0%| F|  |TAMS 0x000000008b700000, 0x000000008b700000| Untracked 
| 184|0x000000008b800000, 0x000000008b800000, 0x000000008b900000|  0%| F|  |TAMS 0x000000008b800000, 0x000000008b800000| Untracked 
| 185|0x000000008b900000, 0x000000008b900000, 0x000000008ba00000|  0%| F|  |TAMS 0x000000008b900000, 0x000000008b900000| Untracked 
| 186|0x000000008ba00000, 0x000000008ba00000, 0x000000008bb00000|  0%| F|  |TAMS 0x000000008ba00000, 0x000000008ba00000| Untracked 
| 187|0x000000008bb00000, 0x000000008bb00000, 0x000000008bc00000|  0%| F|  |TAMS 0x000000008bb00000, 0x000000008bb00000| Untracked 
| 188|0x000000008bc00000, 0x000000008bc00000, 0x000000008bd00000|  0%| F|  |TAMS 0x000000008bc00000, 0x000000008bc00000| Untracked 
| 189|0x000000008bd00000, 0x000000008bd00000, 0x000000008be00000|  0%| F|  |TAMS 0x000000008bd00000, 0x000000008bd00000| Untracked 
| 190|0x000000008be00000, 0x000000008be00000, 0x000000008bf00000|  0%| F|  |TAMS 0x000000008be00000, 0x000000008be00000| Untracked 
| 191|0x000000008bf00000, 0x000000008bf00000, 0x000000008c000000|  0%| F|  |TAMS 0x000000008bf00000, 0x000000008bf00000| Untracked 
| 192|0x000000008c000000, 0x000000008c000000, 0x000000008c100000|  0%| F|  |TAMS 0x000000008c000000, 0x000000008c000000| Untracked 
| 193|0x000000008c100000, 0x000000008c100000, 0x000000008c200000|  0%| F|  |TAMS 0x000000008c100000, 0x000000008c100000| Untracked 
| 194|0x000000008c200000, 0x000000008c200000, 0x000000008c300000|  0%| F|  |TAMS 0x000000008c200000, 0x000000008c200000| Untracked 
| 195|0x000000008c300000, 0x000000008c300000, 0x000000008c400000|  0%| F|  |TAMS 0x000000008c300000, 0x000000008c300000| Untracked 
| 196|0x000000008c400000, 0x000000008c400000, 0x000000008c500000|  0%| F|  |TAMS 0x000000008c400000, 0x000000008c400000| Untracked 
| 197|0x000000008c500000, 0x000000008c500000, 0x000000008c600000|  0%| F|  |TAMS 0x000000008c500000, 0x000000008c500000| Untracked 
| 198|0x000000008c600000, 0x000000008c600000, 0x000000008c700000|  0%| F|  |TAMS 0x000000008c600000, 0x000000008c600000| Untracked 
| 199|0x000000008c700000, 0x000000008c700000, 0x000000008c800000|  0%| F|  |TAMS 0x000000008c700000, 0x000000008c700000| Untracked 
| 200|0x000000008c800000, 0x000000008c800000, 0x000000008c900000|  0%| F|  |TAMS 0x000000008c800000, 0x000000008c800000| Untracked 
| 201|0x000000008c900000, 0x000000008c900000, 0x000000008ca00000|  0%| F|  |TAMS 0x000000008c900000, 0x000000008c900000| Untracked 
| 202|0x000000008ca00000, 0x000000008ca00000, 0x000000008cb00000|  0%| F|  |TAMS 0x000000008ca00000, 0x000000008ca00000| Untracked 
| 203|0x000000008cb00000, 0x000000008cb00000, 0x000000008cc00000|  0%| F|  |TAMS 0x000000008cb00000, 0x000000008cb00000| Untracked 
| 204|0x000000008cc00000, 0x000000008cc00000, 0x000000008cd00000|  0%| F|  |TAMS 0x000000008cc00000, 0x000000008cc00000| Untracked 
| 205|0x000000008cd00000, 0x000000008cd00000, 0x000000008ce00000|  0%| F|  |TAMS 0x000000008cd00000, 0x000000008cd00000| Untracked 
| 206|0x000000008ce00000, 0x000000008ce00000, 0x000000008cf00000|  0%| F|  |TAMS 0x000000008ce00000, 0x000000008ce00000| Untracked 
| 207|0x000000008cf00000, 0x000000008cf00000, 0x000000008d000000|  0%| F|  |TAMS 0x000000008cf00000, 0x000000008cf00000| Untracked 
| 208|0x000000008d000000, 0x000000008d000000, 0x000000008d100000|  0%| F|  |TAMS 0x000000008d000000, 0x000000008d000000| Untracked 
| 209|0x000000008d100000, 0x000000008d100000, 0x000000008d200000|  0%| F|  |TAMS 0x000000008d100000, 0x000000008d100000| Untracked 
| 210|0x000000008d200000, 0x000000008d200000, 0x000000008d300000|  0%| F|  |TAMS 0x000000008d200000, 0x000000008d200000| Untracked 
| 211|0x000000008d300000, 0x000000008d300000, 0x000000008d400000|  0%| F|  |TAMS 0x000000008d300000, 0x000000008d300000| Untracked 
| 212|0x000000008d400000, 0x000000008d400000, 0x000000008d500000|  0%| F|  |TAMS 0x000000008d400000, 0x000000008d400000| Untracked 
| 213|0x000000008d500000, 0x000000008d500000, 0x000000008d600000|  0%| F|  |TAMS 0x000000008d500000, 0x000000008d500000| Untracked 
| 214|0x000000008d600000, 0x000000008d600000, 0x000000008d700000|  0%| F|  |TAMS 0x000000008d600000, 0x000000008d600000| Untracked 
| 215|0x000000008d700000, 0x000000008d700000, 0x000000008d800000|  0%| F|  |TAMS 0x000000008d700000, 0x000000008d700000| Untracked 
| 216|0x000000008d800000, 0x000000008d800000, 0x000000008d900000|  0%| F|  |TAMS 0x000000008d800000, 0x000000008d800000| Untracked 
| 217|0x000000008d900000, 0x000000008d900000, 0x000000008da00000|  0%| F|  |TAMS 0x000000008d900000, 0x000000008d900000| Untracked 
| 218|0x000000008da00000, 0x000000008da00000, 0x000000008db00000|  0%| F|  |TAMS 0x000000008da00000, 0x000000008da00000| Untracked 
| 219|0x000000008db00000, 0x000000008db00000, 0x000000008dc00000|  0%| F|  |TAMS 0x000000008db00000, 0x000000008db00000| Untracked 
| 220|0x000000008dc00000, 0x000000008dc00000, 0x000000008dd00000|  0%| F|  |TAMS 0x000000008dc00000, 0x000000008dc00000| Untracked 
| 221|0x000000008dd00000, 0x000000008dd00000, 0x000000008de00000|  0%| F|  |TAMS 0x000000008dd00000, 0x000000008dd00000| Untracked 
| 222|0x000000008de00000, 0x000000008de00000, 0x000000008df00000|  0%| F|  |TAMS 0x000000008de00000, 0x000000008de00000| Untracked 
| 223|0x000000008df00000, 0x000000008df00000, 0x000000008e000000|  0%| F|  |TAMS 0x000000008df00000, 0x000000008df00000| Untracked 
| 224|0x000000008e000000, 0x000000008e000000, 0x000000008e100000|  0%| F|  |TAMS 0x000000008e000000, 0x000000008e000000| Untracked 
| 225|0x000000008e100000, 0x000000008e100000, 0x000000008e200000|  0%| F|  |TAMS 0x000000008e100000, 0x000000008e100000| Untracked 
| 226|0x000000008e200000, 0x000000008e200000, 0x000000008e300000|  0%| F|  |TAMS 0x000000008e200000, 0x000000008e200000| Untracked 
| 227|0x000000008e300000, 0x000000008e300000, 0x000000008e400000|  0%| F|  |TAMS 0x000000008e300000, 0x000000008e300000| Untracked 
| 228|0x000000008e400000, 0x000000008e4bffd0, 0x000000008e500000| 74%| S|CS|TAMS 0x000000008e400000, 0x000000008e400000| Complete 
| 229|0x000000008e500000, 0x000000008e600000, 0x000000008e600000|100%| S|CS|TAMS 0x000000008e500000, 0x000000008e500000| Complete 
| 230|0x000000008e600000, 0x000000008e700000, 0x000000008e700000|100%| S|CS|TAMS 0x000000008e600000, 0x000000008e600000| Complete 
| 231|0x000000008e700000, 0x000000008e800000, 0x000000008e800000|100%| S|CS|TAMS 0x000000008e700000, 0x000000008e700000| Complete 
| 232|0x000000008e800000, 0x000000008e900000, 0x000000008e900000|100%| S|CS|TAMS 0x000000008e800000, 0x000000008e800000| Complete 
| 233|0x000000008e900000, 0x000000008ea00000, 0x000000008ea00000|100%| S|CS|TAMS 0x000000008e900000, 0x000000008e900000| Complete 
| 234|0x000000008ea00000, 0x000000008eb00000, 0x000000008eb00000|100%| S|CS|TAMS 0x000000008ea00000, 0x000000008ea00000| Complete 
| 235|0x000000008eb00000, 0x000000008ec00000, 0x000000008ec00000|100%| S|CS|TAMS 0x000000008eb00000, 0x000000008eb00000| Complete 
| 236|0x000000008ec00000, 0x000000008ed00000, 0x000000008ed00000|100%| S|CS|TAMS 0x000000008ec00000, 0x000000008ec00000| Complete 
| 237|0x000000008ed00000, 0x000000008ee00000, 0x000000008ee00000|100%| S|CS|TAMS 0x000000008ed00000, 0x000000008ed00000| Complete 
| 238|0x000000008ee00000, 0x000000008ef00000, 0x000000008ef00000|100%| S|CS|TAMS 0x000000008ee00000, 0x000000008ee00000| Complete 
| 239|0x000000008ef00000, 0x000000008f000000, 0x000000008f000000|100%| S|CS|TAMS 0x000000008ef00000, 0x000000008ef00000| Complete 
| 240|0x000000008f000000, 0x000000008f000000, 0x000000008f100000|  0%| F|  |TAMS 0x000000008f000000, 0x000000008f000000| Untracked 
| 241|0x000000008f100000, 0x000000008f100000, 0x000000008f200000|  0%| F|  |TAMS 0x000000008f100000, 0x000000008f100000| Untracked 
| 242|0x000000008f200000, 0x000000008f200000, 0x000000008f300000|  0%| F|  |TAMS 0x000000008f200000, 0x000000008f200000| Untracked 
| 243|0x000000008f300000, 0x000000008f300000, 0x000000008f400000|  0%| F|  |TAMS 0x000000008f300000, 0x000000008f300000| Untracked 
| 244|0x000000008f400000, 0x000000008f400000, 0x000000008f500000|  0%| F|  |TAMS 0x000000008f400000, 0x000000008f400000| Untracked 
| 245|0x000000008f500000, 0x000000008f500000, 0x000000008f600000|  0%| F|  |TAMS 0x000000008f500000, 0x000000008f500000| Untracked 
| 246|0x000000008f600000, 0x000000008f600000, 0x000000008f700000|  0%| F|  |TAMS 0x000000008f600000, 0x000000008f600000| Untracked 
| 247|0x000000008f700000, 0x000000008f700000, 0x000000008f800000|  0%| F|  |TAMS 0x000000008f700000, 0x000000008f700000| Untracked 
| 248|0x000000008f800000, 0x000000008f800000, 0x000000008f900000|  0%| F|  |TAMS 0x000000008f800000, 0x000000008f800000| Untracked 
| 249|0x000000008f900000, 0x000000008f900000, 0x000000008fa00000|  0%| F|  |TAMS 0x000000008f900000, 0x000000008f900000| Untracked 
| 250|0x000000008fa00000, 0x000000008fa00000, 0x000000008fb00000|  0%| F|  |TAMS 0x000000008fa00000, 0x000000008fa00000| Untracked 
| 251|0x000000008fb00000, 0x000000008fb00000, 0x000000008fc00000|  0%| F|  |TAMS 0x000000008fb00000, 0x000000008fb00000| Untracked 
| 252|0x000000008fc00000, 0x000000008fc00000, 0x000000008fd00000|  0%| F|  |TAMS 0x000000008fc00000, 0x000000008fc00000| Untracked 
| 253|0x000000008fd00000, 0x000000008fd00000, 0x000000008fe00000|  0%| F|  |TAMS 0x000000008fd00000, 0x000000008fd00000| Untracked 
| 254|0x000000008fe00000, 0x000000008fe00000, 0x000000008ff00000|  0%| F|  |TAMS 0x000000008fe00000, 0x000000008fe00000| Untracked 
| 255|0x000000008ff00000, 0x000000008ff00000, 0x0000000090000000|  0%| F|  |TAMS 0x000000008ff00000, 0x000000008ff00000| Untracked 
| 256|0x0000000090000000, 0x0000000090000000, 0x0000000090100000|  0%| F|  |TAMS 0x0000000090000000, 0x0000000090000000| Untracked 
| 257|0x0000000090100000, 0x0000000090100000, 0x0000000090200000|  0%| F|  |TAMS 0x0000000090100000, 0x0000000090100000| Untracked 
| 258|0x0000000090200000, 0x0000000090200000, 0x0000000090300000|  0%| F|  |TAMS 0x0000000090200000, 0x0000000090200000| Untracked 
| 259|0x0000000090300000, 0x0000000090300000, 0x0000000090400000|  0%| F|  |TAMS 0x0000000090300000, 0x0000000090300000| Untracked 
| 260|0x0000000090400000, 0x0000000090400000, 0x0000000090500000|  0%| F|  |TAMS 0x0000000090400000, 0x0000000090400000| Untracked 
| 261|0x0000000090500000, 0x0000000090500000, 0x0000000090600000|  0%| F|  |TAMS 0x0000000090500000, 0x0000000090500000| Untracked 
| 262|0x0000000090600000, 0x0000000090600000, 0x0000000090700000|  0%| F|  |TAMS 0x0000000090600000, 0x0000000090600000| Untracked 
| 263|0x0000000090700000, 0x0000000090700000, 0x0000000090800000|  0%| F|  |TAMS 0x0000000090700000, 0x0000000090700000| Untracked 
| 264|0x0000000090800000, 0x0000000090800000, 0x0000000090900000|  0%| F|  |TAMS 0x0000000090800000, 0x0000000090800000| Untracked 
| 265|0x0000000090900000, 0x0000000090900000, 0x0000000090a00000|  0%| F|  |TAMS 0x0000000090900000, 0x0000000090900000| Untracked 
| 266|0x0000000090a00000, 0x0000000090a58700, 0x0000000090b00000| 34%| E|  |TAMS 0x0000000090a00000, 0x0000000090a00000| Complete 
| 267|0x0000000090b00000, 0x0000000090c00000, 0x0000000090c00000|100%| E|CS|TAMS 0x0000000090b00000, 0x0000000090b00000| Complete 
| 268|0x0000000090c00000, 0x0000000090d00000, 0x0000000090d00000|100%| E|CS|TAMS 0x0000000090c00000, 0x0000000090c00000| Complete 
| 269|0x0000000090d00000, 0x0000000090e00000, 0x0000000090e00000|100%| E|CS|TAMS 0x0000000090d00000, 0x0000000090d00000| Complete 
| 270|0x0000000090e00000, 0x0000000090f00000, 0x0000000090f00000|100%| E|CS|TAMS 0x0000000090e00000, 0x0000000090e00000| Complete 
| 271|0x0000000090f00000, 0x0000000091000000, 0x0000000091000000|100%| E|CS|TAMS 0x0000000090f00000, 0x0000000090f00000| Complete 
| 272|0x0000000091000000, 0x0000000091100000, 0x0000000091100000|100%| E|CS|TAMS 0x0000000091000000, 0x0000000091000000| Complete 
| 273|0x0000000091100000, 0x0000000091200000, 0x0000000091200000|100%| E|CS|TAMS 0x0000000091100000, 0x0000000091100000| Complete 
| 274|0x0000000091200000, 0x0000000091300000, 0x0000000091300000|100%| E|CS|TAMS 0x0000000091200000, 0x0000000091200000| Complete 
| 275|0x0000000091300000, 0x0000000091400000, 0x0000000091400000|100%| E|CS|TAMS 0x0000000091300000, 0x0000000091300000| Complete 
| 276|0x0000000091400000, 0x0000000091500000, 0x0000000091500000|100%| E|CS|TAMS 0x0000000091400000, 0x0000000091400000| Complete 
| 277|0x0000000091500000, 0x0000000091600000, 0x0000000091600000|100%| E|CS|TAMS 0x0000000091500000, 0x0000000091500000| Complete 
| 278|0x0000000091600000, 0x0000000091700000, 0x0000000091700000|100%| E|CS|TAMS 0x0000000091600000, 0x0000000091600000| Complete 
| 279|0x0000000091700000, 0x0000000091800000, 0x0000000091800000|100%| E|CS|TAMS 0x0000000091700000, 0x0000000091700000| Complete 
| 280|0x0000000091800000, 0x0000000091900000, 0x0000000091900000|100%| E|CS|TAMS 0x0000000091800000, 0x0000000091800000| Complete 
| 281|0x0000000091900000, 0x0000000091a00000, 0x0000000091a00000|100%| E|CS|TAMS 0x0000000091900000, 0x0000000091900000| Complete 
| 282|0x0000000091a00000, 0x0000000091b00000, 0x0000000091b00000|100%| E|CS|TAMS 0x0000000091a00000, 0x0000000091a00000| Complete 
| 283|0x0000000091b00000, 0x0000000091c00000, 0x0000000091c00000|100%| E|CS|TAMS 0x0000000091b00000, 0x0000000091b00000| Complete 
| 284|0x0000000091c00000, 0x0000000091d00000, 0x0000000091d00000|100%| E|CS|TAMS 0x0000000091c00000, 0x0000000091c00000| Complete 
| 285|0x0000000091d00000, 0x0000000091e00000, 0x0000000091e00000|100%| E|CS|TAMS 0x0000000091d00000, 0x0000000091d00000| Complete 
| 286|0x0000000091e00000, 0x0000000091f00000, 0x0000000091f00000|100%| E|CS|TAMS 0x0000000091e00000, 0x0000000091e00000| Complete 
| 287|0x0000000091f00000, 0x0000000092000000, 0x0000000092000000|100%| E|CS|TAMS 0x0000000091f00000, 0x0000000091f00000| Complete 
| 288|0x0000000092000000, 0x0000000092100000, 0x0000000092100000|100%| E|CS|TAMS 0x0000000092000000, 0x0000000092000000| Complete 
| 289|0x0000000092100000, 0x0000000092200000, 0x0000000092200000|100%| E|CS|TAMS 0x0000000092100000, 0x0000000092100000| Complete 
| 290|0x0000000092200000, 0x0000000092300000, 0x0000000092300000|100%| E|CS|TAMS 0x0000000092200000, 0x0000000092200000| Complete 
| 291|0x0000000092300000, 0x0000000092400000, 0x0000000092400000|100%| E|CS|TAMS 0x0000000092300000, 0x0000000092300000| Complete 
| 292|0x0000000092400000, 0x0000000092500000, 0x0000000092500000|100%| E|CS|TAMS 0x0000000092400000, 0x0000000092400000| Complete 
| 293|0x0000000092500000, 0x0000000092600000, 0x0000000092600000|100%| E|CS|TAMS 0x0000000092500000, 0x0000000092500000| Complete 
| 294|0x0000000092600000, 0x0000000092700000, 0x0000000092700000|100%| E|CS|TAMS 0x0000000092600000, 0x0000000092600000| Complete 
| 295|0x0000000092700000, 0x0000000092800000, 0x0000000092800000|100%| E|CS|TAMS 0x0000000092700000, 0x0000000092700000| Complete 
| 296|0x0000000092800000, 0x0000000092900000, 0x0000000092900000|100%| E|CS|TAMS 0x0000000092800000, 0x0000000092800000| Complete 
| 297|0x0000000092900000, 0x0000000092a00000, 0x0000000092a00000|100%| E|CS|TAMS 0x0000000092900000, 0x0000000092900000| Complete 
| 298|0x0000000092a00000, 0x0000000092b00000, 0x0000000092b00000|100%| E|CS|TAMS 0x0000000092a00000, 0x0000000092a00000| Complete 
| 299|0x0000000092b00000, 0x0000000092c00000, 0x0000000092c00000|100%| E|CS|TAMS 0x0000000092b00000, 0x0000000092b00000| Complete 
| 300|0x0000000092c00000, 0x0000000092d00000, 0x0000000092d00000|100%| E|CS|TAMS 0x0000000092c00000, 0x0000000092c00000| Complete 
| 301|0x0000000092d00000, 0x0000000092e00000, 0x0000000092e00000|100%| E|CS|TAMS 0x0000000092d00000, 0x0000000092d00000| Complete 
| 302|0x0000000092e00000, 0x0000000092f00000, 0x0000000092f00000|100%| E|CS|TAMS 0x0000000092e00000, 0x0000000092e00000| Complete 
| 303|0x0000000092f00000, 0x0000000093000000, 0x0000000093000000|100%| E|CS|TAMS 0x0000000092f00000, 0x0000000092f00000| Complete 
| 304|0x0000000093000000, 0x0000000093100000, 0x0000000093100000|100%| E|CS|TAMS 0x0000000093000000, 0x0000000093000000| Complete 
| 305|0x0000000093100000, 0x0000000093200000, 0x0000000093200000|100%| E|CS|TAMS 0x0000000093100000, 0x0000000093100000| Complete 
| 306|0x0000000093200000, 0x0000000093300000, 0x0000000093300000|100%| E|CS|TAMS 0x0000000093200000, 0x0000000093200000| Complete 
| 307|0x0000000093300000, 0x0000000093400000, 0x0000000093400000|100%| E|CS|TAMS 0x0000000093300000, 0x0000000093300000| Complete 
| 308|0x0000000093400000, 0x0000000093500000, 0x0000000093500000|100%| E|CS|TAMS 0x0000000093400000, 0x0000000093400000| Complete 
| 309|0x0000000093500000, 0x0000000093600000, 0x0000000093600000|100%| E|CS|TAMS 0x0000000093500000, 0x0000000093500000| Complete 
| 310|0x0000000093600000, 0x0000000093700000, 0x0000000093700000|100%| E|CS|TAMS 0x0000000093600000, 0x0000000093600000| Complete 
| 311|0x0000000093700000, 0x0000000093800000, 0x0000000093800000|100%| E|CS|TAMS 0x0000000093700000, 0x0000000093700000| Complete 
| 312|0x0000000093800000, 0x0000000093900000, 0x0000000093900000|100%| E|CS|TAMS 0x0000000093800000, 0x0000000093800000| Complete 
| 313|0x0000000093900000, 0x0000000093a00000, 0x0000000093a00000|100%| E|CS|TAMS 0x0000000093900000, 0x0000000093900000| Complete 
| 314|0x0000000093a00000, 0x0000000093b00000, 0x0000000093b00000|100%| E|CS|TAMS 0x0000000093a00000, 0x0000000093a00000| Complete 
| 315|0x0000000093b00000, 0x0000000093c00000, 0x0000000093c00000|100%| E|CS|TAMS 0x0000000093b00000, 0x0000000093b00000| Complete 
| 316|0x0000000093c00000, 0x0000000093d00000, 0x0000000093d00000|100%| E|CS|TAMS 0x0000000093c00000, 0x0000000093c00000| Complete 
| 317|0x0000000093d00000, 0x0000000093e00000, 0x0000000093e00000|100%| E|CS|TAMS 0x0000000093d00000, 0x0000000093d00000| Complete 
| 318|0x0000000093e00000, 0x0000000093f00000, 0x0000000093f00000|100%| E|CS|TAMS 0x0000000093e00000, 0x0000000093e00000| Complete 
| 319|0x0000000093f00000, 0x0000000094000000, 0x0000000094000000|100%| E|CS|TAMS 0x0000000093f00000, 0x0000000093f00000| Complete 
| 320|0x0000000094000000, 0x0000000094100000, 0x0000000094100000|100%| E|CS|TAMS 0x0000000094000000, 0x0000000094000000| Complete 
| 321|0x0000000094100000, 0x0000000094200000, 0x0000000094200000|100%| E|CS|TAMS 0x0000000094100000, 0x0000000094100000| Complete 
| 322|0x0000000094200000, 0x0000000094300000, 0x0000000094300000|100%| E|CS|TAMS 0x0000000094200000, 0x0000000094200000| Complete 
| 323|0x0000000094300000, 0x0000000094400000, 0x0000000094400000|100%| E|CS|TAMS 0x0000000094300000, 0x0000000094300000| Complete 
| 324|0x0000000094400000, 0x0000000094500000, 0x0000000094500000|100%| E|CS|TAMS 0x0000000094400000, 0x0000000094400000| Complete 

Card table byte_map: [0x000001d5b8a50000,0x000001d5b8e50000] _byte_map_base: 0x000001d5b8650000

Marking Bits (Prev, Next): (CMBitMap*) 0x000001d5bd270ce0, (CMBitMap*) 0x000001d5bd270d20
 Prev Bits: [0x000001d5b9250000, 0x000001d5bb250000)
 Next Bits: [0x000001d5bb250000, 0x000001d5bd250000)

Polling page: 0x000001d5a3bf0000

Metaspace:

Usage:
  Non-class:     86.42 MB used.
      Class:     11.18 MB used.
       Both:     97.60 MB used.

Virtual space:
  Non-class space:       88.00 MB reserved,      87.94 MB (>99%) committed,  11 nodes.
      Class space:        1.00 GB reserved,      12.19 MB (  1%) committed,  1 nodes.
             Both:        1.09 GB reserved,     100.12 MB (  9%) committed. 

Chunk freelists:
   Non-Class:  0 bytes
       Class:  3.81 MB
        Both:  3.81 MB

MaxMetaspaceSize: unlimited
CompressedClassSpaceSize: 1.00 GB
Initial GC threshold: 21.00 MB
Current GC threshold: 100.25 MB
CDS: off
MetaspaceReclaimPolicy: balanced
 - commit_granule_bytes: 65536.
 - commit_granule_words: 8192.
 - virtual_space_node_default_size: 1048576.
 - enlarge_chunks_in_place: 1.
 - new_chunks_are_fully_committed: 0.
 - uncommit_free_chunks: 1.
 - use_allocation_guard: 0.
 - handle_deallocations: 1.


Internal statistics:

num_allocs_failed_limit: 22.
num_arena_births: 874.
num_arena_deaths: 0.
num_vsnodes_births: 12.
num_vsnodes_deaths: 0.
num_space_committed: 1602.
num_space_uncommitted: 0.
num_chunks_returned_to_freelist: 22.
num_chunks_taken_from_freelist: 5664.
num_chunk_merges: 22.
num_chunk_splits: 3468.
num_chunks_enlarged: 1873.
num_purges: 0.
num_inconsistent_stats: 0.

CodeHeap 'non-profiled nmethods': size=120000Kb used=3811Kb max_used=3811Kb free=116188Kb
 bounds [0x000001d5b0df0000, 0x000001d5b11c0000, 0x000001d5b8320000]
CodeHeap 'profiled nmethods': size=120000Kb used=20331Kb max_used=20331Kb free=99668Kb
 bounds [0x000001d5a98c0000, 0x000001d5aaca0000, 0x000001d5b0df0000]
CodeHeap 'non-nmethods': size=5760Kb used=1569Kb max_used=1656Kb free=4190Kb
 bounds [0x000001d5a9320000, 0x000001d5a9590000, 0x000001d5a98c0000]
 total_blobs=10561 nmethods=9590 adapters=881
 compilation: enabled
              stopped_count=0, restarted_count=0
 full_count=0

Compilation events (20 events):
Event: 32.426 Thread 0x000001d5bfe38230 11288       2       jdk.internal.org.objectweb.asm.SymbolTable::hash (12 bytes)
Event: 32.426 Thread 0x000001d5bfe38230 nmethod 11288 0x000001d5aac93a90 code [0x000001d5aac93c20, 0x000001d5aac93d48]
Event: 32.428 Thread 0x000001d5bfe38230 11289       2       jdk.internal.org.objectweb.asm.SymbolTable::addUninitializedType (103 bytes)
Event: 32.429 Thread 0x000001d5bfe38230 nmethod 11289 0x000001d5aac93e10 code [0x000001d5aac93fe0, 0x000001d5aac94378]
Event: 32.450 Thread 0x000001d5bfe37930 nmethod 11039 0x000001d5b1071010 code [0x000001d5b10711c0, 0x000001d5b10719e8]
Event: 32.450 Thread 0x000001d5bfe37930 11076       4       com.sun.org.apache.xerces.internal.impl.XMLEntityScanner::scanContent (295 bytes)
Event: 32.454 Thread 0x000001d5bfe38230 11291       2       java.lang.Class::getMethod (59 bytes)
Event: 32.455 Thread 0x000001d5bfe38230 nmethod 11291 0x000001d5aac94610 code [0x000001d5aac94840, 0x000001d5aac94d28]
Event: 32.458 Thread 0x000001d5bfe38230 11292       2       java.lang.PublicMethods$MethodList::getMostSpecific (63 bytes)
Event: 32.459 Thread 0x000001d5bfe38230 nmethod 11292 0x000001d5aac95010 code [0x000001d5aac951c0, 0x000001d5aac953c8]
Event: 32.483 Thread 0x000001d5bfe37930 nmethod 11076 0x000001d5b1070410 code [0x000001d5b10705e0, 0x000001d5b1070c08]
Event: 32.484 Thread 0x000001d5bfe37930 11290 %     4       org.eclipse.jdt.internal.core.search.indexing.BinaryIndexer::extractReferenceFromConstantPool @ 311 (341 bytes)
Event: 32.485 Thread 0x000001d5bfe38230 11294       2       java.security.AccessControlContext::combine (205 bytes)
Event: 32.486 Thread 0x000001d5bfe38230 nmethod 11294 0x000001d5aac95590 code [0x000001d5aac95780, 0x000001d5aac95e98]
Event: 32.490 Thread 0x000001d5bfe38230 11295       3       org.eclipse.equinox.p2.metadata.VersionRange::copyEscaped (119 bytes)
Event: 32.497 Thread 0x000001d5bfe38230 nmethod 11295 0x000001d5aac96190 code [0x000001d5aac96600, 0x000001d5aac98998]
Event: 32.505 Thread 0x000001d5bfe38230 11296   !   2       org.eclipse.jdt.internal.core.JavaProjectElementInfo::initializePackageNames (123 bytes)
Event: 32.507 Thread 0x000001d5bfe38230 nmethod 11296 0x000001d5aac99710 code [0x000001d5aac99940, 0x000001d5aac9a088]
Event: 32.568 Thread 0x000001d5bfe38230 11300       3       org.eclipse.jgit.treewalk.filter.AndTreeFilter$List::matchFilter (59 bytes)
Event: 32.569 Thread 0x000001d5bfe38230 nmethod 11300 0x000001d5aac9a610 code [0x000001d5aac9a7c0, 0x000001d5aac9ab48]

GC Heap History (20 events):
Event: 7.584 GC heap before
{Heap before GC invocations=5 (full 0):
 garbage-first heap   total 262144K, used 77517K [0x0000000080000000, 0x0000000100000000)
  region size 1024K, 62 young (63488K), 6 survivors (6144K)
 Metaspace       used 35345K, committed 36160K, reserved 1081344K
  class space    used 3830K, committed 4160K, reserved 1048576K
}
Event: 7.612 GC heap after
{Heap after GC invocations=6 (full 0):
 garbage-first heap   total 262144K, used 28668K [0x0000000080000000, 0x0000000100000000)
  region size 1024K, 13 young (13312K), 13 survivors (13312K)
 Metaspace       used 35345K, committed 36160K, reserved 1081344K
  class space    used 3830K, committed 4160K, reserved 1048576K
}
Event: 13.169 GC heap before
{Heap before GC invocations=7 (full 0):
 garbage-first heap   total 262144K, used 182268K [0x0000000080000000, 0x0000000100000000)
  region size 1024K, 153 young (156672K), 13 survivors (13312K)
 Metaspace       used 44479K, committed 45632K, reserved 1089536K
  class space    used 4981K, committed 5440K, reserved 1048576K
}
Event: 13.213 GC heap after
{Heap after GC invocations=8 (full 0):
 garbage-first heap   total 262144K, used 50989K [0x0000000080000000, 0x0000000100000000)
  region size 1024K, 20 young (20480K), 20 survivors (20480K)
 Metaspace       used 44479K, committed 45632K, reserved 1089536K
  class space    used 4981K, committed 5440K, reserved 1048576K
}
Event: 17.892 GC heap before
{Heap before GC invocations=8 (full 0):
 garbage-first heap   total 262144K, used 158509K [0x0000000080000000, 0x0000000100000000)
  region size 1024K, 123 young (125952K), 20 survivors (20480K)
 Metaspace       used 59273K, committed 60736K, reserved 1105920K
  class space    used 6564K, committed 7104K, reserved 1048576K
}
Event: 17.923 GC heap after
{Heap after GC invocations=9 (full 0):
 garbage-first heap   total 262144K, used 62464K [0x0000000080000000, 0x0000000100000000)
  region size 1024K, 12 young (12288K), 12 survivors (12288K)
 Metaspace       used 59273K, committed 60736K, reserved 1105920K
  class space    used 6564K, committed 7104K, reserved 1048576K
}
Event: 23.751 GC heap before
{Heap before GC invocations=10 (full 0):
 garbage-first heap   total 262144K, used 175104K [0x0000000080000000, 0x0000000100000000)
  region size 1024K, 120 young (122880K), 12 survivors (12288K)
 Metaspace       used 79892K, committed 82048K, reserved 1122304K
  class space    used 9150K, committed 10048K, reserved 1048576K
}
Event: 23.787 GC heap after
{Heap after GC invocations=11 (full 0):
 garbage-first heap   total 262144K, used 80618K [0x0000000080000000, 0x0000000100000000)
  region size 1024K, 15 young (15360K), 15 survivors (15360K)
 Metaspace       used 79892K, committed 82048K, reserved 1122304K
  class space    used 9150K, committed 10048K, reserved 1048576K
}
Event: 24.492 GC heap before
{Heap before GC invocations=11 (full 0):
 garbage-first heap   total 262144K, used 181994K [0x0000000080000000, 0x0000000100000000)
  region size 1024K, 114 young (116736K), 15 survivors (15360K)
 Metaspace       used 80668K, committed 82816K, reserved 1122304K
  class space    used 9204K, committed 10048K, reserved 1048576K
}
Event: 24.526 GC heap after
{Heap after GC invocations=12 (full 0):
 garbage-first heap   total 262144K, used 93919K [0x0000000080000000, 0x0000000100000000)
  region size 1024K, 12 young (12288K), 12 survivors (12288K)
 Metaspace       used 80668K, committed 82816K, reserved 1122304K
  class space    used 9204K, committed 10048K, reserved 1048576K
}
Event: 25.072 GC heap before
{Heap before GC invocations=12 (full 0):
 garbage-first heap   total 262144K, used 194271K [0x0000000080000000, 0x0000000100000000)
  region size 1024K, 107 young (109568K), 12 survivors (12288K)
 Metaspace       used 81171K, committed 83328K, reserved 1122304K
  class space    used 9254K, committed 10112K, reserved 1048576K
}
Event: 25.101 GC heap after
{Heap after GC invocations=13 (full 0):
 garbage-first heap   total 262144K, used 110879K [0x0000000080000000, 0x0000000100000000)
  region size 1024K, 14 young (14336K), 14 survivors (14336K)
 Metaspace       used 81171K, committed 83328K, reserved 1122304K
  class space    used 9254K, committed 10112K, reserved 1048576K
}
Event: 25.975 GC heap before
{Heap before GC invocations=13 (full 0):
 garbage-first heap   total 262144K, used 196895K [0x0000000080000000, 0x0000000100000000)
  region size 1024K, 99 young (101376K), 14 survivors (14336K)
 Metaspace       used 83952K, committed 86144K, reserved 1130496K
  class space    used 9515K, committed 10368K, reserved 1048576K
}
Event: 25.996 GC heap after
{Heap after GC invocations=14 (full 0):
 garbage-first heap   total 332800K, used 124928K [0x0000000080000000, 0x0000000100000000)
  region size 1024K, 13 young (13312K), 13 survivors (13312K)
 Metaspace       used 83952K, committed 86144K, reserved 1130496K
  class space    used 9515K, committed 10368K, reserved 1048576K
}
Event: 28.659 GC heap before
{Heap before GC invocations=14 (full 0):
 garbage-first heap   total 332800K, used 251904K [0x0000000080000000, 0x0000000100000000)
  region size 1024K, 135 young (138240K), 13 survivors (13312K)
 Metaspace       used 89706K, committed 92032K, reserved 1130496K
  class space    used 10126K, committed 11008K, reserved 1048576K
}
Event: 28.707 GC heap after
{Heap after GC invocations=15 (full 0):
 garbage-first heap   total 332800K, used 147382K [0x0000000080000000, 0x0000000100000000)
  region size 1024K, 17 young (17408K), 17 survivors (17408K)
 Metaspace       used 89706K, committed 92032K, reserved 1130496K
  class space    used 10126K, committed 11008K, reserved 1048576K
}
Event: 31.368 GC heap before
{Heap before GC invocations=15 (full 0):
 garbage-first heap   total 332800K, used 256950K [0x0000000080000000, 0x0000000100000000)
  region size 1024K, 121 young (123904K), 17 survivors (17408K)
 Metaspace       used 98109K, committed 100736K, reserved 1138688K
  class space    used 11224K, committed 12288K, reserved 1048576K
}
Event: 31.400 GC heap after
{Heap after GC invocations=16 (full 0):
 garbage-first heap   total 332800K, used 168615K [0x0000000080000000, 0x0000000100000000)
  region size 1024K, 16 young (16384K), 16 survivors (16384K)
 Metaspace       used 98109K, committed 100736K, reserved 1138688K
  class space    used 11224K, committed 12288K, reserved 1048576K
}
Event: 32.103 GC heap before
{Heap before GC invocations=16 (full 0):
 garbage-first heap   total 332800K, used 254631K [0x0000000080000000, 0x0000000100000000)
  region size 1024K, 101 young (103424K), 16 survivors (16384K)
 Metaspace       used 99063K, committed 101696K, reserved 1138688K
  class space    used 11359K, committed 12416K, reserved 1048576K
}
Event: 32.138 GC heap after
{Heap after GC invocations=17 (full 0):
 garbage-first heap   total 332800K, used 182015K [0x0000000080000000, 0x0000000100000000)
  region size 1024K, 12 young (12288K), 12 survivors (12288K)
 Metaspace       used 99063K, committed 101696K, reserved 1138688K
  class space    used 11359K, committed 12416K, reserved 1048576K
}

Deoptimization events (20 events):
Event: 32.602 Thread 0x000001d5c5661570 DEOPT PACKING pc=0x000001d5a9d1f6ae sp=0x0000009d2b5fb480
Event: 32.602 Thread 0x000001d5c5661570 DEOPT UNPACKING pc=0x000001d5a9372b43 sp=0x0000009d2b5fa920 mode 0
Event: 32.605 Thread 0x000001d5c5661570 DEOPT PACKING pc=0x000001d5a9d1f6ae sp=0x0000009d2b5fb410
Event: 32.605 Thread 0x000001d5c5661570 DEOPT UNPACKING pc=0x000001d5a9372b43 sp=0x0000009d2b5fa8b0 mode 0
Event: 32.608 Thread 0x000001d5c5661570 DEOPT PACKING pc=0x000001d5a9d1f6ae sp=0x0000009d2b5fb550
Event: 32.608 Thread 0x000001d5c5661570 DEOPT UNPACKING pc=0x000001d5a9372b43 sp=0x0000009d2b5fa9f0 mode 0
Event: 32.612 Thread 0x000001d5c5661570 DEOPT PACKING pc=0x000001d5a9d1f6ae sp=0x0000009d2b5fb480
Event: 32.612 Thread 0x000001d5c5661570 DEOPT UNPACKING pc=0x000001d5a9372b43 sp=0x0000009d2b5fa920 mode 0
Event: 32.620 Thread 0x000001d5c5661570 DEOPT PACKING pc=0x000001d5a9d1f6ae sp=0x0000009d2b5fb410
Event: 32.620 Thread 0x000001d5c5661570 DEOPT UNPACKING pc=0x000001d5a9372b43 sp=0x0000009d2b5fa8b0 mode 0
Event: 32.623 Thread 0x000001d5c5661570 DEOPT PACKING pc=0x000001d5a9d1f6ae sp=0x0000009d2b5fb6f0
Event: 32.623 Thread 0x000001d5c5661570 DEOPT UNPACKING pc=0x000001d5a9372b43 sp=0x0000009d2b5fab90 mode 0
Event: 32.627 Thread 0x000001d5c5661570 DEOPT PACKING pc=0x000001d5a9d1f6ae sp=0x0000009d2b5fb410
Event: 32.627 Thread 0x000001d5c5661570 DEOPT UNPACKING pc=0x000001d5a9372b43 sp=0x0000009d2b5fa8b0 mode 0
Event: 32.629 Thread 0x000001d5c5661570 DEOPT PACKING pc=0x000001d5a9d1f6ae sp=0x0000009d2b5fb410
Event: 32.629 Thread 0x000001d5c5661570 DEOPT UNPACKING pc=0x000001d5a9372b43 sp=0x0000009d2b5fa8b0 mode 0
Event: 32.633 Thread 0x000001d5c5661570 DEOPT PACKING pc=0x000001d5a9d1f6ae sp=0x0000009d2b5fb410
Event: 32.633 Thread 0x000001d5c5661570 DEOPT UNPACKING pc=0x000001d5a9372b43 sp=0x0000009d2b5fa8b0 mode 0
Event: 32.635 Thread 0x000001d5c5661570 DEOPT PACKING pc=0x000001d5a9d1f6ae sp=0x0000009d2b5fb6d0
Event: 32.635 Thread 0x000001d5c5661570 DEOPT UNPACKING pc=0x000001d5a9372b43 sp=0x0000009d2b5fab70 mode 0

Classes unloaded (0 events):
No events

Classes redefined (0 events):
No events

Internal exceptions (20 events):
Event: 26.787 Thread 0x000001d5c5661570 Exception <a 'java/lang/NoClassDefFoundError'{0x00000000914d3d58}: org/apache/log4j/Priority> (0x00000000914d3d58) 
thrown [e:\jenkins\tmp\workspace\build\src\src\hotspot\share\classfile\systemDictionary.cpp, line 245]
Event: 26.827 Thread 0x000001d5c5661570 Exception <a 'sun/nio/fs/WindowsException'{0x00000000914ea8c0}> (0x00000000914ea8c0) 
thrown [e:\jenkins\tmp\workspace\build\src\src\hotspot\share\prims\jni.cpp, line 516]
Event: 27.070 Thread 0x000001d5c565f3c0 Exception <a 'java/lang/NoSuchMethodError'{0x0000000091d38c70}: 'void java.lang.invoke.DirectMethodHandle$Holder.invokeStatic(java.lang.Object, int, java.lang.Object)'> (0x0000000091d38c70) 
thrown [e:\jenkins\tmp\workspace\build\src\src\hotspot\share\interpreter\linkResolver.cpp, line 766]
Event: 27.172 Thread 0x000001d5c565f3c0 Exception <a 'java/io/FileNotFoundException'{0x000000008ff17a68}> (0x000000008ff17a68) 
thrown [e:\jenkins\tmp\workspace\build\src\src\hotspot\share\prims\jni.cpp, line 516]
Event: 27.173 Thread 0x000001d5c565f3c0 Exception <a 'java/io/FileNotFoundException'{0x000000008ff19890}> (0x000000008ff19890) 
thrown [e:\jenkins\tmp\workspace\build\src\src\hotspot\share\prims\jni.cpp, line 516]
Event: 27.537 Thread 0x000001d5c56610a0 Exception <a 'sun/nio/fs/WindowsException'{0x000000008e48f840}> (0x000000008e48f840) 
thrown [e:\jenkins\tmp\workspace\build\src\src\hotspot\share\prims\jni.cpp, line 516]
Event: 27.565 Thread 0x000001d5c56610a0 Exception <a 'sun/nio/fs/WindowsException'{0x000000008e497468}> (0x000000008e497468) 
thrown [e:\jenkins\tmp\workspace\build\src\src\hotspot\share\prims\jni.cpp, line 516]
Event: 27.566 Thread 0x000001d5c56610a0 Exception <a 'sun/nio/fs/WindowsException'{0x000000008e4980e8}> (0x000000008e4980e8) 
thrown [e:\jenkins\tmp\workspace\build\src\src\hotspot\share\prims\jni.cpp, line 516]
Event: 27.570 Thread 0x000001d5c56610a0 Exception <a 'sun/nio/fs/WindowsException'{0x000000008e498e00}> (0x000000008e498e00) 
thrown [e:\jenkins\tmp\workspace\build\src\src\hotspot\share\prims\jni.cpp, line 516]
Event: 27.579 Thread 0x000001d5c56610a0 Exception <a 'sun/nio/fs/WindowsException'{0x000000008e49a358}> (0x000000008e49a358) 
thrown [e:\jenkins\tmp\workspace\build\src\src\hotspot\share\prims\jni.cpp, line 516]
Event: 27.595 Thread 0x000001d5c56610a0 Exception <a 'sun/nio/fs/WindowsException'{0x000000008e49f978}> (0x000000008e49f978) 
thrown [e:\jenkins\tmp\workspace\build\src\src\hotspot\share\prims\jni.cpp, line 516]
Event: 27.654 Thread 0x000001d5c56610a0 Exception <a 'sun/nio/fs/WindowsException'{0x000000008de14b68}> (0x000000008de14b68) 
thrown [e:\jenkins\tmp\workspace\build\src\src\hotspot\share\prims\jni.cpp, line 516]
Event: 29.641 Thread 0x000001d5c56623e0 Exception <a 'java/io/FileNotFoundException'{0x000000009395b700}> (0x000000009395b700) 
thrown [e:\jenkins\tmp\workspace\build\src\src\hotspot\share\prims\jni.cpp, line 516]
Event: 30.252 Thread 0x000001d5c56623e0 Exception <a 'java/io/FileNotFoundException'{0x0000000092476c00}> (0x0000000092476c00) 
thrown [e:\jenkins\tmp\workspace\build\src\src\hotspot\share\prims\jni.cpp, line 516]
Event: 30.253 Thread 0x000001d5c56623e0 Exception <a 'java/io/FileNotFoundException'{0x0000000092478740}> (0x0000000092478740) 
thrown [e:\jenkins\tmp\workspace\build\src\src\hotspot\share\prims\jni.cpp, line 516]
Event: 30.594 Thread 0x000001d5c565f3c0 Exception <a 'java/io/FileNotFoundException'{0x00000000915d5be8}> (0x00000000915d5be8) 
thrown [e:\jenkins\tmp\workspace\build\src\src\hotspot\share\prims\jni.cpp, line 516]
Event: 31.048 Thread 0x000001d5c565f3c0 Exception <a 'java/io/FileNotFoundException'{0x000000008f8afed8}> (0x000000008f8afed8) 
thrown [e:\jenkins\tmp\workspace\build\src\src\hotspot\share\prims\jni.cpp, line 516]
Event: 31.345 Thread 0x000001d5c56623e0 Exception <a 'java/io/FileNotFoundException'{0x000000008e1f8b78}> (0x000000008e1f8b78) 
thrown [e:\jenkins\tmp\workspace\build\src\src\hotspot\share\prims\jni.cpp, line 516]
Event: 31.953 Thread 0x000001d5c565f3c0 Exception <a 'java/lang/NoSuchMethodError'{0x000000008fc09fd0}: 'java.lang.Object java.lang.invoke.DirectMethodHandle$Holder.invokeInterface(java.lang.Object, java.lang.Object, java.lang.Object)'> (0x000000008fc09fd0) 
thrown [e:\jenkins\tmp\workspace\build\src\src\hotspot\share\interpreter\linkResolver.cpp, line 766]
Event: 32.372 Thread 0x000001d5c1127870 Exception <a 'java/lang/NoSuchMethodError'{0x0000000092f6e558}: 'void java.lang.invoke.DirectMethodHandle$Holder.invokeSpecial(java.lang.Object, java.lang.Object, java.lang.Object, java.lang.Object, java.lang.Object, java.lang.Object)'> (0x0000000092f6e558) 
thrown [e:\jenkins\tmp\workspace\build\src\src\hotspot\share\interpreter\linkResolver.cpp, line 766]

VM Operations (20 events):
Event: 31.410 Executing VM operation: HandshakeAllThreads done
Event: 31.939 Executing VM operation: HandshakeAllThreads
Event: 31.939 Executing VM operation: HandshakeAllThreads done
Event: 32.049 Executing VM operation: HandshakeAllThreads
Event: 32.066 Executing VM operation: HandshakeAllThreads done
Event: 32.088 Executing VM operation: HandshakeAllThreads
Event: 32.089 Executing VM operation: HandshakeAllThreads done
Event: 32.102 Executing VM operation: CollectForMetadataAllocation
Event: 32.139 Executing VM operation: CollectForMetadataAllocation done
Event: 32.219 Executing VM operation: CollectForMetadataAllocation
Event: 32.223 Executing VM operation: CollectForMetadataAllocation done
Event: 32.223 Executing VM operation: CollectForMetadataAllocation
Event: 32.225 Executing VM operation: CollectForMetadataAllocation done
Event: 32.231 Executing VM operation: CollectForMetadataAllocation
Event: 32.233 Executing VM operation: CollectForMetadataAllocation done
Event: 32.236 Executing VM operation: HandshakeAllThreads
Event: 32.239 Executing VM operation: HandshakeAllThreads done
Event: 32.432 Executing VM operation: CollectForMetadataAllocation
Event: 32.436 Executing VM operation: CollectForMetadataAllocation done
Event: 32.637 Executing VM operation: G1Concurrent

Events (20 events):
Event: 31.211 loading class java/lang/ProcessBuilder$Redirect$1 done
Event: 31.211 loading class java/lang/ProcessBuilder$Redirect$2
Event: 31.211 loading class java/lang/ProcessBuilder$Redirect$2 done
Event: 31.211 loading class java/lang/ProcessBuilder$Redirect$3
Event: 31.211 loading class java/lang/ProcessBuilder$Redirect$3 done
Event: 31.211 loading class java/lang/ProcessBuilder$Redirect$Type
Event: 31.211 loading class java/lang/ProcessBuilder$Redirect$Type done
Event: 31.310 loading class sun/nio/cs/UTF_16$Encoder
Event: 31.310 loading class sun/nio/cs/UnicodeEncoder
Event: 31.310 loading class sun/nio/cs/UnicodeEncoder done
Event: 31.310 loading class sun/nio/cs/UTF_16$Encoder done
Event: 31.313 loading class sun/nio/cs/UTF_16$Decoder
Event: 31.313 loading class sun/nio/cs/UnicodeDecoder
Event: 31.313 loading class sun/nio/cs/UnicodeDecoder done
Event: 31.313 loading class sun/nio/cs/UTF_16$Decoder done
Event: 31.927 loading class java/lang/ProcessBuilder$NullInputStream
Event: 31.927 loading class java/lang/ProcessBuilder$NullInputStream done
Event: 31.927 loading class java/lang/ProcessBuilder$RedirectPipeImpl
Event: 31.927 loading class java/lang/ProcessBuilder$RedirectPipeImpl done
Event: 32.491 Thread 0x000001d5c9649c40 Thread added: 0x000001d5c9649c40


Dynamic libraries:
0x00007ff7fcf90000 - 0x00007ff7fd014000 	C:\Users\ows71\OneDrive\ \FullStack\02_java\eclipse\eclipse.exe
0x00007ff933f70000 - 0x00007ff934187000 	C:\WINDOWS\SYSTEM32\ntdll.dll
0x00007ff933780000 - 0x00007ff933844000 	C:\WINDOWS\System32\KERNEL32.DLL
0x00007ff9318f0000 - 0x00007ff931c9d000 	C:\WINDOWS\System32\KERNELBASE.dll
0x00007ff932f20000 - 0x00007ff9330ce000 	C:\WINDOWS\System32\USER32.dll
0x00007ff931290000 - 0x00007ff9312b6000 	C:\WINDOWS\System32\win32u.dll
0x00007ff9338b0000 - 0x00007ff9338d9000 	C:\WINDOWS\System32\GDI32.dll
0x00007ff931410000 - 0x00007ff931529000 	C:\WINDOWS\System32\gdi32full.dll
0x00007ff9312c0000 - 0x00007ff93135a000 	C:\WINDOWS\System32\msvcp_win.dll
0x00007ff9315f0000 - 0x00007ff931701000 	C:\WINDOWS\System32\ucrtbase.dll
0x00007ff917600000 - 0x00007ff917893000 	C:\WINDOWS\WinSxS\amd64_microsoft.windows.common-controls_6595b64144ccf1df_6.0.22621.3672_none_2713b9d173822955\COMCTL32.dll
0x00007ff932af0000 - 0x00007ff932b97000 	C:\WINDOWS\System32\msvcrt.dll
0x00007ff933d10000 - 0x00007ff933d41000 	C:\WINDOWS\System32\IMM32.DLL
0x00007ff917e90000 - 0x00007ff917ece000 	C:\Users\ows71\OneDrive\ \FullStack\02_java\eclipse\plugins\org.eclipse.equinox.launcher.win32.win32.x86_64_1.2.500.v20220509-0833\eclipse_11700.dll
0x00007ff9330d0000 - 0x00007ff933182000 	C:\WINDOWS\System32\ADVAPI32.dll
0x00007ff932d70000 - 0x00007ff932e19000 	C:\WINDOWS\System32\sechost.dll
0x00007ff931360000 - 0x00007ff931388000 	C:\WINDOWS\System32\bcrypt.dll
0x00007ff931ca0000 - 0x00007ff931db4000 	C:\WINDOWS\System32\RPCRT4.dll
0x00007ff9339f0000 - 0x00007ff933b95000 	C:\WINDOWS\System32\ole32.dll
0x00007ff932760000 - 0x00007ff932aee000 	C:\WINDOWS\System32\combase.dll
0x00007ff9202d0000 - 0x00007ff9202da000 	C:\WINDOWS\SYSTEM32\VERSION.dll
0x00007ff92dbb0000 - 0x00007ff92dc61000 	C:\WINDOWS\system32\uxtheme.dll
0x00007ff932c10000 - 0x00007ff932d6e000 	C:\WINDOWS\System32\MSCTF.dll
0x00007ff930390000 - 0x00007ff9303a8000 	C:\WINDOWS\SYSTEM32\kernel.appcore.dll
0x00007ff931390000 - 0x00007ff93140b000 	C:\WINDOWS\System32\bcryptPrimitives.dll
0x00007ff932630000 - 0x00007ff9326e0000 	C:\WINDOWS\System32\clbcatq.dll
0x00007ff92a2e0000 - 0x00007ff92a423000 	C:\WINDOWS\SYSTEM32\textinputframework.dll
0x00007ff933c30000 - 0x00007ff933d07000 	C:\WINDOWS\System32\OLEAUT32.dll
0x00007ff92d4f0000 - 0x00007ff92d623000 	C:\WINDOWS\SYSTEM32\CoreMessaging.dll
0x00007ff92a430000 - 0x00007ff92a79d000 	C:\WINDOWS\SYSTEM32\CoreUIComponents.dll
0x00007ff92f090000 - 0x00007ff92f1cf000 	C:\WINDOWS\SYSTEM32\wintypes.dll
0x00007ff930b20000 - 0x00007ff930b2c000 	C:\WINDOWS\SYSTEM32\CRYPTBASE.DLL
0x00007ff908f90000 - 0x00007ff908ff9000 	C:\WINDOWS\system32\Oleacc.dll
0x00007ff929bb0000 - 0x00007ff929bfb000 	C:\WINDOWS\system32\ApplicationTargetedFeatureDatabase.dll
0x00007ff927b20000 - 0x00007ff927daa000 	C:\Windows\System32\twinapi.appcore.dll
0x00007ff8cff40000 - 0x00007ff8d0b88000 	C:\Users\ows71\OneDrive\ \FullStack\02_java\eclipse\plugins\org.eclipse.justj.openjdk.hotspot.jre.full.win32.x86_64_17.0.3.v20220515-1416\jre\bin\server\jvm.dll
0x00007ff933190000 - 0x00007ff933198000 	C:\WINDOWS\System32\PSAPI.DLL
0x00007ff9272c0000 - 0x00007ff9272f4000 	C:\WINDOWS\SYSTEM32\WINMM.dll
0x00007ff915df0000 - 0x00007ff915df9000 	C:\WINDOWS\SYSTEM32\WSOCK32.dll
0x00007ff933bb0000 - 0x00007ff933c21000 	C:\WINDOWS\System32\WS2_32.dll
0x00007ff92e0a0000 - 0x00007ff92e0ac000 	C:\WINDOWS\SYSTEM32\VCRUNTIME140_1.dll
0x00007ff92e140000 - 0x00007ff92e15d000 	C:\WINDOWS\SYSTEM32\VCRUNTIME140.dll
0x00007ff92d2e0000 - 0x00007ff92d2ea000 	C:\Users\ows71\OneDrive\ \FullStack\02_java\eclipse\plugins\org.eclipse.justj.openjdk.hotspot.jre.full.win32.x86_64_17.0.3.v20220515-1416\jre\bin\jimage.dll
0x00007ff92ebd0000 - 0x00007ff92ee02000 	C:\WINDOWS\SYSTEM32\DBGHELP.DLL
0x00007ff9113e0000 - 0x00007ff911412000 	C:\WINDOWS\SYSTEM32\dbgcore.DLL
0x00007ff91dae0000 - 0x00007ff91db05000 	C:\Users\ows71\OneDrive\ \FullStack\02_java\eclipse\plugins\org.eclipse.justj.openjdk.hotspot.jre.full.win32.x86_64_17.0.3.v20220515-1416\jre\bin\java.dll
0x00007ff916e20000 - 0x00007ff916e38000 	C:\Users\ows71\OneDrive\ \FullStack\02_java\eclipse\plugins\org.eclipse.justj.openjdk.hotspot.jre.full.win32.x86_64_17.0.3.v20220515-1416\jre\bin\zip.dll
0x00007ff931dc0000 - 0x00007ff932627000 	C:\WINDOWS\System32\SHELL32.dll
0x00007ff92f1d0000 - 0x00007ff92facf000 	C:\WINDOWS\SYSTEM32\windows.storage.dll
0x00007ff9331a0000 - 0x00007ff933299000 	C:\WINDOWS\System32\SHCORE.dll
0x00007ff9332a0000 - 0x00007ff9332fe000 	C:\WINDOWS\System32\shlwapi.dll
0x00007ff9311c0000 - 0x00007ff9311e7000 	C:\WINDOWS\SYSTEM32\profapi.dll
0x00007ff916350000 - 0x00007ff916369000 	C:\Users\ows71\OneDrive\ \FullStack\02_java\eclipse\plugins\org.eclipse.justj.openjdk.hotspot.jre.full.win32.x86_64_17.0.3.v20220515-1416\jre\bin\net.dll
0x00007ff928a70000 - 0x00007ff928ba6000 	C:\WINDOWS\SYSTEM32\WINHTTP.dll
0x00007ff9307f0000 - 0x00007ff930859000 	C:\WINDOWS\system32\mswsock.dll
0x00007ff916330000 - 0x00007ff916345000 	C:\Users\ows71\OneDrive\ \FullStack\02_java\eclipse\plugins\org.eclipse.justj.openjdk.hotspot.jre.full.win32.x86_64_17.0.3.v20220515-1416\jre\bin\nio.dll
0x00007ff929ba0000 - 0x00007ff929bb0000 	C:\Users\ows71\OneDrive\ \FullStack\02_java\eclipse\plugins\org.eclipse.justj.openjdk.hotspot.jre.full.win32.x86_64_17.0.3.v20220515-1416\jre\bin\verify.dll
0x00007ff8e6280000 - 0x00007ff8e6347000 	C:\Users\ows71\OneDrive\ \FullStack\02_java\eclipse\configuration\org.eclipse.osgi\687\0\.cp\swt-win32-4952r11.dll
0x00007ff932e20000 - 0x00007ff932f1f000 	C:\WINDOWS\System32\COMDLG32.dll
0x00007ff912080000 - 0x00007ff91257e000 	C:\WINDOWS\SYSTEM32\WININET.dll
0x00007ff9107e0000 - 0x00007ff910887000 	C:\WINDOWS\SYSTEM32\WINSPOOL.DRV
0x00007ff902bb0000 - 0x00007ff902bc9000 	C:\WINDOWS\SYSTEM32\USP10.dll
0x00007ff92e370000 - 0x00007ff92e470000 	C:\WINDOWS\SYSTEM32\PROPSYS.dll
0x00007ff91e510000 - 0x00007ff91e700000 	C:\WINDOWS\SYSTEM32\urlmon.dll
0x00007ff910770000 - 0x00007ff910777000 	C:\WINDOWS\SYSTEM32\MSIMG32.dll
0x00007ff92de40000 - 0x00007ff92de6b000 	C:\WINDOWS\SYSTEM32\dwmapi.dll
0x00007ff91e220000 - 0x00007ff91e4de000 	C:\WINDOWS\SYSTEM32\iertutil.dll
0x00007ff91e4e0000 - 0x00007ff91e508000 	C:\WINDOWS\SYSTEM32\srvcli.dll
0x00007ff92fd20000 - 0x00007ff92fd2c000 	C:\WINDOWS\SYSTEM32\netutils.dll
0x00007ff89d2b0000 - 0x00007ff89d465000 	C:\Windows\System32\TaskFlowDataEngine.dll
0x00007ff916210000 - 0x00007ff9162c0000 	C:\Windows\System32\OneCoreCommonProxyStub.dll
0x00007ff915950000 - 0x00007ff915978000 	C:\Users\ows71\OneDrive\ \FullStack\02_java\eclipse\configuration\org.eclipse.osgi\687\0\.cp\swt-gdip-win32-4952r11.dll
0x00007ff914860000 - 0x00007ff914a19000 	C:\WINDOWS\WinSxS\amd64_microsoft.windows.gdiplus_6595b64144ccf1df_1.1.22621.3810_none_57f8d842ce19d879\gdiplus.dll
0x00007ff92d9b0000 - 0x00007ff92db61000 	C:\WINDOWS\SYSTEM32\WindowsCodecs.dll
0x0000000180000000 - 0x0000000180012000 	C:\Users\ows71\OneDrive\ \FullStack\02_java\eclipse\configuration\org.eclipse.osgi\112\0\.cp\os\win32\x86_64\localfile_1_0_0.dll
0x00007ff9284e0000 - 0x00007ff9284ee000 	C:\Users\ows71\OneDrive\ \FullStack\02_java\eclipse\plugins\org.eclipse.justj.openjdk.hotspot.jre.full.win32.x86_64_17.0.3.v20220515-1416\jre\bin\sunmscapi.dll
0x00007ff931710000 - 0x00007ff931876000 	C:\WINDOWS\System32\CRYPT32.dll
0x00007ff930c30000 - 0x00007ff930c5e000 	C:\WINDOWS\SYSTEM32\ncrypt.dll
0x00007ff930bf0000 - 0x00007ff930c27000 	C:\WINDOWS\SYSTEM32\NTASN1.dll
0x00007ff905890000 - 0x00007ff9058a7000 	C:\WINDOWS\system32\napinsp.dll
0x00007ff905860000 - 0x00007ff90587b000 	C:\WINDOWS\system32\pnrpnsp.dll
0x00007ff92fe60000 - 0x00007ff92ff58000 	C:\WINDOWS\SYSTEM32\DNSAPI.dll
0x00007ff92fde0000 - 0x00007ff92fe0d000 	C:\WINDOWS\SYSTEM32\IPHLPAPI.DLL
0x00007ff9338e0000 - 0x00007ff9338e9000 	C:\WINDOWS\System32\NSI.dll
0x00007ff905700000 - 0x00007ff905711000 	C:\WINDOWS\System32\winrnr.dll
0x00007ff924e30000 - 0x00007ff924e45000 	C:\WINDOWS\system32\wshbth.dll
0x00007ff9056d0000 - 0x00007ff9056f7000 	C:\WINDOWS\system32\nlansp_c.dll
0x00007ff928d10000 - 0x00007ff928d1a000 	C:\Windows\System32\rasadhlp.dll
0x00007ff924a50000 - 0x00007ff924ad3000 	C:\WINDOWS\System32\fwpuclnt.dll
0x00007ff930b40000 - 0x00007ff930b5b000 	C:\WINDOWS\SYSTEM32\CRYPTSP.dll
0x00007ff9302f0000 - 0x00007ff930325000 	C:\WINDOWS\system32\rsaenh.dll
0x00007ff930890000 - 0x00007ff9308b8000 	C:\WINDOWS\SYSTEM32\USERENV.dll
0x00007ff928e50000 - 0x00007ff928e69000 	C:\WINDOWS\SYSTEM32\dhcpcsvc6.DLL
0x00007ff928d20000 - 0x00007ff928d3f000 	C:\WINDOWS\SYSTEM32\dhcpcsvc.DLL
0x00007ff91df80000 - 0x00007ff91e030000 	C:\WINDOWS\SYSTEM32\TextShaping.dll
0x00007ff902e40000 - 0x00007ff902e9e000 	C:\WINDOWS\system32\dataexchange.dll
0x00007ff9021e0000 - 0x00007ff902224000 	C:\Users\ows71\AppData\Local\Temp\jna--1003752149\jna9467953806373215508.dll
0x00007ff91d820000 - 0x00007ff91dad4000 	C:\WINDOWS\system32\explorerframe.dll
0x00007ff92c3a0000 - 0x00007ff92c613000 	C:\WINDOWS\SYSTEM32\DWrite.dll
0x00007ff931100000 - 0x00007ff9311a3000 	C:\WINDOWS\SYSTEM32\sxs.dll
0x00007ff921490000 - 0x00007ff9214d2000 	C:\WINDOWS\system32\mlang.dll
0x00007ff906d50000 - 0x00007ff906d78000 	C:\WINDOWS\SYSTEM32\edputil.dll

dbghelp: loaded successfully - version: 4.0.5 - missing functions: none
symbol engine: initialized successfully - sym options: 0x614 - pdb path: .;C:\Users\ows71\OneDrive\ \FullStack\02_java\eclipse;C:\WINDOWS\SYSTEM32;C:\WINDOWS\WinSxS\amd64_microsoft.windows.common-controls_6595b64144ccf1df_6.0.22621.3672_none_2713b9d173822955;C:\Users\ows71\OneDrive\ \FullStack\02_java\eclipse\plugins\org.eclipse.equinox.launcher.win32.win32.x86_64_1.2.500.v20220509-0833;C:\Users\ows71\OneDrive\ \FullStack\02_java\eclipse\plugins\org.eclipse.justj.openjdk.hotspot.jre.full.win32.x86_64_17.0.3.v20220515-1416\jre\bin\server;C:\Users\ows71\OneDrive\ \FullStack\02_java\eclipse\plugins\org.eclipse.justj.openjdk.hotspot.jre.full.win32.x86_64_17.0.3.v20220;C:\Users\ows71\OneDrive\ \FullStack\02_java\eclipse\plugins\org.eclipse.justj.openjdk.hotspot.jre.full.win32.x86_64_17.0.3.v2;C:\Users\ows71\OneDrive\ \FullStack\02_java\eclipse\plugins\org.eclipse.justj.openjdk.hotspot.jre.full.win32.x86_64_17.0.;C:\Users\ows71\OneDrive\ \FullStack\02_java\eclipse\plugins\org.eclipse.justj.openjdk.hotspot.jre.full.win32.x86_64_1;C:\Users\ows71\OneDrive\ \FullStack\02_java\eclipse\plugins\org.eclipse.justj.openjdk.hotspot.jre.full.win32.x86_;C:\Users\ows71\OneDrive\ \FullStack\02_java\eclipse\plugins\org.eclipse.justj.openjdk.hotspot.jre.full.win32.x86_64_17.0.3.v20220515-1416\jre\bin;C:\Users\ows71\OneDrive\ \FullStack\02_java\eclipse\;C:\Users\ows71\OneDrive\ \FullStack\02_java\eclipse\configuration\org.eclipse.osgi\687\0\.cp;C:\WINDOWS\WinSxS\amd64_microsoft.windows.gdiplus_6595b6414;C:\WINDOWS\WinSxS\amd64_microsoft.windows.gdiplus_6595b64144ccf1df_1.1.22621.3810_none_57f8d842ce19d879;C:\Users\ows71\OneDrive\ \FullStack\02_java\eclipse\configur;C:\Users\ows71\OneDrive\ \FullStack\02_java\eclipse\conf;C:\Users\ows71\OneDrive\ \FullStack\02_java\eclipse\configuration\org.eclipse.osgi\112\0\.cp\os\win32\;C:\Users\ows71\OneDrive\ \FullStack\02_java\eclipse\configuration\org.eclipse.osgi\112\0\.cp\os\wi

VM Arguments:
jvm_args: -Dosgi.requiredJavaVersion=11 -Dosgi.instance.area.default=@user.home/eclipse-workspace -XX:+UseG1GC -XX:+UseStringDeduplication --add-modules=ALL-SYSTEM -Dosgi.requiredJavaVersion=11 -Dosgi.dataAreaRequiresExplicitInit=true -Dorg.eclipse.swt.graphics.Resource.reportNonDisposed=true -Xms256m -Xmx2048m --add-modules=ALL-SYSTEM 
java_command: Eclipse
java_class_path (initial): C:\Users\ows71\OneDrive\ \FullStack\02_java\eclipse\\plugins/org.eclipse.equinox.launcher_1.6.400.v20210924-0641.jar
Launcher Type: generic

[Global flags]
     intx CICompilerCount                          = 4                                         {product} {ergonomic}
     uint ConcGCThreads                            = 2                                         {product} {ergonomic}
     uint G1ConcRefinementThreads                  = 8                                         {product} {ergonomic}
   size_t G1HeapRegionSize                         = 1048576                                   {product} {ergonomic}
    uintx GCDrainStackTargetSize                   = 64                                        {product} {ergonomic}
   size_t InitialHeapSize                          = 268435456                                 {product} {command line}
   size_t MarkStackSize                            = 4194304                                   {product} {ergonomic}
   size_t MaxHeapSize                              = 2147483648                                {product} {command line}
   size_t MaxNewSize                               = 1287651328                                {product} {ergonomic}
   size_t MinHeapDeltaBytes                        = 1048576                                   {product} {ergonomic}
   size_t MinHeapSize                              = 268435456                                 {product} {command line}
    uintx NonNMethodCodeHeapSize                   = 5839372                                {pd product} {ergonomic}
    uintx NonProfiledCodeHeapSize                  = 122909434                              {pd product} {ergonomic}
    uintx ProfiledCodeHeapSize                     = 122909434                              {pd product} {ergonomic}
    uintx ReservedCodeCacheSize                    = 251658240                              {pd product} {ergonomic}
     bool SegmentedCodeCache                       = true                                      {product} {ergonomic}
   size_t SoftMaxHeapSize                          = 2147483648                             {manageable} {ergonomic}
     bool UseCompressedClassPointers               = true                           {product lp64_product} {ergonomic}
     bool UseCompressedOops                        = true                           {product lp64_product} {ergonomic}
     bool UseG1GC                                  = true                                      {product} {command line}
     bool UseLargePagesIndividualAllocation        = false                                  {pd product} {ergonomic}
     bool UseStringDeduplication                   = true                                      {product} {command line}

Logging:
Log output configuration:
 #0: stdout all=warning uptime,level,tags
 #1: stderr all=off uptime,level,tags

Environment Variables:
JAVA_HOME=C:\Program Files\Amazon Corretto\jdk11.0.24_8
PATH=C:\Users\ows71\Downloads\WINDOWS.X64_193000_db_home\bin;C:\Program Files\Amazon Corretto\jdk11.0.24_8\bin;C:\Program Files (x86)\Windows Resource Kits\Tools\;C:\Program Files (x86)\Intel\Intel(R) Management Engine Components\iCLS\;C:\Program Files\Intel\Intel(R) Management Engine Components\iCLS\;C:\Program Files\Common Files\Oracle\Java\javapath;C:\WINDOWS\system32;C:\WINDOWS;C:\WINDOWS\System32\Wbem;C:\WINDOWS\System32\WindowsPowerShell\v1.0\;C:\WINDOWS\System32\OpenSSH\;C:\Program Files\Intel\WiFi\bin\;C:\Program Files\Common Files\Intel\WirelessCommon\;C:\Program Files\Git\cmd;C:\Program Files\Java\jdk-15.0.2\bin;C:\Program Files\dotnet\;C:\Program Files (x86)\Intel\Intel(R) Management Engine Components\DAL;C:\Program Files\Intel\Intel(R) Management Engine Components\DAL;C:\Program Files\nodejs\;C:\Users\ows71\anaconda3;C:\Users\ows71\anaconda3\Library\mingw-w64\bin;C:\Users\ows71\anaconda3\Library\usr\bin;C:\Users\ows71\anaconda3\Library\bin;C:\Users\ows71\anaconda3\Scripts;C:\Program Files\MySQL\MySQL Shell 8.0\bin\;C:\Users\ows71\AppData\Local\Programs\Python\Python36-32\Scripts\;C:\Users\ows71\AppData\Local\Programs\Python\Python36-32\;C:\Users\ows71\AppData\Local\Microsoft\WindowsApps;C:\Users\ows71\.dotnet\tools;C:\Users\ows71\AppData\Local\Programs\Microsoft VS Code\bin;C:\Users\ows71\AppData\Local\atom\bin;C:\Users\ows71\AppData\Roaming\npm;%USERPROFILE%\AppData\Local\Microsoft\WindowsApps;
USERNAME=ows710
OS=Windows_NT
PROCESSOR_IDENTIFIER=Intel64 Family 6 Model 142 Stepping 10, GenuineIntel



---------------  S Y S T E M  ---------------

OS:
 Windows 11 , 64 bit Build 22621 (10.0.22621.3958)
OS uptime: 16 days 23:45 hours
Hyper-V role detected

CPU: total 8 (initial active 8) (4 cores per cpu, 2 threads per core) family 6 model 142 stepping 10 microcode 0xe0, cx8, cmov, fxsr, ht, mmx, 3dnowpref, sse, sse2, sse3, ssse3, sse4.1, sse4.2, popcnt, lzcnt, tsc, tscinvbit, avx, avx2, aes, erms, clmul, bmi1, bmi2, adx, fma, vzeroupper, clflush, clflushopt, hv

Memory: 4k page, system-wide physical 8107M (328M free)
TotalPageFile size 32683M (AvailPageFile size 16M)
current process WorkingSet (physical memory assigned to process): 599M, peak: 599M
current process commit charge ("private bytes"): 617M, peak: 682M

vm_info: OpenJDK 64-Bit Server VM (17.0.3+7) for windows-amd64 JRE (17.0.3+7), built on Apr 19 2022 16:55:35 by "" with MS VC++ 16.7 (VS2019)

END.
