#
# There is insufficient memory for the Java Runtime Environment to continue.
# Native memory allocation (mmap) failed to map 365953024 bytes for G1 virtual space
# Possible reasons:
#   The system is out of physical RAM or swap space
#   The process is running with CompressedOops enabled, and the Java Heap may be blocking the growth of the native heap
# Possible solutions:
#   Reduce memory load on the system
#   Increase physical memory or swap space
#   Check if swap backing store is full
#   Decrease Java heap size (-Xmx/-Xms)
#   Decrease number of Java threads
#   Decrease Java thread stack sizes (-Xss)
#   Set larger code cache with -XX:ReservedCodeCacheSize=
#   JVM is running with Unscaled Compressed Oops mode in which the Java heap is
#     placed in the first 4GB address space. The Java Heap base address is the
#     maximum limit for the native heap growth. Please use -XX:HeapBaseMinAddress
#     to set the Java Heap base and to place the Java Heap above 4GB virtual address.
# This output file may be truncated or incomplete.
#
#  Out of Memory Error (os_windows.cpp:3535), pid=21436, tid=6544
#
# JRE version: OpenJDK Runtime Environment Temurin-17.0.3+7 (17.0.3+7) (build 17.0.3+7)
# Java VM: OpenJDK 64-Bit Server VM Temurin-17.0.3+7 (17.0.3+7, mixed mode, tiered, compressed oops, compressed class ptrs, g1 gc, windows-amd64)
# No core dump will be written. Minidumps are not enabled by default on client versions of Windows
#

---------------  S U M M A R Y ------------

Command Line: -Dosgi.requiredJavaVersion=11 -Dosgi.instance.area.default=@user.home/eclipse-workspace -XX:+UseG1GC -XX:+UseStringDeduplication --add-modules=ALL-SYSTEM -Dosgi.requiredJavaVersion=11 -Dosgi.dataAreaRequiresExplicitInit=true -Dorg.eclipse.swt.graphics.Resource.reportNonDisposed=true -Xms256m -Xmx2048m --add-modules=ALL-SYSTEM Eclipse

Host: Intel(R) Core(TM) i5-8250U CPU @ 1.60GHz, 8 cores, 7G,  Windows 11 , 64 bit Build 22621 (10.0.22621.3958)
Time: Mon Sep 30 16:17:13 2024  Windows 11 , 64 bit Build 22621 (10.0.22621.3958) elapsed time: 34.014715 seconds (0d 0h 0m 34s)

---------------  T H R E A D  ---------------

Current thread (0x00000292ba4bace0):  VMThread "VM Thread" [stack: 0x000000e164500000,0x000000e164600000] [id=6544]

Stack: [0x000000e164500000,0x000000e164600000]
Native frames: (J=compiled Java code, j=interpreted, Vv=VM code, C=native code)
V  [jvm.dll+0x675efa]
V  [jvm.dll+0x830a24]
V  [jvm.dll+0x8321ce]
V  [jvm.dll+0x832833]
V  [jvm.dll+0x2454b5]
V  [jvm.dll+0x672de9]
V  [jvm.dll+0x667732]
V  [jvm.dll+0x3043ab]
V  [jvm.dll+0x30b8f6]
V  [jvm.dll+0x35b62e]
V  [jvm.dll+0x35b85f]
V  [jvm.dll+0x2db248]
V  [jvm.dll+0x2d94fc]
V  [jvm.dll+0x2d8acc]
V  [jvm.dll+0x31ca2b]
V  [jvm.dll+0x836cdb]
V  [jvm.dll+0x837a14]
V  [jvm.dll+0x837f2c]
V  [jvm.dll+0x838304]
V  [jvm.dll+0x8383d0]
V  [jvm.dll+0x7e0cfa]
V  [jvm.dll+0x674d85]
C  [ucrtbase.dll+0x29333]
C  [KERNEL32.DLL+0x1257d]
C  [ntdll.dll+0x5af28]

VM_Operation (0x000000e1675fdc70): G1CollectForAllocation, mode: safepoint, requested by thread 0x00000292bb318010


---------------  P R O C E S S  ---------------

Threads class SMR info:
_java_thread_list=0x00000292c4bd2a90, length=40, elements={
0x00000292a03f5a30, 0x00000292ba48bc10, 0x00000292ba48d5d0, 0x00000292ba4f3a30,
0x00000292ba512670, 0x00000292ba518f50, 0x00000292ba53ae40, 0x00000292ba53c430,
0x00000292ba54e500, 0x00000292ba563a20, 0x00000292ba670580, 0x00000292ba670f20,
0x00000292ba66ed70, 0x00000292ba670a50, 0x00000292ba66fbe0, 0x00000292ba672730,
0x00000292ba6713f0, 0x00000292ba66f240, 0x00000292c0863200, 0x00000292c085e9d0,
0x00000292c085f840, 0x00000292c085eea0, 0x00000292c085f370, 0x00000292c08601e0,
0x00000292c085fd10, 0x00000292ba671d90, 0x00000292ba672260, 0x00000292ba66f710,
0x00000292ba6700b0, 0x00000292bb316330, 0x00000292bb314650, 0x00000292bb31a1c0,
0x00000292bb314180, 0x00000292bb318010, 0x00000292bb3154c0, 0x00000292bb3184e0,
0x00000292bb318e80, 0x00000292bb31a690, 0x00000292bb319350, 0x00000292d5d0aed0
}

Java Threads: ( => current thread )
  0x00000292a03f5a30 JavaThread "main" [_thread_blocked, id=10488, stack(0x000000e163a00000,0x000000e163b00000)]
  0x00000292ba48bc10 JavaThread "Reference Handler" daemon [_thread_blocked, id=11424, stack(0x000000e164600000,0x000000e164700000)]
  0x00000292ba48d5d0 JavaThread "Finalizer" daemon [_thread_blocked, id=7756, stack(0x000000e164700000,0x000000e164800000)]
  0x00000292ba4f3a30 JavaThread "Signal Dispatcher" daemon [_thread_blocked, id=16652, stack(0x000000e164800000,0x000000e164900000)]
  0x00000292ba512670 JavaThread "Attach Listener" daemon [_thread_blocked, id=15572, stack(0x000000e164900000,0x000000e164a00000)]
  0x00000292ba518f50 JavaThread "Service Thread" daemon [_thread_blocked, id=2652, stack(0x000000e164a00000,0x000000e164b00000)]
  0x00000292ba53ae40 JavaThread "Monitor Deflation Thread" daemon [_thread_blocked, id=18316, stack(0x000000e164b00000,0x000000e164c00000)]
  0x00000292ba53c430 JavaThread "C2 CompilerThread0" daemon [_thread_blocked, id=13852, stack(0x000000e164c00000,0x000000e164d00000)]
  0x00000292ba54e500 JavaThread "C1 CompilerThread0" daemon [_thread_blocked, id=22588, stack(0x000000e164d00000,0x000000e164e00000)]
  0x00000292ba563a20 JavaThread "Sweeper thread" daemon [_thread_blocked, id=12392, stack(0x000000e164e00000,0x000000e164f00000)]
  0x00000292ba670580 JavaThread "Common-Cleaner" daemon [_thread_blocked, id=22332, stack(0x000000e164f00000,0x000000e165000000)]
  0x00000292ba670f20 JavaThread "Notification Thread" daemon [_thread_blocked, id=16856, stack(0x000000e165000000,0x000000e165100000)]
  0x00000292ba66ed70 JavaThread "Active Thread: Equinox Container: 03bed98e-807e-46da-a00c-751dfa5f248d" [_thread_blocked, id=23064, stack(0x000000e165c00000,0x000000e165d00000)]
  0x00000292ba670a50 JavaThread "Framework Event Dispatcher: Equinox Container: 03bed98e-807e-46da-a00c-751dfa5f248d" daemon [_thread_blocked, id=13804, stack(0x000000e165200000,0x000000e165300000)]
  0x00000292ba66fbe0 JavaThread "Start Level: Equinox Container: 03bed98e-807e-46da-a00c-751dfa5f248d" daemon [_thread_blocked, id=22860, stack(0x000000e165d00000,0x000000e165e00000)]
  0x00000292ba672730 JavaThread "SCR Component Actor" daemon [_thread_blocked, id=13140, stack(0x000000e165e00000,0x000000e165f00000)]
  0x00000292ba6713f0 JavaThread "EMF Reference Cleaner" daemon [_thread_blocked, id=10372, stack(0x000000e166100000,0x000000e166200000)]
  0x00000292ba66f240 JavaThread "Worker-JM" [_thread_blocked, id=21184, stack(0x000000e166300000,0x000000e166400000)]
  0x00000292c0863200 JavaThread "Gogo shell" [_thread_blocked, id=20516, stack(0x000000e166500000,0x000000e166600000)]
  0x00000292c085e9d0 JavaThread "Bundle File Closer" daemon [_thread_blocked, id=12356, stack(0x000000e166900000,0x000000e166a00000)]
  0x00000292c085f840 JavaThread "Worker-0" [_thread_blocked, id=11112, stack(0x000000e166b00000,0x000000e166c00000)]
  0x00000292c085eea0 JavaThread "Git Repository Closer" daemon [_thread_blocked, id=16344, stack(0x000000e166c00000,0x000000e166d00000)]
  0x00000292c085f370 JavaThread "Java indexing" daemon [_thread_blocked, id=1008, stack(0x000000e166400000,0x000000e166500000)]
  0x00000292c08601e0 JavaThread "Timer-1" [_thread_blocked, id=4332, stack(0x000000e165f00000,0x000000e166000000)]
  0x00000292c085fd10 JavaThread "ForkJoinPool.commonPool-worker-1" daemon [_thread_blocked, id=7768, stack(0x000000e166e00000,0x000000e166f00000)]
  0x00000292ba671d90 JavaThread "EventAdmin Async Event Dispatcher Thread" daemon [_thread_blocked, id=11464, stack(0x000000e166a00000,0x000000e166b00000)]
  0x00000292ba672260 JavaThread "Worker-1: Decoration Calculation" [_thread_blocked, id=9752, stack(0x000000e166d00000,0x000000e166e00000)]
  0x00000292ba66f710 JavaThread "Worker-2: Deferred Early Start" [_thread_blocked, id=12484, stack(0x000000e166f00000,0x000000e167000000)]
  0x00000292ba6700b0 JavaThread "Worker-3" [_thread_blocked, id=16404, stack(0x000000e167000000,0x000000e167100000)]
  0x00000292bb316330 JavaThread "Worker-4" [_thread_blocked, id=24172, stack(0x000000e167100000,0x000000e167200000)]
  0x00000292bb314650 JavaThread "Worker-5: Java indexing... " [_thread_blocked, id=25208, stack(0x000000e167200000,0x000000e167300000)]
  0x00000292bb31a1c0 JavaThread "Worker-6" [_thread_blocked, id=17572, stack(0x000000e167300000,0x000000e167400000)]
  0x00000292bb314180 JavaThread "Worker-7: JSP Index Manager: Processing Resource Events" [_thread_blocked, id=18624, stack(0x000000e167400000,0x000000e167500000)]
  0x00000292bb318010 JavaThread "Worker-8: Initializing Servers view" [_thread_blocked, id=25308, stack(0x000000e167500000,0x000000e167600000)]
  0x00000292bb3154c0 JavaThread "Worker-9: Computing Git status for repository FullStack" [_thread_blocked, id=25448, stack(0x000000e167600000,0x000000e167700000)]
  0x00000292bb3184e0 JavaThread "Worker-10: Validation" [_thread_blocked, id=12644, stack(0x000000e167700000,0x000000e167800000)]
  0x00000292bb318e80 JavaThread "pool-1-thread-1" [_thread_blocked, id=25244, stack(0x000000e167800000,0x000000e167900000)]
  0x00000292bb31a690 JavaThread "pool-2-thread-1" [_thread_blocked, id=4128, stack(0x000000e167900000,0x000000e167a00000)]
  0x00000292bb319350 JavaThread "JGit-FileStoreAttributeReader-1" daemon [_thread_blocked, id=8604, stack(0x000000e167a00000,0x000000e167b00000)]
  0x00000292d5d0aed0 JavaThread "JavaScript indexing" daemon [_thread_blocked, id=18536, stack(0x000000e167d00000,0x000000e167e00000)]

Other Threads:
=>0x00000292ba4bace0 VMThread "VM Thread" [stack: 0x000000e164500000,0x000000e164600000] [id=6544]
  0x00000292b79c2a00 WatcherThread [stack: 0x000000e165100000,0x000000e165200000] [id=22968]
  0x00000292b79719b0 GCTaskThread "GC Thread#0" [stack: 0x000000e163e00000,0x000000e163f00000] [id=23224]
  0x00000292bb3eaa50 GCTaskThread "GC Thread#1" [stack: 0x000000e165300000,0x000000e165400000] [id=20756]
  0x00000292bb228050 GCTaskThread "GC Thread#2" [stack: 0x000000e165400000,0x000000e165500000] [id=25388]
  0x00000292bb228700 GCTaskThread "GC Thread#3" [stack: 0x000000e165500000,0x000000e165600000] [id=16116]
  0x00000292bb2289b0 GCTaskThread "GC Thread#4" [stack: 0x000000e165600000,0x000000e165700000] [id=10964]
  0x00000292bb228c60 GCTaskThread "GC Thread#5" [stack: 0x000000e165700000,0x000000e165800000] [id=25392]
  0x00000292c018dc70 GCTaskThread "GC Thread#6" [stack: 0x000000e165800000,0x000000e165900000] [id=25016]
  0x00000292bb4e9970 GCTaskThread "GC Thread#7" [stack: 0x000000e165900000,0x000000e165a00000] [id=25008]
  0x00000292b7975e60 ConcurrentGCThread "G1 Main Marker" [stack: 0x000000e164000000,0x000000e164100000] [id=16536]
  0x00000292b7976ae0 ConcurrentGCThread "G1 Conc#0" [stack: 0x000000e164100000,0x000000e164200000] [id=8224]
  0x00000292bfff1970 ConcurrentGCThread "G1 Conc#1" [stack: 0x000000e166200000,0x000000e166300000] [id=17416]
  0x00000292a043ec50 ConcurrentGCThread "G1 Refine#0" [stack: 0x000000e164200000,0x000000e164300000] [id=12456]
  0x00000292bff17cb0 ConcurrentGCThread "G1 Refine#1" [stack: 0x000000e165a00000,0x000000e165b00000] [id=5892]
  0x00000292bb4e9c20 ConcurrentGCThread "G1 Refine#2" [stack: 0x000000e165b00000,0x000000e165c00000] [id=6596]
  0x00000292c212e060 ConcurrentGCThread "G1 Refine#3" [stack: 0x000000e167b00000,0x000000e167c00000] [id=23308]
  0x00000292c212fa40 ConcurrentGCThread "G1 Refine#4" [stack: 0x000000e167c00000,0x000000e167d00000] [id=21944]
  0x00000292b7a7b390 ConcurrentGCThread "G1 Service" [stack: 0x000000e164300000,0x000000e164400000] [id=13008]
  0x00000292ba4ba410 ConcurrentGCThread "StringDedupProcessor" [stack: 0x000000e164400000,0x000000e164500000] [id=11924]

Threads with active compile tasks:
C2 CompilerThread0    34418 10338       4       org.eclipse.jdt.internal.core.search.indexing.BinaryIndexer::extractReferenceFromConstantPool (341 bytes)

VM state: at safepoint (normal execution)

VM Mutex/Monitor currently owned by a thread:  ([mutex/lock_event])
[0x00000292a03f1760] Threads_lock - owner thread: 0x00000292ba4bace0
[0x00000292a03f1520] Heap_lock - owner thread: 0x00000292bb318010

Heap address: 0x0000000080000000, size: 2048 MB, Compressed Oops mode: 32-bit

CDS archive(s) not mapped
Compressed class space mapped at: 0x0000000100000000-0x0000000140000000, reserved size: 1073741824
Narrow klass base: 0x0000000000000000, Narrow klass shift: 3, Narrow klass range: 0x140000000

GC Precious Log:
 CPUs: 8 total, 8 available
 Memory: 8107M
 Large Page Support: Disabled
 NUMA Support: Disabled
 Compressed Oops: Enabled (32-bit)
 Heap Region Size: 1M
 Heap Min Capacity: 256M
 Heap Initial Capacity: 256M
 Heap Max Capacity: 2G
 Pre-touch: Disabled
 Parallel Workers: 8
 Concurrent Workers: 2
 Concurrent Refinement Workers: 8
 Periodic GC: Disabled
 String Deduplication is enabled

Heap:
 garbage-first heap   total 362496K, used 207485K [0x0000000080000000, 0x0000000100000000)
  region size 1024K, 12 young (12288K), 12 survivors (12288K)
 Metaspace       used 96610K, committed 99072K, reserved 1138688K
  class space    used 10937K, committed 12032K, reserved 1048576K

Heap Regions: E=young(eden), S=young(survivor), O=old, HS=humongous(starts), HC=humongous(continues), CS=collection set, F=free, OA=open archive, CA=closed archive, TAMS=top-at-mark-start (previous, next)
|   0|0x0000000080000000, 0x0000000080100000, 0x0000000080100000|100%| O|  |TAMS 0x0000000080100000, 0x0000000080100000| Untracked 
|   1|0x0000000080100000, 0x0000000080200000, 0x0000000080200000|100%| O|  |TAMS 0x0000000080200000, 0x0000000080200000| Untracked 
|   2|0x0000000080200000, 0x0000000080300000, 0x0000000080300000|100%| O|  |TAMS 0x0000000080300000, 0x0000000080300000| Untracked 
|   3|0x0000000080300000, 0x0000000080400000, 0x0000000080400000|100%| O|  |TAMS 0x0000000080400000, 0x0000000080400000| Untracked 
|   4|0x0000000080400000, 0x0000000080500000, 0x0000000080500000|100%| O|  |TAMS 0x0000000080500000, 0x0000000080500000| Untracked 
|   5|0x0000000080500000, 0x0000000080600000, 0x0000000080600000|100%| O|  |TAMS 0x0000000080600000, 0x0000000080600000| Untracked 
|   6|0x0000000080600000, 0x0000000080700000, 0x0000000080700000|100%| O|  |TAMS 0x0000000080700000, 0x0000000080700000| Untracked 
|   7|0x0000000080700000, 0x0000000080800000, 0x0000000080800000|100%| O|  |TAMS 0x0000000080800000, 0x0000000080800000| Untracked 
|   8|0x0000000080800000, 0x0000000080900000, 0x0000000080900000|100%| O|  |TAMS 0x0000000080900000, 0x0000000080900000| Untracked 
|   9|0x0000000080900000, 0x0000000080a00000, 0x0000000080a00000|100%| O|  |TAMS 0x0000000080a00000, 0x0000000080a00000| Untracked 
|  10|0x0000000080a00000, 0x0000000080b00000, 0x0000000080b00000|100%| O|  |TAMS 0x0000000080b00000, 0x0000000080b00000| Untracked 
|  11|0x0000000080b00000, 0x0000000080c00000, 0x0000000080c00000|100%| O|  |TAMS 0x0000000080c00000, 0x0000000080c00000| Untracked 
|  12|0x0000000080c00000, 0x0000000080d00000, 0x0000000080d00000|100%| O|  |TAMS 0x0000000080d00000, 0x0000000080d00000| Untracked 
|  13|0x0000000080d00000, 0x0000000080e00000, 0x0000000080e00000|100%| O|  |TAMS 0x0000000080e00000, 0x0000000080e00000| Untracked 
|  14|0x0000000080e00000, 0x0000000080f00000, 0x0000000080f00000|100%| O|  |TAMS 0x0000000080f00000, 0x0000000080f00000| Untracked 
|  15|0x0000000080f00000, 0x0000000081000000, 0x0000000081000000|100%| O|  |TAMS 0x0000000081000000, 0x0000000081000000| Untracked 
|  16|0x0000000081000000, 0x0000000081100000, 0x0000000081100000|100%|HS|  |TAMS 0x0000000081100000, 0x0000000081100000| Complete 
|  17|0x0000000081100000, 0x0000000081200000, 0x0000000081200000|100%| O|  |TAMS 0x0000000081200000, 0x0000000081200000| Untracked 
|  18|0x0000000081200000, 0x0000000081300000, 0x0000000081300000|100%|HS|  |TAMS 0x0000000081300000, 0x0000000081300000| Complete 
|  19|0x0000000081300000, 0x0000000081400000, 0x0000000081400000|100%| O|  |TAMS 0x0000000081400000, 0x0000000081400000| Untracked 
|  20|0x0000000081400000, 0x0000000081500000, 0x0000000081500000|100%| O|  |TAMS 0x0000000081400000, 0x0000000081400000| Untracked 
|  21|0x0000000081500000, 0x0000000081600000, 0x0000000081600000|100%| O|  |TAMS 0x0000000081600000, 0x0000000081600000| Untracked 
|  22|0x0000000081600000, 0x0000000081700000, 0x0000000081700000|100%| O|  |TAMS 0x0000000081700000, 0x0000000081700000| Untracked 
|  23|0x0000000081700000, 0x0000000081800000, 0x0000000081800000|100%| O|  |TAMS 0x0000000081800000, 0x0000000081800000| Untracked 
|  24|0x0000000081800000, 0x0000000081900000, 0x0000000081900000|100%| O|  |TAMS 0x0000000081900000, 0x0000000081900000| Untracked 
|  25|0x0000000081900000, 0x0000000081a00000, 0x0000000081a00000|100%| O|  |TAMS 0x0000000081a00000, 0x0000000081a00000| Untracked 
|  26|0x0000000081a00000, 0x0000000081b00000, 0x0000000081b00000|100%| O|  |TAMS 0x0000000081b00000, 0x0000000081b00000| Untracked 
|  27|0x0000000081b00000, 0x0000000081c00000, 0x0000000081c00000|100%| O|  |TAMS 0x0000000081c00000, 0x0000000081c00000| Untracked 
|  28|0x0000000081c00000, 0x0000000081d00000, 0x0000000081d00000|100%| O|  |TAMS 0x0000000081d00000, 0x0000000081d00000| Untracked 
|  29|0x0000000081d00000, 0x0000000081e00000, 0x0000000081e00000|100%| O|  |TAMS 0x0000000081e00000, 0x0000000081e00000| Untracked 
|  30|0x0000000081e00000, 0x0000000081f00000, 0x0000000081f00000|100%| O|  |TAMS 0x0000000081f00000, 0x0000000081f00000| Untracked 
|  31|0x0000000081f00000, 0x0000000082000000, 0x0000000082000000|100%| O|  |TAMS 0x0000000082000000, 0x0000000082000000| Untracked 
|  32|0x0000000082000000, 0x0000000082100000, 0x0000000082100000|100%| O|  |TAMS 0x0000000082100000, 0x0000000082100000| Untracked 
|  33|0x0000000082100000, 0x0000000082200000, 0x0000000082200000|100%| O|  |TAMS 0x0000000082200000, 0x0000000082200000| Untracked 
|  34|0x0000000082200000, 0x0000000082300000, 0x0000000082300000|100%| O|  |TAMS 0x0000000082300000, 0x0000000082300000| Untracked 
|  35|0x0000000082300000, 0x0000000082400000, 0x0000000082400000|100%| O|  |TAMS 0x0000000082400000, 0x0000000082400000| Untracked 
|  36|0x0000000082400000, 0x0000000082500000, 0x0000000082500000|100%| O|  |TAMS 0x0000000082500000, 0x0000000082500000| Untracked 
|  37|0x0000000082500000, 0x0000000082600000, 0x0000000082600000|100%| O|  |TAMS 0x0000000082600000, 0x0000000082600000| Untracked 
|  38|0x0000000082600000, 0x0000000082700000, 0x0000000082700000|100%| O|  |TAMS 0x0000000082700000, 0x0000000082700000| Untracked 
|  39|0x0000000082700000, 0x0000000082800000, 0x0000000082800000|100%| O|  |TAMS 0x0000000082800000, 0x0000000082800000| Untracked 
|  40|0x0000000082800000, 0x0000000082900000, 0x0000000082900000|100%| O|  |TAMS 0x0000000082900000, 0x0000000082900000| Untracked 
|  41|0x0000000082900000, 0x0000000082a00000, 0x0000000082a00000|100%| O|  |TAMS 0x0000000082a00000, 0x0000000082a00000| Untracked 
|  42|0x0000000082a00000, 0x0000000082b00000, 0x0000000082b00000|100%| O|  |TAMS 0x0000000082b00000, 0x0000000082b00000| Untracked 
|  43|0x0000000082b00000, 0x0000000082c00000, 0x0000000082c00000|100%| O|  |TAMS 0x0000000082c00000, 0x0000000082c00000| Untracked 
|  44|0x0000000082c00000, 0x0000000082d00000, 0x0000000082d00000|100%| O|  |TAMS 0x0000000082d00000, 0x0000000082d00000| Untracked 
|  45|0x0000000082d00000, 0x0000000082e00000, 0x0000000082e00000|100%| O|  |TAMS 0x0000000082e00000, 0x0000000082e00000| Untracked 
|  46|0x0000000082e00000, 0x0000000082f00000, 0x0000000082f00000|100%| O|  |TAMS 0x0000000082f00000, 0x0000000082f00000| Untracked 
|  47|0x0000000082f00000, 0x0000000083000000, 0x0000000083000000|100%| O|  |TAMS 0x0000000083000000, 0x0000000083000000| Untracked 
|  48|0x0000000083000000, 0x0000000083100000, 0x0000000083100000|100%| O|  |TAMS 0x0000000083100000, 0x0000000083100000| Untracked 
|  49|0x0000000083100000, 0x0000000083200000, 0x0000000083200000|100%| O|  |TAMS 0x0000000083200000, 0x0000000083200000| Untracked 
|  50|0x0000000083200000, 0x0000000083300000, 0x0000000083300000|100%|HS|  |TAMS 0x0000000083300000, 0x0000000083300000| Complete 
|  51|0x0000000083300000, 0x0000000083400000, 0x0000000083400000|100%| O|  |TAMS 0x0000000083400000, 0x0000000083400000| Untracked 
|  52|0x0000000083400000, 0x0000000083500000, 0x0000000083500000|100%| O|  |TAMS 0x0000000083500000, 0x0000000083500000| Untracked 
|  53|0x0000000083500000, 0x0000000083600000, 0x0000000083600000|100%| O|  |TAMS 0x0000000083600000, 0x0000000083600000| Untracked 
|  54|0x0000000083600000, 0x0000000083700000, 0x0000000083700000|100%| O|  |TAMS 0x0000000083700000, 0x0000000083700000| Untracked 
|  55|0x0000000083700000, 0x0000000083800000, 0x0000000083800000|100%| O|  |TAMS 0x0000000083800000, 0x0000000083800000| Untracked 
|  56|0x0000000083800000, 0x0000000083900000, 0x0000000083900000|100%| O|  |TAMS 0x0000000083900000, 0x0000000083900000| Untracked 
|  57|0x0000000083900000, 0x0000000083a00000, 0x0000000083a00000|100%| O|  |TAMS 0x0000000083a00000, 0x0000000083a00000| Untracked 
|  58|0x0000000083a00000, 0x0000000083b00000, 0x0000000083b00000|100%| O|  |TAMS 0x0000000083b00000, 0x0000000083b00000| Untracked 
|  59|0x0000000083b00000, 0x0000000083c00000, 0x0000000083c00000|100%| O|  |TAMS 0x0000000083c00000, 0x0000000083c00000| Untracked 
|  60|0x0000000083c00000, 0x0000000083d00000, 0x0000000083d00000|100%| O|  |TAMS 0x0000000083d00000, 0x0000000083d00000| Untracked 
|  61|0x0000000083d00000, 0x0000000083e00000, 0x0000000083e00000|100%| O|  |TAMS 0x0000000083e00000, 0x0000000083e00000| Untracked 
|  62|0x0000000083e00000, 0x0000000083f00000, 0x0000000083f00000|100%| O|  |TAMS 0x0000000083f00000, 0x0000000083f00000| Untracked 
|  63|0x0000000083f00000, 0x0000000084000000, 0x0000000084000000|100%|HS|  |TAMS 0x0000000084000000, 0x0000000084000000| Untracked 
|  64|0x0000000084000000, 0x0000000084100000, 0x0000000084100000|100%|HS|  |TAMS 0x0000000084100000, 0x0000000084100000| Untracked 
|  65|0x0000000084100000, 0x0000000084200000, 0x0000000084200000|100%| O|  |TAMS 0x0000000084200000, 0x0000000084200000| Untracked 
|  66|0x0000000084200000, 0x0000000084300000, 0x0000000084300000|100%| O|  |TAMS 0x0000000084300000, 0x0000000084300000| Untracked 
|  67|0x0000000084300000, 0x0000000084400000, 0x0000000084400000|100%| O|  |TAMS 0x0000000084400000, 0x0000000084400000| Untracked 
|  68|0x0000000084400000, 0x0000000084500000, 0x0000000084500000|100%| O|  |TAMS 0x0000000084500000, 0x0000000084500000| Untracked 
|  69|0x0000000084500000, 0x0000000084600000, 0x0000000084600000|100%| O|  |TAMS 0x0000000084500000, 0x0000000084500000| Untracked 
|  70|0x0000000084600000, 0x0000000084700000, 0x0000000084700000|100%| O|  |TAMS 0x0000000084600000, 0x0000000084600000| Untracked 
|  71|0x0000000084700000, 0x0000000084800000, 0x0000000084800000|100%| O|  |TAMS 0x0000000084800000, 0x0000000084800000| Untracked 
|  72|0x0000000084800000, 0x0000000084900000, 0x0000000084900000|100%| O|  |TAMS 0x0000000084900000, 0x0000000084900000| Untracked 
|  73|0x0000000084900000, 0x0000000084a00000, 0x0000000084a00000|100%| O|  |TAMS 0x0000000084a00000, 0x0000000084a00000| Untracked 
|  74|0x0000000084a00000, 0x0000000084b00000, 0x0000000084b00000|100%| O|  |TAMS 0x0000000084b00000, 0x0000000084b00000| Untracked 
|  75|0x0000000084b00000, 0x0000000084c00000, 0x0000000084c00000|100%| O|  |TAMS 0x0000000084c00000, 0x0000000084c00000| Untracked 
|  76|0x0000000084c00000, 0x0000000084d00000, 0x0000000084d00000|100%| O|  |TAMS 0x0000000084d00000, 0x0000000084d00000| Untracked 
|  77|0x0000000084d00000, 0x0000000084e00000, 0x0000000084e00000|100%| O|  |TAMS 0x0000000084e00000, 0x0000000084e00000| Untracked 
|  78|0x0000000084e00000, 0x0000000084f00000, 0x0000000084f00000|100%| O|  |TAMS 0x0000000084f00000, 0x0000000084f00000| Untracked 
|  79|0x0000000084f00000, 0x0000000085000000, 0x0000000085000000|100%| O|  |TAMS 0x0000000085000000, 0x0000000085000000| Untracked 
|  80|0x0000000085000000, 0x0000000085100000, 0x0000000085100000|100%| O|  |TAMS 0x0000000085100000, 0x0000000085100000| Untracked 
|  81|0x0000000085100000, 0x0000000085200000, 0x0000000085200000|100%| O|  |TAMS 0x0000000085200000, 0x0000000085200000| Untracked 
|  82|0x0000000085200000, 0x0000000085300000, 0x0000000085300000|100%| O|  |TAMS 0x0000000085300000, 0x0000000085300000| Untracked 
|  83|0x0000000085300000, 0x0000000085400000, 0x0000000085400000|100%| O|  |TAMS 0x0000000085400000, 0x0000000085400000| Untracked 
|  84|0x0000000085400000, 0x0000000085500000, 0x0000000085500000|100%| O|  |TAMS 0x0000000085500000, 0x0000000085500000| Untracked 
|  85|0x0000000085500000, 0x0000000085600000, 0x0000000085600000|100%| O|  |TAMS 0x0000000085600000, 0x0000000085600000| Untracked 
|  86|0x0000000085600000, 0x0000000085700000, 0x0000000085700000|100%|HS|  |TAMS 0x0000000085700000, 0x0000000085700000| Complete 
|  87|0x0000000085700000, 0x0000000085800000, 0x0000000085800000|100%|HC|  |TAMS 0x0000000085800000, 0x0000000085800000| Complete 
|  88|0x0000000085800000, 0x0000000085900000, 0x0000000085900000|100%| O|  |TAMS 0x0000000085900000, 0x0000000085900000| Untracked 
|  89|0x0000000085900000, 0x0000000085a00000, 0x0000000085a00000|100%| O|  |TAMS 0x0000000085a00000, 0x0000000085a00000| Untracked 
|  90|0x0000000085a00000, 0x0000000085b00000, 0x0000000085b00000|100%| O|  |TAMS 0x0000000085b00000, 0x0000000085b00000| Untracked 
|  91|0x0000000085b00000, 0x0000000085c00000, 0x0000000085c00000|100%| O|  |TAMS 0x0000000085c00000, 0x0000000085c00000| Untracked 
|  92|0x0000000085c00000, 0x0000000085d00000, 0x0000000085d00000|100%| O|  |TAMS 0x0000000085d00000, 0x0000000085d00000| Untracked 
|  93|0x0000000085d00000, 0x0000000085e00000, 0x0000000085e00000|100%| O|  |TAMS 0x0000000085e00000, 0x0000000085e00000| Untracked 
|  94|0x0000000085e00000, 0x0000000085f00000, 0x0000000085f00000|100%| O|  |TAMS 0x0000000085f00000, 0x0000000085f00000| Untracked 
|  95|0x0000000085f00000, 0x0000000086000000, 0x0000000086000000|100%| O|  |TAMS 0x0000000086000000, 0x0000000086000000| Untracked 
|  96|0x0000000086000000, 0x0000000086100000, 0x0000000086100000|100%| O|  |TAMS 0x0000000086100000, 0x0000000086100000| Untracked 
|  97|0x0000000086100000, 0x0000000086200000, 0x0000000086200000|100%| O|  |TAMS 0x0000000086200000, 0x0000000086200000| Untracked 
|  98|0x0000000086200000, 0x0000000086300000, 0x0000000086300000|100%| O|  |TAMS 0x0000000086300000, 0x0000000086300000| Untracked 
|  99|0x0000000086300000, 0x0000000086400000, 0x0000000086400000|100%| O|  |TAMS 0x0000000086400000, 0x0000000086400000| Untracked 
| 100|0x0000000086400000, 0x0000000086500000, 0x0000000086500000|100%| O|  |TAMS 0x0000000086500000, 0x0000000086500000| Untracked 
| 101|0x0000000086500000, 0x0000000086600000, 0x0000000086600000|100%| O|  |TAMS 0x0000000086600000, 0x0000000086600000| Untracked 
| 102|0x0000000086600000, 0x0000000086700000, 0x0000000086700000|100%| O|  |TAMS 0x0000000086700000, 0x0000000086700000| Untracked 
| 103|0x0000000086700000, 0x0000000086800000, 0x0000000086800000|100%| O|  |TAMS 0x0000000086800000, 0x0000000086800000| Untracked 
| 104|0x0000000086800000, 0x0000000086900000, 0x0000000086900000|100%| O|  |TAMS 0x0000000086900000, 0x0000000086900000| Untracked 
| 105|0x0000000086900000, 0x0000000086a00000, 0x0000000086a00000|100%|HS|  |TAMS 0x0000000086a00000, 0x0000000086a00000| Complete 
| 106|0x0000000086a00000, 0x0000000086b00000, 0x0000000086b00000|100%| O|  |TAMS 0x0000000086b00000, 0x0000000086b00000| Untracked 
| 107|0x0000000086b00000, 0x0000000086c00000, 0x0000000086c00000|100%| O|  |TAMS 0x0000000086c00000, 0x0000000086c00000| Untracked 
| 108|0x0000000086c00000, 0x0000000086d00000, 0x0000000086d00000|100%| O|  |TAMS 0x0000000086d00000, 0x0000000086d00000| Untracked 
| 109|0x0000000086d00000, 0x0000000086e00000, 0x0000000086e00000|100%| O|  |TAMS 0x0000000086e00000, 0x0000000086e00000| Untracked 
| 110|0x0000000086e00000, 0x0000000086f00000, 0x0000000086f00000|100%| O|  |TAMS 0x0000000086f00000, 0x0000000086f00000| Untracked 
| 111|0x0000000086f00000, 0x0000000087000000, 0x0000000087000000|100%| O|  |TAMS 0x0000000087000000, 0x0000000087000000| Untracked 
| 112|0x0000000087000000, 0x0000000087100000, 0x0000000087100000|100%| O|  |TAMS 0x0000000087100000, 0x0000000087100000| Untracked 
| 113|0x0000000087100000, 0x0000000087200000, 0x0000000087200000|100%| O|  |TAMS 0x0000000087200000, 0x0000000087200000| Untracked 
| 114|0x0000000087200000, 0x0000000087300000, 0x0000000087300000|100%| O|  |TAMS 0x0000000087300000, 0x0000000087300000| Untracked 
| 115|0x0000000087300000, 0x0000000087400000, 0x0000000087400000|100%| O|  |TAMS 0x0000000087400000, 0x0000000087400000| Untracked 
| 116|0x0000000087400000, 0x0000000087500000, 0x0000000087500000|100%| O|  |TAMS 0x0000000087500000, 0x0000000087500000| Untracked 
| 117|0x0000000087500000, 0x0000000087600000, 0x0000000087600000|100%| O|  |TAMS 0x0000000087600000, 0x0000000087600000| Untracked 
| 118|0x0000000087600000, 0x0000000087700000, 0x0000000087700000|100%| O|  |TAMS 0x0000000087700000, 0x0000000087700000| Untracked 
| 119|0x0000000087700000, 0x0000000087800000, 0x0000000087800000|100%| O|  |TAMS 0x0000000087800000, 0x0000000087800000| Untracked 
| 120|0x0000000087800000, 0x0000000087900000, 0x0000000087900000|100%| O|  |TAMS 0x0000000087900000, 0x0000000087900000| Untracked 
| 121|0x0000000087900000, 0x000000008799f400, 0x0000000087a00000| 62%| O|  |TAMS 0x0000000087900000, 0x0000000087900000| Untracked 
| 122|0x0000000087a00000, 0x0000000087b00000, 0x0000000087b00000|100%| O|  |TAMS 0x0000000087a00000, 0x0000000087b00000| Untracked 
| 123|0x0000000087b00000, 0x0000000087c00000, 0x0000000087c00000|100%| O|  |TAMS 0x0000000087c00000, 0x0000000087c00000| Untracked 
| 124|0x0000000087c00000, 0x0000000087d00000, 0x0000000087d00000|100%| O|  |TAMS 0x0000000087d00000, 0x0000000087d00000| Untracked 
| 125|0x0000000087d00000, 0x0000000087e00000, 0x0000000087e00000|100%| O|  |TAMS 0x0000000087e00000, 0x0000000087e00000| Untracked 
| 126|0x0000000087e00000, 0x0000000087f00000, 0x0000000087f00000|100%| O|  |TAMS 0x0000000087f00000, 0x0000000087f00000| Untracked 
| 127|0x0000000087f00000, 0x0000000088000000, 0x0000000088000000|100%| O|  |TAMS 0x0000000088000000, 0x0000000088000000| Untracked 
| 128|0x0000000088000000, 0x0000000088100000, 0x0000000088100000|100%| O|  |TAMS 0x0000000088100000, 0x0000000088100000| Untracked 
| 129|0x0000000088100000, 0x0000000088200000, 0x0000000088200000|100%| O|  |TAMS 0x0000000088200000, 0x0000000088200000| Untracked 
| 130|0x0000000088200000, 0x0000000088300000, 0x0000000088300000|100%| O|  |TAMS 0x0000000088300000, 0x0000000088300000| Untracked 
| 131|0x0000000088300000, 0x0000000088400000, 0x0000000088400000|100%| O|  |TAMS 0x0000000088400000, 0x0000000088400000| Untracked 
| 132|0x0000000088400000, 0x0000000088500000, 0x0000000088500000|100%| O|  |TAMS 0x0000000088500000, 0x0000000088500000| Untracked 
| 133|0x0000000088500000, 0x0000000088600000, 0x0000000088600000|100%| O|  |TAMS 0x0000000088600000, 0x0000000088600000| Untracked 
| 134|0x0000000088600000, 0x0000000088700000, 0x0000000088700000|100%| O|  |TAMS 0x0000000088700000, 0x0000000088700000| Untracked 
| 135|0x0000000088700000, 0x0000000088800000, 0x0000000088800000|100%| O|  |TAMS 0x0000000088800000, 0x0000000088800000| Untracked 
| 136|0x0000000088800000, 0x0000000088900000, 0x0000000088900000|100%| O|  |TAMS 0x0000000088900000, 0x0000000088900000| Untracked 
| 137|0x0000000088900000, 0x0000000088a00000, 0x0000000088a00000|100%| O|  |TAMS 0x0000000088a00000, 0x0000000088a00000| Untracked 
| 138|0x0000000088a00000, 0x0000000088b00000, 0x0000000088b00000|100%| O|  |TAMS 0x0000000088b00000, 0x0000000088b00000| Untracked 
| 139|0x0000000088b00000, 0x0000000088c00000, 0x0000000088c00000|100%| O|  |TAMS 0x0000000088c00000, 0x0000000088c00000| Untracked 
| 140|0x0000000088c00000, 0x0000000088c00000, 0x0000000088d00000|  0%| F|  |TAMS 0x0000000088c00000, 0x0000000088c00000| Untracked 
| 141|0x0000000088d00000, 0x0000000088e00000, 0x0000000088e00000|100%| O|  |TAMS 0x0000000088e00000, 0x0000000088e00000| Untracked 
| 142|0x0000000088e00000, 0x0000000088f00000, 0x0000000088f00000|100%| O|  |TAMS 0x0000000088e00000, 0x0000000088f00000| Untracked 
| 143|0x0000000088f00000, 0x0000000089000000, 0x0000000089000000|100%| O|  |TAMS 0x0000000088f00000, 0x0000000089000000| Untracked 
| 144|0x0000000089000000, 0x0000000089100000, 0x0000000089100000|100%| O|  |TAMS 0x0000000089000000, 0x0000000089100000| Untracked 
| 145|0x0000000089100000, 0x0000000089200000, 0x0000000089200000|100%| O|  |TAMS 0x0000000089100000, 0x0000000089200000| Untracked 
| 146|0x0000000089200000, 0x0000000089300000, 0x0000000089300000|100%| O|  |TAMS 0x0000000089200000, 0x0000000089300000| Untracked 
| 147|0x0000000089300000, 0x0000000089400000, 0x0000000089400000|100%| O|  |TAMS 0x0000000089300000, 0x0000000089400000| Untracked 
| 148|0x0000000089400000, 0x0000000089500000, 0x0000000089500000|100%| O|  |TAMS 0x0000000089400000, 0x0000000089500000| Untracked 
| 149|0x0000000089500000, 0x0000000089600000, 0x0000000089600000|100%| O|  |TAMS 0x0000000089500000, 0x0000000089600000| Untracked 
| 150|0x0000000089600000, 0x0000000089700000, 0x0000000089700000|100%| O|  |TAMS 0x0000000089600000, 0x0000000089700000| Untracked 
| 151|0x0000000089700000, 0x0000000089800000, 0x0000000089800000|100%| O|  |TAMS 0x0000000089700000, 0x0000000089800000| Untracked 
| 152|0x0000000089800000, 0x0000000089900000, 0x0000000089900000|100%| O|  |TAMS 0x0000000089800000, 0x0000000089900000| Untracked 
| 153|0x0000000089900000, 0x0000000089a00000, 0x0000000089a00000|100%| O|  |TAMS 0x0000000089900000, 0x0000000089a00000| Untracked 
| 154|0x0000000089a00000, 0x0000000089b00000, 0x0000000089b00000|100%| O|  |TAMS 0x0000000089a00000, 0x0000000089b00000| Untracked 
| 155|0x0000000089b00000, 0x0000000089c00000, 0x0000000089c00000|100%| O|  |TAMS 0x0000000089b00000, 0x0000000089c00000| Untracked 
| 156|0x0000000089c00000, 0x0000000089d00000, 0x0000000089d00000|100%| O|  |TAMS 0x0000000089c00000, 0x0000000089d00000| Untracked 
| 157|0x0000000089d00000, 0x0000000089e00000, 0x0000000089e00000|100%| O|  |TAMS 0x0000000089d00000, 0x0000000089e00000| Untracked 
| 158|0x0000000089e00000, 0x0000000089f00000, 0x0000000089f00000|100%| O|  |TAMS 0x0000000089e00000, 0x0000000089f00000| Untracked 
| 159|0x0000000089f00000, 0x000000008a000000, 0x000000008a000000|100%| O|  |TAMS 0x0000000089f00000, 0x000000008a000000| Untracked 
| 160|0x000000008a000000, 0x000000008a100000, 0x000000008a100000|100%|HS|  |TAMS 0x000000008a000000, 0x000000008a100000| Complete 
| 161|0x000000008a100000, 0x000000008a200000, 0x000000008a200000|100%|HC|  |TAMS 0x000000008a100000, 0x000000008a200000| Complete 
| 162|0x000000008a200000, 0x000000008a300000, 0x000000008a300000|100%| O|  |TAMS 0x000000008a200000, 0x000000008a300000| Untracked 
| 163|0x000000008a300000, 0x000000008a400000, 0x000000008a400000|100%| O|  |TAMS 0x000000008a300000, 0x000000008a400000| Untracked 
| 164|0x000000008a400000, 0x000000008a500000, 0x000000008a500000|100%| O|  |TAMS 0x000000008a400000, 0x000000008a500000| Untracked 
| 165|0x000000008a500000, 0x000000008a600000, 0x000000008a600000|100%| O|  |TAMS 0x000000008a500000, 0x000000008a600000| Untracked 
| 166|0x000000008a600000, 0x000000008a700000, 0x000000008a700000|100%| O|  |TAMS 0x000000008a600000, 0x000000008a700000| Untracked 
| 167|0x000000008a700000, 0x000000008a800000, 0x000000008a800000|100%| O|  |TAMS 0x000000008a700000, 0x000000008a800000| Untracked 
| 168|0x000000008a800000, 0x000000008a900000, 0x000000008a900000|100%| O|  |TAMS 0x000000008a800000, 0x000000008a900000| Untracked 
| 169|0x000000008a900000, 0x000000008aa00000, 0x000000008aa00000|100%| O|  |TAMS 0x000000008a900000, 0x000000008aa00000| Untracked 
| 170|0x000000008aa00000, 0x000000008ab00000, 0x000000008ab00000|100%| O|  |TAMS 0x000000008aa00000, 0x000000008ab00000| Untracked 
| 171|0x000000008ab00000, 0x000000008ac00000, 0x000000008ac00000|100%| O|  |TAMS 0x000000008ab00000, 0x000000008ac00000| Untracked 
| 172|0x000000008ac00000, 0x000000008ad00000, 0x000000008ad00000|100%| O|  |TAMS 0x000000008ac00000, 0x000000008ad00000| Untracked 
| 173|0x000000008ad00000, 0x000000008ae00000, 0x000000008ae00000|100%| O|  |TAMS 0x000000008ad00000, 0x000000008ae00000| Untracked 
| 174|0x000000008ae00000, 0x000000008af00000, 0x000000008af00000|100%| O|  |TAMS 0x000000008ae00000, 0x000000008af00000| Untracked 
| 175|0x000000008af00000, 0x000000008b000000, 0x000000008b000000|100%| O|  |TAMS 0x000000008af00000, 0x000000008b000000| Untracked 
| 176|0x000000008b000000, 0x000000008b100000, 0x000000008b100000|100%| O|  |TAMS 0x000000008b000000, 0x000000008b100000| Untracked 
| 177|0x000000008b100000, 0x000000008b200000, 0x000000008b200000|100%| O|  |TAMS 0x000000008b100000, 0x000000008b200000| Untracked 
| 178|0x000000008b200000, 0x000000008b300000, 0x000000008b300000|100%| O|  |TAMS 0x000000008b200000, 0x000000008b300000| Untracked 
| 179|0x000000008b300000, 0x000000008b400000, 0x000000008b400000|100%| O|  |TAMS 0x000000008b300000, 0x000000008b400000| Untracked 
| 180|0x000000008b400000, 0x000000008b500000, 0x000000008b500000|100%| O|  |TAMS 0x000000008b400000, 0x000000008b500000| Untracked 
| 181|0x000000008b500000, 0x000000008b600000, 0x000000008b600000|100%| O|  |TAMS 0x000000008b500000, 0x000000008b600000| Untracked 
| 182|0x000000008b600000, 0x000000008b700000, 0x000000008b700000|100%| O|  |TAMS 0x000000008b600000, 0x000000008b700000| Untracked 
| 183|0x000000008b700000, 0x000000008b800000, 0x000000008b800000|100%| O|  |TAMS 0x000000008b700000, 0x000000008b800000| Untracked 
| 184|0x000000008b800000, 0x000000008b900000, 0x000000008b900000|100%| O|  |TAMS 0x000000008b800000, 0x000000008b900000| Untracked 
| 185|0x000000008b900000, 0x000000008ba00000, 0x000000008ba00000|100%| O|  |TAMS 0x000000008b900000, 0x000000008ba00000| Untracked 
| 186|0x000000008ba00000, 0x000000008bb00000, 0x000000008bb00000|100%| O|  |TAMS 0x000000008ba00000, 0x000000008bb00000| Untracked 
| 187|0x000000008bb00000, 0x000000008bc00000, 0x000000008bc00000|100%| O|  |TAMS 0x000000008bb00000, 0x000000008bc00000| Untracked 
| 188|0x000000008bc00000, 0x000000008bd00000, 0x000000008bd00000|100%| O|  |TAMS 0x000000008bc00000, 0x000000008bd00000| Untracked 
| 189|0x000000008bd00000, 0x000000008be00000, 0x000000008be00000|100%| O|  |TAMS 0x000000008bd00000, 0x000000008be00000| Untracked 
| 190|0x000000008be00000, 0x000000008bf00000, 0x000000008bf00000|100%| O|  |TAMS 0x000000008be00000, 0x000000008bf00000| Untracked 
| 191|0x000000008bf00000, 0x000000008c000000, 0x000000008c000000|100%| O|  |TAMS 0x000000008bf00000, 0x000000008bf5e200| Untracked 
| 192|0x000000008c000000, 0x000000008c000000, 0x000000008c100000|  0%| F|  |TAMS 0x000000008c000000, 0x000000008c000000| Untracked 
| 193|0x000000008c100000, 0x000000008c100000, 0x000000008c200000|  0%| F|  |TAMS 0x000000008c100000, 0x000000008c100000| Untracked 
| 194|0x000000008c200000, 0x000000008c200000, 0x000000008c300000|  0%| F|  |TAMS 0x000000008c200000, 0x000000008c200000| Untracked 
| 195|0x000000008c300000, 0x000000008c300000, 0x000000008c400000|  0%| F|  |TAMS 0x000000008c300000, 0x000000008c300000| Untracked 
| 196|0x000000008c400000, 0x000000008c400000, 0x000000008c500000|  0%| F|  |TAMS 0x000000008c400000, 0x000000008c400000| Untracked 
| 197|0x000000008c500000, 0x000000008c500000, 0x000000008c600000|  0%| F|  |TAMS 0x000000008c500000, 0x000000008c500000| Untracked 
| 198|0x000000008c600000, 0x000000008c600000, 0x000000008c700000|  0%| F|  |TAMS 0x000000008c600000, 0x000000008c600000| Untracked 
| 199|0x000000008c700000, 0x000000008c700000, 0x000000008c800000|  0%| F|  |TAMS 0x000000008c700000, 0x000000008c700000| Untracked 
| 200|0x000000008c800000, 0x000000008c800000, 0x000000008c900000|  0%| F|  |TAMS 0x000000008c800000, 0x000000008c800000| Untracked 
| 201|0x000000008c900000, 0x000000008c900000, 0x000000008ca00000|  0%| F|  |TAMS 0x000000008c900000, 0x000000008c900000| Untracked 
| 202|0x000000008ca00000, 0x000000008ca00000, 0x000000008cb00000|  0%| F|  |TAMS 0x000000008ca00000, 0x000000008ca00000| Untracked 
| 203|0x000000008cb00000, 0x000000008cb00000, 0x000000008cc00000|  0%| F|  |TAMS 0x000000008cb00000, 0x000000008cb00000| Untracked 
| 204|0x000000008cc00000, 0x000000008cc00000, 0x000000008cd00000|  0%| F|  |TAMS 0x000000008cc00000, 0x000000008cc00000| Untracked 
| 205|0x000000008cd00000, 0x000000008cd00000, 0x000000008ce00000|  0%| F|  |TAMS 0x000000008cd00000, 0x000000008cd00000| Untracked 
| 206|0x000000008ce00000, 0x000000008ce00000, 0x000000008cf00000|  0%| F|  |TAMS 0x000000008ce00000, 0x000000008ce00000| Untracked 
| 207|0x000000008cf00000, 0x000000008cf00000, 0x000000008d000000|  0%| F|  |TAMS 0x000000008cf00000, 0x000000008cf00000| Untracked 
| 208|0x000000008d000000, 0x000000008d000000, 0x000000008d100000|  0%| F|  |TAMS 0x000000008d000000, 0x000000008d000000| Untracked 
| 209|0x000000008d100000, 0x000000008d100000, 0x000000008d200000|  0%| F|  |TAMS 0x000000008d100000, 0x000000008d100000| Untracked 
| 210|0x000000008d200000, 0x000000008d200000, 0x000000008d300000|  0%| F|  |TAMS 0x000000008d200000, 0x000000008d200000| Untracked 
| 211|0x000000008d300000, 0x000000008d300000, 0x000000008d400000|  0%| F|  |TAMS 0x000000008d300000, 0x000000008d300000| Untracked 
| 212|0x000000008d400000, 0x000000008d400000, 0x000000008d500000|  0%| F|  |TAMS 0x000000008d400000, 0x000000008d400000| Untracked 
| 213|0x000000008d500000, 0x000000008d500000, 0x000000008d600000|  0%| F|  |TAMS 0x000000008d500000, 0x000000008d500000| Untracked 
| 214|0x000000008d600000, 0x000000008d600000, 0x000000008d700000|  0%| F|  |TAMS 0x000000008d600000, 0x000000008d600000| Untracked 
| 215|0x000000008d700000, 0x000000008d700000, 0x000000008d800000|  0%| F|  |TAMS 0x000000008d700000, 0x000000008d700000| Untracked 
| 216|0x000000008d800000, 0x000000008d800000, 0x000000008d900000|  0%| F|  |TAMS 0x000000008d800000, 0x000000008d800000| Untracked 
| 217|0x000000008d900000, 0x000000008d900000, 0x000000008da00000|  0%| F|  |TAMS 0x000000008d900000, 0x000000008d900000| Untracked 
| 218|0x000000008da00000, 0x000000008da00000, 0x000000008db00000|  0%| F|  |TAMS 0x000000008da00000, 0x000000008da00000| Untracked 
| 219|0x000000008db00000, 0x000000008db00000, 0x000000008dc00000|  0%| F|  |TAMS 0x000000008db00000, 0x000000008db00000| Untracked 
| 220|0x000000008dc00000, 0x000000008dc00000, 0x000000008dd00000|  0%| F|  |TAMS 0x000000008dc00000, 0x000000008dc00000| Untracked 
| 221|0x000000008dd00000, 0x000000008dd00000, 0x000000008de00000|  0%| F|  |TAMS 0x000000008dd00000, 0x000000008dd00000| Untracked 
| 222|0x000000008de00000, 0x000000008de00000, 0x000000008df00000|  0%| F|  |TAMS 0x000000008de00000, 0x000000008de00000| Untracked 
| 223|0x000000008df00000, 0x000000008df00000, 0x000000008e000000|  0%| F|  |TAMS 0x000000008df00000, 0x000000008df00000| Untracked 
| 224|0x000000008e000000, 0x000000008e000000, 0x000000008e100000|  0%| F|  |TAMS 0x000000008e000000, 0x000000008e000000| Untracked 
| 225|0x000000008e100000, 0x000000008e100000, 0x000000008e200000|  0%| F|  |TAMS 0x000000008e100000, 0x000000008e100000| Untracked 
| 226|0x000000008e200000, 0x000000008e200000, 0x000000008e300000|  0%| F|  |TAMS 0x000000008e200000, 0x000000008e200000| Untracked 
| 227|0x000000008e300000, 0x000000008e300000, 0x000000008e400000|  0%| F|  |TAMS 0x000000008e300000, 0x000000008e300000| Untracked 
| 228|0x000000008e400000, 0x000000008e400000, 0x000000008e500000|  0%| F|  |TAMS 0x000000008e400000, 0x000000008e400000| Untracked 
| 229|0x000000008e500000, 0x000000008e500000, 0x000000008e600000|  0%| F|  |TAMS 0x000000008e500000, 0x000000008e500000| Untracked 
| 230|0x000000008e600000, 0x000000008e600000, 0x000000008e700000|  0%| F|  |TAMS 0x000000008e600000, 0x000000008e600000| Untracked 
| 231|0x000000008e700000, 0x000000008e700000, 0x000000008e800000|  0%| F|  |TAMS 0x000000008e700000, 0x000000008e700000| Untracked 
| 232|0x000000008e800000, 0x000000008e800000, 0x000000008e900000|  0%| F|  |TAMS 0x000000008e800000, 0x000000008e800000| Untracked 
| 233|0x000000008e900000, 0x000000008e900000, 0x000000008ea00000|  0%| F|  |TAMS 0x000000008e900000, 0x000000008e900000| Untracked 
| 234|0x000000008ea00000, 0x000000008ea00000, 0x000000008eb00000|  0%| F|  |TAMS 0x000000008ea00000, 0x000000008ea00000| Untracked 
| 235|0x000000008eb00000, 0x000000008eb00000, 0x000000008ec00000|  0%| F|  |TAMS 0x000000008eb00000, 0x000000008eb00000| Untracked 
| 236|0x000000008ec00000, 0x000000008ec00000, 0x000000008ed00000|  0%| F|  |TAMS 0x000000008ec00000, 0x000000008ec00000| Untracked 
| 237|0x000000008ed00000, 0x000000008ed00000, 0x000000008ee00000|  0%| F|  |TAMS 0x000000008ed00000, 0x000000008ed00000| Untracked 
| 238|0x000000008ee00000, 0x000000008ee00000, 0x000000008ef00000|  0%| F|  |TAMS 0x000000008ee00000, 0x000000008ee00000| Untracked 
| 239|0x000000008ef00000, 0x000000008ef00000, 0x000000008f000000|  0%| F|  |TAMS 0x000000008ef00000, 0x000000008ef00000| Untracked 
| 240|0x000000008f000000, 0x000000008f000000, 0x000000008f100000|  0%| F|  |TAMS 0x000000008f000000, 0x000000008f000000| Untracked 
| 241|0x000000008f100000, 0x000000008f100000, 0x000000008f200000|  0%| F|  |TAMS 0x000000008f100000, 0x000000008f100000| Untracked 
| 242|0x000000008f200000, 0x000000008f200000, 0x000000008f300000|  0%| F|  |TAMS 0x000000008f200000, 0x000000008f200000| Untracked 
| 243|0x000000008f300000, 0x000000008f300000, 0x000000008f400000|  0%| F|  |TAMS 0x000000008f300000, 0x000000008f300000| Untracked 
| 244|0x000000008f400000, 0x000000008f400000, 0x000000008f500000|  0%| F|  |TAMS 0x000000008f400000, 0x000000008f400000| Untracked 
| 245|0x000000008f500000, 0x000000008f500000, 0x000000008f600000|  0%| F|  |TAMS 0x000000008f500000, 0x000000008f500000| Untracked 
| 246|0x000000008f600000, 0x000000008f600000, 0x000000008f700000|  0%| F|  |TAMS 0x000000008f600000, 0x000000008f600000| Untracked 
| 247|0x000000008f700000, 0x000000008f700000, 0x000000008f800000|  0%| F|  |TAMS 0x000000008f700000, 0x000000008f700000| Untracked 
| 248|0x000000008f800000, 0x000000008f800000, 0x000000008f900000|  0%| F|  |TAMS 0x000000008f800000, 0x000000008f800000| Untracked 
| 249|0x000000008f900000, 0x000000008f900000, 0x000000008fa00000|  0%| F|  |TAMS 0x000000008f900000, 0x000000008f900000| Untracked 
| 250|0x000000008fa00000, 0x000000008fa00000, 0x000000008fb00000|  0%| F|  |TAMS 0x000000008fa00000, 0x000000008fa00000| Untracked 
| 251|0x000000008fb00000, 0x000000008fc00000, 0x000000008fc00000|100%| S|CS|TAMS 0x000000008fb00000, 0x000000008fb00000| Complete 
| 252|0x000000008fc00000, 0x000000008fd00000, 0x000000008fd00000|100%| S|CS|TAMS 0x000000008fc00000, 0x000000008fc00000| Complete 
| 253|0x000000008fd00000, 0x000000008fe00000, 0x000000008fe00000|100%| S|CS|TAMS 0x000000008fd00000, 0x000000008fd00000| Complete 
| 254|0x000000008fe00000, 0x000000008ff00000, 0x000000008ff00000|100%| S|CS|TAMS 0x000000008fe00000, 0x000000008fe00000| Complete 
| 255|0x000000008ff00000, 0x0000000090000000, 0x0000000090000000|100%| S|CS|TAMS 0x000000008ff00000, 0x000000008ff00000| Complete 
| 256|0x0000000090000000, 0x0000000090100000, 0x0000000090100000|100%| S|CS|TAMS 0x0000000090000000, 0x0000000090000000| Complete 
| 257|0x0000000090100000, 0x0000000090200000, 0x0000000090200000|100%| S|CS|TAMS 0x0000000090100000, 0x0000000090100000| Complete 
| 258|0x0000000090200000, 0x0000000090300000, 0x0000000090300000|100%| S|CS|TAMS 0x0000000090200000, 0x0000000090200000| Complete 
| 259|0x0000000090300000, 0x0000000090400000, 0x0000000090400000|100%| S|CS|TAMS 0x0000000090300000, 0x0000000090300000| Complete 
| 260|0x0000000090400000, 0x0000000090500000, 0x0000000090500000|100%| S|CS|TAMS 0x0000000090400000, 0x0000000090400000| Complete 
| 261|0x0000000090500000, 0x0000000090600000, 0x0000000090600000|100%| S|CS|TAMS 0x0000000090500000, 0x0000000090500000| Complete 
| 262|0x0000000090600000, 0x0000000090700000, 0x0000000090700000|100%| S|CS|TAMS 0x0000000090600000, 0x0000000090600000| Complete 
| 263|0x0000000090700000, 0x0000000090700000, 0x0000000090800000|  0%| F|  |TAMS 0x0000000090700000, 0x0000000090700000| Untracked 
| 264|0x0000000090800000, 0x0000000090800000, 0x0000000090900000|  0%| F|  |TAMS 0x0000000090800000, 0x0000000090800000| Untracked 
| 265|0x0000000090900000, 0x0000000090900000, 0x0000000090a00000|  0%| F|  |TAMS 0x0000000090900000, 0x0000000090900000| Untracked 
| 266|0x0000000090a00000, 0x0000000090a00000, 0x0000000090b00000|  0%| F|  |TAMS 0x0000000090a00000, 0x0000000090a00000| Untracked 
| 267|0x0000000090b00000, 0x0000000090b00000, 0x0000000090c00000|  0%| F|  |TAMS 0x0000000090b00000, 0x0000000090b00000| Untracked 
| 268|0x0000000090c00000, 0x0000000090c00000, 0x0000000090d00000|  0%| F|  |TAMS 0x0000000090c00000, 0x0000000090c00000| Untracked 
| 269|0x0000000090d00000, 0x0000000090d00000, 0x0000000090e00000|  0%| F|  |TAMS 0x0000000090d00000, 0x0000000090d00000| Untracked 
| 270|0x0000000090e00000, 0x0000000090e00000, 0x0000000090f00000|  0%| F|  |TAMS 0x0000000090e00000, 0x0000000090e00000| Untracked 
| 271|0x0000000090f00000, 0x0000000090f00000, 0x0000000091000000|  0%| F|  |TAMS 0x0000000090f00000, 0x0000000090f00000| Untracked 
| 272|0x0000000091000000, 0x0000000091000000, 0x0000000091100000|  0%| F|  |TAMS 0x0000000091000000, 0x0000000091000000| Untracked 
| 273|0x0000000091100000, 0x0000000091100000, 0x0000000091200000|  0%| F|  |TAMS 0x0000000091100000, 0x0000000091100000| Untracked 
| 274|0x0000000091200000, 0x0000000091200000, 0x0000000091300000|  0%| F|  |TAMS 0x0000000091200000, 0x0000000091200000| Untracked 
| 275|0x0000000091300000, 0x0000000091300000, 0x0000000091400000|  0%| F|  |TAMS 0x0000000091300000, 0x0000000091300000| Untracked 
| 276|0x0000000091400000, 0x0000000091400000, 0x0000000091500000|  0%| F|  |TAMS 0x0000000091400000, 0x0000000091400000| Untracked 
| 277|0x0000000091500000, 0x0000000091500000, 0x0000000091600000|  0%| F|  |TAMS 0x0000000091500000, 0x0000000091500000| Untracked 
| 278|0x0000000091600000, 0x0000000091600000, 0x0000000091700000|  0%| F|  |TAMS 0x0000000091600000, 0x0000000091600000| Untracked 
| 279|0x0000000091700000, 0x0000000091700000, 0x0000000091800000|  0%| F|  |TAMS 0x0000000091700000, 0x0000000091700000| Untracked 
| 280|0x0000000091800000, 0x0000000091800000, 0x0000000091900000|  0%| F|  |TAMS 0x0000000091800000, 0x0000000091800000| Untracked 
| 281|0x0000000091900000, 0x0000000091900000, 0x0000000091a00000|  0%| F|  |TAMS 0x0000000091900000, 0x0000000091900000| Untracked 
| 282|0x0000000091a00000, 0x0000000091a00000, 0x0000000091b00000|  0%| F|  |TAMS 0x0000000091a00000, 0x0000000091a00000| Untracked 
| 283|0x0000000091b00000, 0x0000000091b00000, 0x0000000091c00000|  0%| F|  |TAMS 0x0000000091b00000, 0x0000000091b00000| Untracked 
| 284|0x0000000091c00000, 0x0000000091c00000, 0x0000000091d00000|  0%| F|  |TAMS 0x0000000091c00000, 0x0000000091c00000| Untracked 
| 285|0x0000000091d00000, 0x0000000091d00000, 0x0000000091e00000|  0%| F|  |TAMS 0x0000000091d00000, 0x0000000091d00000| Untracked 
| 286|0x0000000091e00000, 0x0000000091e00000, 0x0000000091f00000|  0%| F|  |TAMS 0x0000000091e00000, 0x0000000091e00000| Untracked 
| 287|0x0000000091f00000, 0x0000000091f00000, 0x0000000092000000|  0%| F|  |TAMS 0x0000000091f00000, 0x0000000091f00000| Untracked 
| 288|0x0000000092000000, 0x0000000092000000, 0x0000000092100000|  0%| F|  |TAMS 0x0000000092000000, 0x0000000092000000| Untracked 
| 289|0x0000000092100000, 0x0000000092100000, 0x0000000092200000|  0%| F|  |TAMS 0x0000000092100000, 0x0000000092100000| Untracked 
| 290|0x0000000092200000, 0x0000000092200000, 0x0000000092300000|  0%| F|  |TAMS 0x0000000092200000, 0x0000000092200000| Untracked 
| 291|0x0000000092300000, 0x0000000092300000, 0x0000000092400000|  0%| F|  |TAMS 0x0000000092300000, 0x0000000092300000| Untracked 
| 292|0x0000000092400000, 0x0000000092400000, 0x0000000092500000|  0%| F|  |TAMS 0x0000000092400000, 0x0000000092400000| Untracked 
| 293|0x0000000092500000, 0x0000000092500000, 0x0000000092600000|  0%| F|  |TAMS 0x0000000092500000, 0x0000000092500000| Untracked 
| 294|0x0000000092600000, 0x0000000092600000, 0x0000000092700000|  0%| F|  |TAMS 0x0000000092600000, 0x0000000092600000| Untracked 
| 295|0x0000000092700000, 0x0000000092700000, 0x0000000092800000|  0%| F|  |TAMS 0x0000000092700000, 0x0000000092700000| Untracked 
| 296|0x0000000092800000, 0x0000000092800000, 0x0000000092900000|  0%| F|  |TAMS 0x0000000092800000, 0x0000000092800000| Untracked 
| 297|0x0000000092900000, 0x0000000092900000, 0x0000000092a00000|  0%| F|  |TAMS 0x0000000092900000, 0x0000000092900000| Untracked 
| 298|0x0000000092a00000, 0x0000000092a00000, 0x0000000092b00000|  0%| F|  |TAMS 0x0000000092a00000, 0x0000000092a00000| Untracked 
| 299|0x0000000092b00000, 0x0000000092b00000, 0x0000000092c00000|  0%| F|  |TAMS 0x0000000092b00000, 0x0000000092b00000| Untracked 
| 300|0x0000000092c00000, 0x0000000092c00000, 0x0000000092d00000|  0%| F|  |TAMS 0x0000000092c00000, 0x0000000092c00000| Untracked 
| 301|0x0000000092d00000, 0x0000000092d00000, 0x0000000092e00000|  0%| F|  |TAMS 0x0000000092d00000, 0x0000000092d00000| Untracked 
| 302|0x0000000092e00000, 0x0000000092e00000, 0x0000000092f00000|  0%| F|  |TAMS 0x0000000092e00000, 0x0000000092e00000| Untracked 
| 303|0x0000000092f00000, 0x0000000092f00000, 0x0000000093000000|  0%| F|  |TAMS 0x0000000092f00000, 0x0000000092f00000| Untracked 
| 304|0x0000000093000000, 0x0000000093000000, 0x0000000093100000|  0%| F|  |TAMS 0x0000000093000000, 0x0000000093000000| Untracked 
| 305|0x0000000093100000, 0x0000000093100000, 0x0000000093200000|  0%| F|  |TAMS 0x0000000093100000, 0x0000000093100000| Untracked 
| 306|0x0000000093200000, 0x0000000093200000, 0x0000000093300000|  0%| F|  |TAMS 0x0000000093200000, 0x0000000093200000| Untracked 
| 307|0x0000000093300000, 0x0000000093300000, 0x0000000093400000|  0%| F|  |TAMS 0x0000000093300000, 0x0000000093300000| Untracked 
| 308|0x0000000093400000, 0x0000000093400000, 0x0000000093500000|  0%| F|  |TAMS 0x0000000093400000, 0x0000000093400000| Untracked 
| 309|0x0000000093500000, 0x0000000093500000, 0x0000000093600000|  0%| F|  |TAMS 0x0000000093500000, 0x0000000093500000| Untracked 
| 310|0x0000000093600000, 0x0000000093600000, 0x0000000093700000|  0%| F|  |TAMS 0x0000000093600000, 0x0000000093600000| Untracked 
| 311|0x0000000093700000, 0x0000000093700000, 0x0000000093800000|  0%| F|  |TAMS 0x0000000093700000, 0x0000000093700000| Untracked 
| 312|0x0000000093800000, 0x0000000093800000, 0x0000000093900000|  0%| F|  |TAMS 0x0000000093800000, 0x0000000093800000| Untracked 
| 313|0x0000000093900000, 0x0000000093900000, 0x0000000093a00000|  0%| F|  |TAMS 0x0000000093900000, 0x0000000093900000| Untracked 
| 314|0x0000000093a00000, 0x0000000093a00000, 0x0000000093b00000|  0%| F|  |TAMS 0x0000000093a00000, 0x0000000093a00000| Untracked 
| 315|0x0000000093b00000, 0x0000000093b00000, 0x0000000093c00000|  0%| F|  |TAMS 0x0000000093b00000, 0x0000000093b00000| Untracked 
| 316|0x0000000093c00000, 0x0000000093c00000, 0x0000000093d00000|  0%| F|  |TAMS 0x0000000093c00000, 0x0000000093c00000| Untracked 
| 317|0x0000000093d00000, 0x0000000093d00000, 0x0000000093e00000|  0%| F|  |TAMS 0x0000000093d00000, 0x0000000093d00000| Untracked 
| 318|0x0000000093e00000, 0x0000000093e00000, 0x0000000093f00000|  0%| F|  |TAMS 0x0000000093e00000, 0x0000000093e00000| Untracked 
| 319|0x0000000093f00000, 0x0000000093f00000, 0x0000000094000000|  0%| F|  |TAMS 0x0000000093f00000, 0x0000000093f00000| Untracked 
| 320|0x0000000094000000, 0x0000000094000000, 0x0000000094100000|  0%| F|  |TAMS 0x0000000094000000, 0x0000000094000000| Untracked 
| 321|0x0000000094100000, 0x0000000094100000, 0x0000000094200000|  0%| F|  |TAMS 0x0000000094100000, 0x0000000094100000| Untracked 
| 322|0x0000000094200000, 0x0000000094200000, 0x0000000094300000|  0%| F|  |TAMS 0x0000000094200000, 0x0000000094200000| Untracked 
| 323|0x0000000094300000, 0x0000000094300000, 0x0000000094400000|  0%| F|  |TAMS 0x0000000094300000, 0x0000000094300000| Untracked 
| 324|0x0000000094400000, 0x0000000094400000, 0x0000000094500000|  0%| F|  |TAMS 0x0000000094400000, 0x0000000094400000| Untracked 
| 325|0x0000000094500000, 0x0000000094500000, 0x0000000094600000|  0%| F|  |TAMS 0x0000000094500000, 0x0000000094500000| Untracked 
| 326|0x0000000094600000, 0x0000000094600000, 0x0000000094700000|  0%| F|  |TAMS 0x0000000094600000, 0x0000000094600000| Untracked 
| 327|0x0000000094700000, 0x0000000094700000, 0x0000000094800000|  0%| F|  |TAMS 0x0000000094700000, 0x0000000094700000| Untracked 
| 328|0x0000000094800000, 0x0000000094800000, 0x0000000094900000|  0%| F|  |TAMS 0x0000000094800000, 0x0000000094800000| Untracked 
| 329|0x0000000094900000, 0x0000000094900000, 0x0000000094a00000|  0%| F|  |TAMS 0x0000000094900000, 0x0000000094900000| Untracked 
| 330|0x0000000094a00000, 0x0000000094a00000, 0x0000000094b00000|  0%| F|  |TAMS 0x0000000094a00000, 0x0000000094a00000| Untracked 
| 331|0x0000000094b00000, 0x0000000094b00000, 0x0000000094c00000|  0%| F|  |TAMS 0x0000000094b00000, 0x0000000094b00000| Untracked 
| 332|0x0000000094c00000, 0x0000000094c00000, 0x0000000094d00000|  0%| F|  |TAMS 0x0000000094c00000, 0x0000000094c00000| Untracked 
| 333|0x0000000094d00000, 0x0000000094d00000, 0x0000000094e00000|  0%| F|  |TAMS 0x0000000094d00000, 0x0000000094d00000| Untracked 
| 334|0x0000000094e00000, 0x0000000094e00000, 0x0000000094f00000|  0%| F|  |TAMS 0x0000000094e00000, 0x0000000094e00000| Untracked 
| 335|0x0000000094f00000, 0x0000000094f00000, 0x0000000095000000|  0%| F|  |TAMS 0x0000000094f00000, 0x0000000094f00000| Untracked 
| 336|0x0000000095000000, 0x0000000095000000, 0x0000000095100000|  0%| F|  |TAMS 0x0000000095000000, 0x0000000095000000| Untracked 
| 337|0x0000000095100000, 0x0000000095100000, 0x0000000095200000|  0%| F|  |TAMS 0x0000000095100000, 0x0000000095100000| Untracked 
| 338|0x0000000095200000, 0x0000000095200000, 0x0000000095300000|  0%| F|  |TAMS 0x0000000095200000, 0x0000000095200000| Untracked 
| 339|0x0000000095300000, 0x0000000095300000, 0x0000000095400000|  0%| F|  |TAMS 0x0000000095300000, 0x0000000095300000| Untracked 
| 340|0x0000000095400000, 0x0000000095400000, 0x0000000095500000|  0%| F|  |TAMS 0x0000000095400000, 0x0000000095400000| Untracked 
| 341|0x0000000095500000, 0x0000000095500000, 0x0000000095600000|  0%| F|  |TAMS 0x0000000095500000, 0x0000000095500000| Untracked 
| 342|0x0000000095600000, 0x0000000095600000, 0x0000000095700000|  0%| F|  |TAMS 0x0000000095600000, 0x0000000095600000| Untracked 
| 343|0x0000000095700000, 0x0000000095700000, 0x0000000095800000|  0%| F|  |TAMS 0x0000000095700000, 0x0000000095700000| Untracked 
| 344|0x0000000095800000, 0x0000000095800000, 0x0000000095900000|  0%| F|  |TAMS 0x0000000095800000, 0x0000000095800000| Untracked 
| 345|0x0000000095900000, 0x0000000095900000, 0x0000000095a00000|  0%| F|  |TAMS 0x0000000095900000, 0x0000000095900000| Untracked 
| 346|0x0000000095a00000, 0x0000000095a00000, 0x0000000095b00000|  0%| F|  |TAMS 0x0000000095a00000, 0x0000000095a00000| Untracked 
| 347|0x0000000095b00000, 0x0000000095b00000, 0x0000000095c00000|  0%| F|  |TAMS 0x0000000095b00000, 0x0000000095b00000| Untracked 
| 348|0x0000000095c00000, 0x0000000095c00000, 0x0000000095d00000|  0%| F|  |TAMS 0x0000000095c00000, 0x0000000095c00000| Untracked 
| 349|0x0000000095d00000, 0x0000000095d00000, 0x0000000095e00000|  0%| F|  |TAMS 0x0000000095d00000, 0x0000000095d00000| Untracked 
| 350|0x0000000095e00000, 0x0000000095e00000, 0x0000000095f00000|  0%| F|  |TAMS 0x0000000095e00000, 0x0000000095e00000| Untracked 
| 351|0x0000000095f00000, 0x0000000095f00000, 0x0000000096000000|  0%| F|  |TAMS 0x0000000095f00000, 0x0000000095f00000| Untracked 
| 352|0x0000000096000000, 0x0000000096000000, 0x0000000096100000|  0%| F|  |TAMS 0x0000000096000000, 0x0000000096000000| Untracked 
| 353|0x0000000096100000, 0x0000000096100000, 0x0000000096200000|  0%| F|  |TAMS 0x0000000096100000, 0x0000000096100000| Untracked 

Card table byte_map: [0x00000292b3150000,0x00000292b3550000] _byte_map_base: 0x00000292b2d50000

Marking Bits (Prev, Next): (CMBitMap*) 0x00000292a042ffb0, (CMBitMap*) 0x00000292a042fff0
 Prev Bits: [0x00000292b3950000, 0x00000292b5950000)
 Next Bits: [0x00000292b5950000, 0x00000292b7950000)

Polling page: 0x000002929e360000

Metaspace:

Usage:
  Non-class:     83.67 MB used.
      Class:     10.68 MB used.
       Both:     94.35 MB used.

Virtual space:
  Non-class space:       88.00 MB reserved,      85.00 MB ( 97%) committed,  11 nodes.
      Class space:        1.00 GB reserved,      11.75 MB (  1%) committed,  1 nodes.
             Both:        1.09 GB reserved,      96.75 MB (  9%) committed. 

Chunk freelists:
   Non-Class:  2.27 MB
       Class:  304.00 KB
        Both:  2.56 MB

MaxMetaspaceSize: unlimited
CompressedClassSpaceSize: 1.00 GB
Initial GC threshold: 21.00 MB
Current GC threshold: 158.75 MB
CDS: off
MetaspaceReclaimPolicy: balanced
 - commit_granule_bytes: 65536.
 - commit_granule_words: 8192.
 - virtual_space_node_default_size: 1048576.
 - enlarge_chunks_in_place: 1.
 - new_chunks_are_fully_committed: 0.
 - uncommit_free_chunks: 1.
 - use_allocation_guard: 0.
 - handle_deallocations: 1.


Internal statistics:

num_allocs_failed_limit: 9.
num_arena_births: 872.
num_arena_deaths: 0.
num_vsnodes_births: 12.
num_vsnodes_deaths: 0.
num_space_committed: 1548.
num_space_uncommitted: 0.
num_chunks_returned_to_freelist: 9.
num_chunks_taken_from_freelist: 5406.
num_chunk_merges: 9.
num_chunk_splits: 3316.
num_chunks_enlarged: 1844.
num_purges: 0.
num_inconsistent_stats: 0.

CodeHeap 'non-profiled nmethods': size=120000Kb used=3553Kb max_used=3571Kb free=116446Kb
 bounds [0x00000292ab4f0000, 0x00000292ab870000, 0x00000292b2a20000]
CodeHeap 'profiled nmethods': size=120000Kb used=19440Kb max_used=19440Kb free=100559Kb
 bounds [0x00000292a3fc0000, 0x00000292a52c0000, 0x00000292ab4f0000]
CodeHeap 'non-nmethods': size=5760Kb used=1630Kb max_used=1634Kb free=4129Kb
 bounds [0x00000292a3a20000, 0x00000292a3c90000, 0x00000292a3fc0000]
 total_blobs=10567 nmethods=9603 adapters=871
 compilation: enabled
              stopped_count=0, restarted_count=0
 full_count=0

Compilation events (20 events):
Event: 33.872 Thread 0x00000292ba54e500 11328   !   2       org.eclipse.jdt.internal.core.search.indexing.IndexManager::indexDocument (31 bytes)
Event: 33.872 Thread 0x00000292ba54e500 nmethod 11328 0x00000292a52b4890 code [0x00000292a52b4a40, 0x00000292a52b4c88]
Event: 33.879 Thread 0x00000292ba54e500 11329   !   2       java.text.MessageFormat::makeFormat (656 bytes)
Event: 33.886 Thread 0x00000292ba54e500 nmethod 11329 0x00000292a52b4e10 code [0x00000292a52b5280, 0x00000292a52b6d68]
Event: 33.886 Thread 0x00000292ba54e500 11330 %     3       org.eclipse.jst.jsp.core.internal.contenttype.JSPHeadTokenizer::zzUnpackCMap @ 32 (57 bytes)
Event: 33.889 Thread 0x00000292ba54e500 nmethod 11330% 0x00000292a52b7d90 code [0x00000292a52b8020, 0x00000292a52b8e98]
Event: 33.889 Thread 0x00000292ba54e500 11332       2       org.eclipse.swt.internal.image.LEDataInputStream::read (83 bytes)
Event: 33.889 Thread 0x00000292ba54e500 nmethod 11332 0x00000292a52b9490 code [0x00000292a52b9640, 0x00000292a52b9898]
Event: 33.889 Thread 0x00000292ba54e500 11331   !   2       org.eclipse.swt.internal.image.GIFFileFormat::readID (17 bytes)
Event: 33.890 Thread 0x00000292ba54e500 nmethod 11331 0x00000292a52b9a10 code [0x00000292a52b9bc0, 0x00000292a52b9d58]
Event: 33.910 Thread 0x00000292ba54e500 11333       2       org.eclipse.core.internal.runtime.Activator::getContext (4 bytes)
Event: 33.910 Thread 0x00000292ba54e500 nmethod 11333 0x00000292a52b9e90 code [0x00000292a52ba020, 0x00000292a52ba118]
Event: 33.927 Thread 0x00000292ba54e500 11334       2       org.eclipse.swt.graphics.Device::checkGDIP (149 bytes)
Event: 33.929 Thread 0x00000292ba54e500 nmethod 11334 0x00000292a52ba190 code [0x00000292a52ba3a0, 0x00000292a52ba958]
Event: 33.933 Thread 0x00000292ba54e500 11335 %     3       org.eclipse.jdt.internal.compiler.util.SimpleLookupTable::rehash @ 23 (86 bytes)
Event: 33.934 Thread 0x00000292ba54e500 nmethod 11335% 0x00000292a52bac90 code [0x00000292a52bae80, 0x00000292a52bb338]
Event: 33.934 Thread 0x00000292ba54e500 11336       3       org.eclipse.jdt.internal.compiler.util.SimpleLookupTable::rehash (86 bytes)
Event: 33.935 Thread 0x00000292ba54e500 nmethod 11336 0x00000292a52bb590 code [0x00000292a52bb760, 0x00000292a52bbb98]
Event: 33.940 Thread 0x00000292ba54e500 11337       2       org.eclipse.swt.widgets.ToolBar::clearSizeCache (20 bytes)
Event: 33.941 Thread 0x00000292ba54e500 nmethod 11337 0x00000292a52bbd90 code [0x00000292a52bbf20, 0x00000292a52bc058]

GC Heap History (20 events):
Event: 27.428 GC heap after
{Heap after GC invocations=12 (full 0):
 garbage-first heap   total 262144K, used 86690K [0x0000000080000000, 0x0000000100000000)
  region size 1024K, 15 young (15360K), 15 survivors (15360K)
 Metaspace       used 79522K, committed 81664K, reserved 1122304K
  class space    used 9107K, committed 9984K, reserved 1048576K
}
Event: 27.440 GC heap before
{Heap before GC invocations=12 (full 0):
 garbage-first heap   total 262144K, used 87714K [0x0000000080000000, 0x0000000100000000)
  region size 1024K, 16 young (16384K), 15 survivors (15360K)
 Metaspace       used 79537K, committed 81664K, reserved 1122304K
  class space    used 9108K, committed 9984K, reserved 1048576K
}
Event: 27.465 GC heap after
{Heap after GC invocations=13 (full 0):
 garbage-first heap   total 262144K, used 88401K [0x0000000080000000, 0x0000000100000000)
  region size 1024K, 2 young (2048K), 2 survivors (2048K)
 Metaspace       used 79537K, committed 81664K, reserved 1122304K
  class space    used 9108K, committed 9984K, reserved 1048576K
}
Event: 28.104 GC heap before
{Heap before GC invocations=13 (full 0):
 garbage-first heap   total 262144K, used 187729K [0x0000000080000000, 0x0000000100000000)
  region size 1024K, 100 young (102400K), 2 survivors (2048K)
 Metaspace       used 80229K, committed 82368K, reserved 1122304K
  class space    used 9188K, committed 10048K, reserved 1048576K
}
Event: 28.121 GC heap after
{Heap after GC invocations=14 (full 0):
 garbage-first heap   total 262144K, used 96473K [0x0000000080000000, 0x0000000100000000)
  region size 1024K, 10 young (10240K), 10 survivors (10240K)
 Metaspace       used 80229K, committed 82368K, reserved 1122304K
  class space    used 9188K, committed 10048K, reserved 1048576K
}
Event: 28.837 GC heap before
{Heap before GC invocations=14 (full 0):
 garbage-first heap   total 262144K, used 196825K [0x0000000080000000, 0x0000000100000000)
  region size 1024K, 105 young (107520K), 10 survivors (10240K)
 Metaspace       used 81155K, committed 83328K, reserved 1130496K
  class space    used 9274K, committed 10176K, reserved 1048576K
}
Event: 28.858 GC heap after
{Heap after GC invocations=15 (full 0):
 garbage-first heap   total 262144K, used 105854K [0x0000000080000000, 0x0000000100000000)
  region size 1024K, 8 young (8192K), 8 survivors (8192K)
 Metaspace       used 81155K, committed 83328K, reserved 1130496K
  class space    used 9274K, committed 10176K, reserved 1048576K
}
Event: 29.753 GC heap before
{Heap before GC invocations=15 (full 0):
 garbage-first heap   total 262144K, used 199038K [0x0000000080000000, 0x0000000100000000)
  region size 1024K, 99 young (101376K), 8 survivors (8192K)
 Metaspace       used 83255K, committed 85440K, reserved 1130496K
  class space    used 9474K, committed 10368K, reserved 1048576K
}
Event: 29.775 GC heap after
{Heap after GC invocations=16 (full 0):
 garbage-first heap   total 315392K, used 120462K [0x0000000080000000, 0x0000000100000000)
  region size 1024K, 13 young (13312K), 13 survivors (13312K)
 Metaspace       used 83255K, committed 85440K, reserved 1130496K
  class space    used 9474K, committed 10368K, reserved 1048576K
}
Event: 30.917 GC heap before
{Heap before GC invocations=16 (full 0):
 garbage-first heap   total 315392K, used 239246K [0x0000000080000000, 0x0000000100000000)
  region size 1024K, 129 young (132096K), 13 survivors (13312K)
 Metaspace       used 87585K, committed 89920K, reserved 1130496K
  class space    used 9889K, committed 10816K, reserved 1048576K
}
Event: 30.941 GC heap after
{Heap after GC invocations=17 (full 0):
 garbage-first heap   total 315392K, used 142336K [0x0000000080000000, 0x0000000100000000)
  region size 1024K, 17 young (17408K), 17 survivors (17408K)
 Metaspace       used 87585K, committed 89920K, reserved 1130496K
  class space    used 9889K, committed 10816K, reserved 1048576K
}
Event: 31.650 GC heap before
{Heap before GC invocations=17 (full 0):
 garbage-first heap   total 315392K, used 242688K [0x0000000080000000, 0x0000000100000000)
  region size 1024K, 115 young (117760K), 17 survivors (17408K)
 Metaspace       used 92469K, committed 94976K, reserved 1138688K
  class space    used 10443K, committed 11520K, reserved 1048576K
}
Event: 31.673 GC heap after
{Heap after GC invocations=18 (full 0):
 garbage-first heap   total 315392K, used 159744K [0x0000000080000000, 0x0000000100000000)
  region size 1024K, 15 young (15360K), 15 survivors (15360K)
 Metaspace       used 92469K, committed 94976K, reserved 1138688K
  class space    used 10443K, committed 11520K, reserved 1048576K
}
Event: 32.302 GC heap before
{Heap before GC invocations=18 (full 0):
 garbage-first heap   total 315392K, used 245760K [0x0000000080000000, 0x0000000100000000)
  region size 1024K, 100 young (102400K), 15 survivors (15360K)
 Metaspace       used 94582K, committed 97088K, reserved 1138688K
  class space    used 10707K, committed 11776K, reserved 1048576K
}
Event: 32.326 GC heap after
{Heap after GC invocations=19 (full 0):
 garbage-first heap   total 315392K, used 176546K [0x0000000080000000, 0x0000000100000000)
  region size 1024K, 13 young (13312K), 13 survivors (13312K)
 Metaspace       used 94582K, committed 97088K, reserved 1138688K
  class space    used 10707K, committed 11776K, reserved 1048576K
}
Event: 33.137 GC heap before
{Heap before GC invocations=20 (full 0):
 garbage-first heap   total 362496K, used 247202K [0x0000000080000000, 0x0000000100000000)
  region size 1024K, 81 young (82944K), 13 survivors (13312K)
 Metaspace       used 95735K, committed 98240K, reserved 1138688K
  class space    used 10826K, committed 11904K, reserved 1048576K
}
Event: 33.210 GC heap after
{Heap after GC invocations=21 (full 0):
 garbage-first heap   total 362496K, used 193291K [0x0000000080000000, 0x0000000100000000)
  region size 1024K, 11 young (11264K), 11 survivors (11264K)
 Metaspace       used 95735K, committed 98240K, reserved 1138688K
  class space    used 10826K, committed 11904K, reserved 1048576K
}
Event: 33.254 GC heap before
{Heap before GC invocations=21 (full 0):
 garbage-first heap   total 362496K, used 199435K [0x0000000080000000, 0x0000000100000000)
  region size 1024K, 17 young (17408K), 11 survivors (11264K)
 Metaspace       used 95825K, committed 98304K, reserved 1138688K
  class space    used 10832K, committed 11904K, reserved 1048576K
}
Event: 33.273 GC heap after
{Heap after GC invocations=22 (full 0):
 garbage-first heap   total 362496K, used 193460K [0x0000000080000000, 0x0000000100000000)
  region size 1024K, 3 young (3072K), 3 survivors (3072K)
 Metaspace       used 95825K, committed 98304K, reserved 1138688K
  class space    used 10832K, committed 11904K, reserved 1048576K
}
Event: 33.944 GC heap before
{Heap before GC invocations=22 (full 0):
 garbage-first heap   total 362496K, used 282548K [0x0000000080000000, 0x0000000100000000)
  region size 1024K, 91 young (93184K), 3 survivors (3072K)
 Metaspace       used 96610K, committed 99072K, reserved 1138688K
  class space    used 10937K, committed 12032K, reserved 1048576K
}

Deoptimization events (20 events):
Event: 33.834 Thread 0x00000292bb3154c0 DEOPT PACKING pc=0x00000292a433cb7c sp=0x000000e1676fe8f0
Event: 33.834 Thread 0x00000292bb3154c0 DEOPT UNPACKING pc=0x00000292a3a72b43 sp=0x000000e1676fde70 mode 0
Event: 33.841 Thread 0x00000292c085f370 DEOPT PACKING pc=0x00000292a48aa16d sp=0x000000e1664fe830
Event: 33.841 Thread 0x00000292c085f370 DEOPT UNPACKING pc=0x00000292a3a72b43 sp=0x000000e1664fdcb8 mode 0
Event: 33.853 Thread 0x00000292c085f370 DEOPT PACKING pc=0x00000292a48aa16d sp=0x000000e1664fe860
Event: 33.853 Thread 0x00000292c085f370 DEOPT UNPACKING pc=0x00000292a3a72b43 sp=0x000000e1664fdce8 mode 0
Event: 33.865 Thread 0x00000292c085f370 DEOPT PACKING pc=0x00000292a48aa16d sp=0x000000e1664fe6e0
Event: 33.865 Thread 0x00000292c085f370 DEOPT UNPACKING pc=0x00000292a3a72b43 sp=0x000000e1664fdb68 mode 0
Event: 33.882 Thread 0x00000292c085f370 DEOPT PACKING pc=0x00000292a48aa16d sp=0x000000e1664fe860
Event: 33.882 Thread 0x00000292c085f370 DEOPT UNPACKING pc=0x00000292a3a72b43 sp=0x000000e1664fdce8 mode 0
Event: 33.892 Thread 0x00000292c085f370 DEOPT PACKING pc=0x00000292a48aa16d sp=0x000000e1664fe9d0
Event: 33.892 Thread 0x00000292c085f370 DEOPT UNPACKING pc=0x00000292a3a72b43 sp=0x000000e1664fde58 mode 0
Event: 33.904 Thread 0x00000292c085f370 DEOPT PACKING pc=0x00000292a48aa16d sp=0x000000e1664fe9d0
Event: 33.904 Thread 0x00000292c085f370 DEOPT UNPACKING pc=0x00000292a3a72b43 sp=0x000000e1664fde58 mode 0
Event: 33.908 Thread 0x00000292bb3154c0 DEOPT PACKING pc=0x00000292a5269bef sp=0x000000e1676fee50
Event: 33.908 Thread 0x00000292bb3154c0 DEOPT UNPACKING pc=0x00000292a3a72b43 sp=0x000000e1676fe2b0 mode 0
Event: 33.916 Thread 0x00000292c085f370 DEOPT PACKING pc=0x00000292a48aa16d sp=0x000000e1664fe880
Event: 33.916 Thread 0x00000292c085f370 DEOPT UNPACKING pc=0x00000292a3a72b43 sp=0x000000e1664fdd08 mode 0
Event: 33.930 Thread 0x00000292c085f370 DEOPT PACKING pc=0x00000292a48aa16d sp=0x000000e1664fe860
Event: 33.930 Thread 0x00000292c085f370 DEOPT UNPACKING pc=0x00000292a3a72b43 sp=0x000000e1664fdce8 mode 0

Classes unloaded (0 events):
No events

Classes redefined (0 events):
No events

Internal exceptions (20 events):
Event: 30.308 Thread 0x00000292ba66f710 Exception <a 'java/io/FileNotFoundException'{0x0000000090010608}> (0x0000000090010608) 
thrown [e:\jenkins\tmp\workspace\build\src\src\hotspot\share\prims\jni.cpp, line 516]
Event: 30.409 Thread 0x00000292ba66f710 Exception <a 'java/lang/NoClassDefFoundError'{0x000000008f6c1420}: org/apache/log4j/Priority> (0x000000008f6c1420) 
thrown [e:\jenkins\tmp\workspace\build\src\src\hotspot\share\classfile\systemDictionary.cpp, line 245]
Event: 30.446 Thread 0x00000292ba66f710 Exception <a 'sun/nio/fs/WindowsException'{0x000000008f6d7f88}> (0x000000008f6d7f88) 
thrown [e:\jenkins\tmp\workspace\build\src\src\hotspot\share\prims\jni.cpp, line 516]
Event: 30.859 Thread 0x00000292bb316330 Exception <a 'java/io/FileNotFoundException'{0x000000008c71d158}> (0x000000008c71d158) 
thrown [e:\jenkins\tmp\workspace\build\src\src\hotspot\share\prims\jni.cpp, line 516]
Event: 31.333 Thread 0x00000292bb316330 Exception <a 'sun/nio/fs/WindowsException'{0x000000008f7ca740}> (0x000000008f7ca740) 
thrown [e:\jenkins\tmp\workspace\build\src\src\hotspot\share\prims\jni.cpp, line 516]
Event: 31.416 Thread 0x00000292bb316330 Exception <a 'sun/nio/fs/WindowsException'{0x000000008f7d2368}> (0x000000008f7d2368) 
thrown [e:\jenkins\tmp\workspace\build\src\src\hotspot\share\prims\jni.cpp, line 516]
Event: 31.417 Thread 0x00000292bb316330 Exception <a 'sun/nio/fs/WindowsException'{0x000000008f7d2fe8}> (0x000000008f7d2fe8) 
thrown [e:\jenkins\tmp\workspace\build\src\src\hotspot\share\prims\jni.cpp, line 516]
Event: 31.419 Thread 0x00000292bb316330 Exception <a 'sun/nio/fs/WindowsException'{0x000000008f7d3d00}> (0x000000008f7d3d00) 
thrown [e:\jenkins\tmp\workspace\build\src\src\hotspot\share\prims\jni.cpp, line 516]
Event: 31.427 Thread 0x00000292bb316330 Exception <a 'sun/nio/fs/WindowsException'{0x000000008f7d5258}> (0x000000008f7d5258) 
thrown [e:\jenkins\tmp\workspace\build\src\src\hotspot\share\prims\jni.cpp, line 516]
Event: 31.441 Thread 0x00000292bb316330 Exception <a 'sun/nio/fs/WindowsException'{0x000000008f7da878}> (0x000000008f7da878) 
thrown [e:\jenkins\tmp\workspace\build\src\src\hotspot\share\prims\jni.cpp, line 516]
Event: 31.532 Thread 0x00000292bb3184e0 Exception <a 'java/io/FileNotFoundException'{0x000000008e1df788}> (0x000000008e1df788) 
thrown [e:\jenkins\tmp\workspace\build\src\src\hotspot\share\prims\jni.cpp, line 516]
Event: 31.548 Thread 0x00000292bb316330 Exception <a 'sun/nio/fs/WindowsException'{0x000000008f7f34b8}> (0x000000008f7f34b8) 
thrown [e:\jenkins\tmp\workspace\build\src\src\hotspot\share\prims\jni.cpp, line 516]
Event: 31.785 Thread 0x00000292bb3184e0 Exception <a 'java/io/FileNotFoundException'{0x00000000928a7e30}> (0x00000000928a7e30) 
thrown [e:\jenkins\tmp\workspace\build\src\src\hotspot\share\prims\jni.cpp, line 516]
Event: 31.786 Thread 0x00000292bb3184e0 Exception <a 'java/io/FileNotFoundException'{0x00000000928a9970}> (0x00000000928a9970) 
thrown [e:\jenkins\tmp\workspace\build\src\src\hotspot\share\prims\jni.cpp, line 516]
Event: 32.253 Thread 0x00000292bb314180 Exception <a 'java/lang/NoSuchMethodError'{0x000000008fa9ca10}: 'java.lang.Object java.lang.invoke.DirectMethodHandle$Holder.invokeStatic(java.lang.Object, java.lang.Object, java.lang.Object, long)'> (0x000000008fa9ca10) 
thrown [e:\jenkins\tmp\workspace\build\src\src\hotspot\share\interpreter\linkResolver.cpp, line 766]
Event: 32.255 Thread 0x00000292bb314180 Exception <a 'java/lang/NoSuchMethodError'{0x000000008faa4108}: 'java.lang.Object java.lang.invoke.DirectMethodHandle$Holder.newInvokeSpecial(java.lang.Object, java.lang.Object, java.lang.Object, long)'> (0x000000008faa4108) 
thrown [e:\jenkins\tmp\workspace\build\src\src\hotspot\share\interpreter\linkResolver.cpp, line 766]
Event: 32.256 Thread 0x00000292bb314180 Exception <a 'java/lang/NoSuchMethodError'{0x000000008faa8220}: 'java.lang.Object java.lang.invoke.DirectMethodHandle$Holder.invokeSpecial(java.lang.Object, java.lang.Object, java.lang.Object, java.lang.Object, long)'> (0x000000008faa8220) 
thrown [e:\jenkins\tmp\workspace\build\src\src\hotspot\share\interpreter\linkResolver.cpp, line 766]
Event: 32.257 Thread 0x00000292bb314180 Exception <a 'java/lang/NoSuchMethodError'{0x000000008faabdf0}: 'java.lang.Object java.lang.invoke.Invokers$Holder.linkToTargetMethod(java.lang.Object, java.lang.Object, long, java.lang.Object)'> (0x000000008faabdf0) 
thrown [e:\jenkins\tmp\workspace\build\src\src\hotspot\share\interpreter\linkResolver.cpp, line 766]
Event: 32.643 Thread 0x00000292ba672260 Exception <a 'java/io/FileNotFoundException'{0x0000000091028850}> (0x0000000091028850) 
thrown [e:\jenkins\tmp\workspace\build\src\src\hotspot\share\prims\jni.cpp, line 516]
Event: 32.647 Thread 0x00000292ba672260 Exception <a 'java/io/FileNotFoundException'{0x00000000910f5f40}> (0x00000000910f5f40) 
thrown [e:\jenkins\tmp\workspace\build\src\src\hotspot\share\prims\jni.cpp, line 516]

VM Operations (20 events):
Event: 32.882 Executing VM operation: HandshakeAllThreads done
Event: 32.882 Executing VM operation: G1Concurrent
Event: 32.884 Executing VM operation: G1Concurrent done
Event: 32.967 Executing VM operation: HandshakeAllThreads
Event: 32.967 Executing VM operation: HandshakeAllThreads done
Event: 33.134 Executing VM operation: G1CollectForAllocation
Event: 33.211 Executing VM operation: G1CollectForAllocation done
Event: 33.253 Executing VM operation: G1CollectForAllocation
Event: 33.278 Executing VM operation: G1CollectForAllocation done
Event: 33.759 Executing VM operation: HandshakeAllThreads
Event: 33.760 Executing VM operation: HandshakeAllThreads done
Event: 33.762 Executing VM operation: HandshakeAllThreads
Event: 33.767 Executing VM operation: HandshakeAllThreads done
Event: 33.767 Executing VM operation: HandshakeAllThreads
Event: 33.770 Executing VM operation: HandshakeAllThreads done
Event: 33.777 Executing VM operation: HandshakeAllThreads
Event: 33.817 Executing VM operation: HandshakeAllThreads done
Event: 33.820 Executing VM operation: HandshakeAllThreads
Event: 33.820 Executing VM operation: HandshakeAllThreads done
Event: 33.944 Executing VM operation: G1CollectForAllocation

Events (20 events):
Event: 31.867 loading class java/util/EmptyStackException done
Event: 32.020 Thread 0x00000292bb429d40 Thread exited: 0x00000292bb429d40
Event: 32.273 loading class java/util/Spliterators$IntArraySpliterator
Event: 32.274 loading class java/util/Spliterators$IntArraySpliterator done
Event: 32.274 loading class java/util/stream/IntPipeline$1
Event: 32.275 loading class java/util/stream/IntPipeline$1 done
Event: 32.276 loading class java/util/stream/Nodes$FixedNodeBuilder
Event: 32.276 loading class java/util/stream/Nodes$ArrayNode
Event: 32.277 loading class java/util/stream/Nodes$ArrayNode done
Event: 32.277 loading class java/util/stream/Nodes$FixedNodeBuilder done
Event: 32.277 loading class java/util/stream/IntPipeline$1$1
Event: 32.277 loading class java/util/stream/IntPipeline$1$1 done
Event: 32.285 loading class java/lang/CharacterDataUndefined
Event: 32.285 loading class java/lang/CharacterDataUndefined done
Event: 33.753 loading class java/io/InvalidClassException
Event: 33.753 loading class java/io/InvalidClassException done
Event: 33.774 Thread 0x00000292ba563a20 flushing nmethod 0x00000292ab856010
Event: 33.799 Thread 0x00000292ba563a20 flushing nmethod 0x00000292a4c7bc10
Event: 33.841 loading class java/io/SequenceInputStream
Event: 33.842 loading class java/io/SequenceInputStream done


Dynamic libraries:
0x00007ff7fcf90000 - 0x00007ff7fd014000 	C:\Users\ows71\OneDrive\ \FullStack\02_java\eclipse\eclipse.exe
0x00007ff933f70000 - 0x00007ff934187000 	C:\WINDOWS\SYSTEM32\ntdll.dll
0x00007ff933780000 - 0x00007ff933844000 	C:\WINDOWS\System32\KERNEL32.DLL
0x00007ff9318f0000 - 0x00007ff931c9d000 	C:\WINDOWS\System32\KERNELBASE.dll
0x00007ff932f20000 - 0x00007ff9330ce000 	C:\WINDOWS\System32\USER32.dll
0x00007ff931290000 - 0x00007ff9312b6000 	C:\WINDOWS\System32\win32u.dll
0x00007ff9338b0000 - 0x00007ff9338d9000 	C:\WINDOWS\System32\GDI32.dll
0x00007ff931410000 - 0x00007ff931529000 	C:\WINDOWS\System32\gdi32full.dll
0x00007ff9312c0000 - 0x00007ff93135a000 	C:\WINDOWS\System32\msvcp_win.dll
0x00007ff9315f0000 - 0x00007ff931701000 	C:\WINDOWS\System32\ucrtbase.dll
0x00007ff917600000 - 0x00007ff917893000 	C:\WINDOWS\WinSxS\amd64_microsoft.windows.common-controls_6595b64144ccf1df_6.0.22621.3672_none_2713b9d173822955\COMCTL32.dll
0x00007ff932af0000 - 0x00007ff932b97000 	C:\WINDOWS\System32\msvcrt.dll
0x00007ff933d10000 - 0x00007ff933d41000 	C:\WINDOWS\System32\IMM32.DLL
0x00007ff916330000 - 0x00007ff91636e000 	C:\Users\ows71\OneDrive\ \FullStack\02_java\eclipse\plugins\org.eclipse.equinox.launcher.win32.win32.x86_64_1.2.500.v20220509-0833\eclipse_11700.dll
0x00007ff9330d0000 - 0x00007ff933182000 	C:\WINDOWS\System32\ADVAPI32.dll
0x00007ff932d70000 - 0x00007ff932e19000 	C:\WINDOWS\System32\sechost.dll
0x00007ff931360000 - 0x00007ff931388000 	C:\WINDOWS\System32\bcrypt.dll
0x00007ff931ca0000 - 0x00007ff931db4000 	C:\WINDOWS\System32\RPCRT4.dll
0x00007ff9339f0000 - 0x00007ff933b95000 	C:\WINDOWS\System32\ole32.dll
0x00007ff932760000 - 0x00007ff932aee000 	C:\WINDOWS\System32\combase.dll
0x00007ff9202d0000 - 0x00007ff9202da000 	C:\WINDOWS\SYSTEM32\VERSION.dll
0x00007ff92dbb0000 - 0x00007ff92dc61000 	C:\WINDOWS\system32\uxtheme.dll
0x00007ff932c10000 - 0x00007ff932d6e000 	C:\WINDOWS\System32\MSCTF.dll
0x00007ff930390000 - 0x00007ff9303a8000 	C:\WINDOWS\SYSTEM32\kernel.appcore.dll
0x00007ff931390000 - 0x00007ff93140b000 	C:\WINDOWS\System32\bcryptPrimitives.dll
0x00007ff932630000 - 0x00007ff9326e0000 	C:\WINDOWS\System32\clbcatq.dll
0x00007ff92a2e0000 - 0x00007ff92a423000 	C:\WINDOWS\SYSTEM32\textinputframework.dll
0x00007ff933c30000 - 0x00007ff933d07000 	C:\WINDOWS\System32\OLEAUT32.dll
0x00007ff92d4f0000 - 0x00007ff92d623000 	C:\WINDOWS\SYSTEM32\CoreMessaging.dll
0x00007ff92a430000 - 0x00007ff92a79d000 	C:\WINDOWS\SYSTEM32\CoreUIComponents.dll
0x00007ff92f090000 - 0x00007ff92f1cf000 	C:\WINDOWS\SYSTEM32\wintypes.dll
0x00007ff930b20000 - 0x00007ff930b2c000 	C:\WINDOWS\SYSTEM32\CRYPTBASE.DLL
0x00007ff908f90000 - 0x00007ff908ff9000 	C:\WINDOWS\system32\Oleacc.dll
0x00007ff929bb0000 - 0x00007ff929bfb000 	C:\WINDOWS\system32\ApplicationTargetedFeatureDatabase.dll
0x00007ff927b20000 - 0x00007ff927daa000 	C:\Windows\System32\twinapi.appcore.dll
0x00007ff8cff40000 - 0x00007ff8d0b88000 	C:\Users\ows71\OneDrive\ \FullStack\02_java\eclipse\plugins\org.eclipse.justj.openjdk.hotspot.jre.full.win32.x86_64_17.0.3.v20220515-1416\jre\bin\server\jvm.dll
0x00007ff933190000 - 0x00007ff933198000 	C:\WINDOWS\System32\PSAPI.DLL
0x00007ff915df0000 - 0x00007ff915df9000 	C:\WINDOWS\SYSTEM32\WSOCK32.dll
0x00007ff9272c0000 - 0x00007ff9272f4000 	C:\WINDOWS\SYSTEM32\WINMM.dll
0x00007ff933bb0000 - 0x00007ff933c21000 	C:\WINDOWS\System32\WS2_32.dll
0x00007ff92e140000 - 0x00007ff92e15d000 	C:\WINDOWS\SYSTEM32\VCRUNTIME140.dll
0x00007ff92e0a0000 - 0x00007ff92e0ac000 	C:\WINDOWS\SYSTEM32\VCRUNTIME140_1.dll
0x00007ff929ba0000 - 0x00007ff929baa000 	C:\Users\ows71\OneDrive\ \FullStack\02_java\eclipse\plugins\org.eclipse.justj.openjdk.hotspot.jre.full.win32.x86_64_17.0.3.v20220515-1416\jre\bin\jimage.dll
0x00007ff92ebd0000 - 0x00007ff92ee02000 	C:\WINDOWS\SYSTEM32\DBGHELP.DLL
0x00007ff9113e0000 - 0x00007ff911412000 	C:\WINDOWS\SYSTEM32\dbgcore.DLL
0x00007ff916e10000 - 0x00007ff916e35000 	C:\Users\ows71\OneDrive\ \FullStack\02_java\eclipse\plugins\org.eclipse.justj.openjdk.hotspot.jre.full.win32.x86_64_17.0.3.v20220515-1416\jre\bin\java.dll
0x00007ff916310000 - 0x00007ff916328000 	C:\Users\ows71\OneDrive\ \FullStack\02_java\eclipse\plugins\org.eclipse.justj.openjdk.hotspot.jre.full.win32.x86_64_17.0.3.v20220515-1416\jre\bin\zip.dll
0x00007ff931dc0000 - 0x00007ff932627000 	C:\WINDOWS\System32\SHELL32.dll
0x00007ff92f1d0000 - 0x00007ff92facf000 	C:\WINDOWS\SYSTEM32\windows.storage.dll
0x00007ff9331a0000 - 0x00007ff933299000 	C:\WINDOWS\System32\SHCORE.dll
0x00007ff9332a0000 - 0x00007ff9332fe000 	C:\WINDOWS\System32\shlwapi.dll
0x00007ff9311c0000 - 0x00007ff9311e7000 	C:\WINDOWS\SYSTEM32\profapi.dll
0x00007ff915960000 - 0x00007ff915979000 	C:\Users\ows71\OneDrive\ \FullStack\02_java\eclipse\plugins\org.eclipse.justj.openjdk.hotspot.jre.full.win32.x86_64_17.0.3.v20220515-1416\jre\bin\net.dll
0x00007ff928a70000 - 0x00007ff928ba6000 	C:\WINDOWS\SYSTEM32\WINHTTP.dll
0x00007ff9307f0000 - 0x00007ff930859000 	C:\WINDOWS\system32\mswsock.dll
0x00007ff9156a0000 - 0x00007ff9156b5000 	C:\Users\ows71\OneDrive\ \FullStack\02_java\eclipse\plugins\org.eclipse.justj.openjdk.hotspot.jre.full.win32.x86_64_17.0.3.v20220515-1416\jre\bin\nio.dll
0x00007ff9284e0000 - 0x00007ff9284f0000 	C:\Users\ows71\OneDrive\ \FullStack\02_java\eclipse\plugins\org.eclipse.justj.openjdk.hotspot.jre.full.win32.x86_64_17.0.3.v20220515-1416\jre\bin\verify.dll
0x00007ff8e6280000 - 0x00007ff8e6347000 	C:\Users\ows71\OneDrive\ \FullStack\02_java\eclipse\configuration\org.eclipse.osgi\687\0\.cp\swt-win32-4952r11.dll
0x00007ff932e20000 - 0x00007ff932f1f000 	C:\WINDOWS\System32\COMDLG32.dll
0x00007ff902bb0000 - 0x00007ff902bc9000 	C:\WINDOWS\SYSTEM32\USP10.dll
0x00007ff9107e0000 - 0x00007ff910887000 	C:\WINDOWS\SYSTEM32\WINSPOOL.DRV
0x00007ff92e370000 - 0x00007ff92e470000 	C:\WINDOWS\SYSTEM32\PROPSYS.dll
0x00007ff91e510000 - 0x00007ff91e700000 	C:\WINDOWS\SYSTEM32\urlmon.dll
0x00007ff912080000 - 0x00007ff91257e000 	C:\WINDOWS\SYSTEM32\WININET.dll
0x00007ff92de40000 - 0x00007ff92de6b000 	C:\WINDOWS\SYSTEM32\dwmapi.dll
0x00007ff910770000 - 0x00007ff910777000 	C:\WINDOWS\SYSTEM32\MSIMG32.dll
0x00007ff92fd20000 - 0x00007ff92fd2c000 	C:\WINDOWS\SYSTEM32\netutils.dll
0x00007ff91e4e0000 - 0x00007ff91e508000 	C:\WINDOWS\SYSTEM32\srvcli.dll
0x00007ff91e220000 - 0x00007ff91e4de000 	C:\WINDOWS\SYSTEM32\iertutil.dll
0x00007ff89d2b0000 - 0x00007ff89d465000 	C:\Windows\System32\TaskFlowDataEngine.dll
0x00007ff916210000 - 0x00007ff9162c0000 	C:\Windows\System32\OneCoreCommonProxyStub.dll
0x00007ff90e850000 - 0x00007ff90e878000 	C:\Users\ows71\OneDrive\ \FullStack\02_java\eclipse\configuration\org.eclipse.osgi\687\0\.cp\swt-gdip-win32-4952r11.dll
0x00007ff914860000 - 0x00007ff914a19000 	C:\WINDOWS\WinSxS\amd64_microsoft.windows.gdiplus_6595b64144ccf1df_1.1.22621.3810_none_57f8d842ce19d879\gdiplus.dll
0x00007ff92d9b0000 - 0x00007ff92db61000 	C:\WINDOWS\SYSTEM32\WindowsCodecs.dll
0x0000000180000000 - 0x0000000180012000 	C:\Users\ows71\OneDrive\ \FullStack\02_java\eclipse\configuration\org.eclipse.osgi\112\0\.cp\os\win32\x86_64\localfile_1_0_0.dll
0x00007ff927300000 - 0x00007ff92730e000 	C:\Users\ows71\OneDrive\ \FullStack\02_java\eclipse\plugins\org.eclipse.justj.openjdk.hotspot.jre.full.win32.x86_64_17.0.3.v20220515-1416\jre\bin\sunmscapi.dll
0x00007ff931710000 - 0x00007ff931876000 	C:\WINDOWS\System32\CRYPT32.dll
0x00007ff930c30000 - 0x00007ff930c5e000 	C:\WINDOWS\SYSTEM32\ncrypt.dll
0x00007ff930bf0000 - 0x00007ff930c27000 	C:\WINDOWS\SYSTEM32\NTASN1.dll
0x00007ff905890000 - 0x00007ff9058a7000 	C:\WINDOWS\system32\napinsp.dll
0x00007ff905860000 - 0x00007ff90587b000 	C:\WINDOWS\system32\pnrpnsp.dll
0x00007ff92fe60000 - 0x00007ff92ff58000 	C:\WINDOWS\SYSTEM32\DNSAPI.dll
0x00007ff92fde0000 - 0x00007ff92fe0d000 	C:\WINDOWS\SYSTEM32\IPHLPAPI.DLL
0x00007ff9338e0000 - 0x00007ff9338e9000 	C:\WINDOWS\System32\NSI.dll
0x00007ff905700000 - 0x00007ff905711000 	C:\WINDOWS\System32\winrnr.dll
0x00007ff924e30000 - 0x00007ff924e45000 	C:\WINDOWS\system32\wshbth.dll
0x00007ff9056d0000 - 0x00007ff9056f7000 	C:\WINDOWS\system32\nlansp_c.dll
0x00007ff928d10000 - 0x00007ff928d1a000 	C:\Windows\System32\rasadhlp.dll
0x00007ff924a50000 - 0x00007ff924ad3000 	C:\WINDOWS\System32\fwpuclnt.dll
0x00007ff930b40000 - 0x00007ff930b5b000 	C:\WINDOWS\SYSTEM32\CRYPTSP.dll
0x00007ff9302f0000 - 0x00007ff930325000 	C:\WINDOWS\system32\rsaenh.dll
0x00007ff930890000 - 0x00007ff9308b8000 	C:\WINDOWS\SYSTEM32\USERENV.dll
0x00007ff928e50000 - 0x00007ff928e69000 	C:\WINDOWS\SYSTEM32\dhcpcsvc6.DLL
0x00007ff928d20000 - 0x00007ff928d3f000 	C:\WINDOWS\SYSTEM32\dhcpcsvc.DLL
0x00007ff91df80000 - 0x00007ff91e030000 	C:\WINDOWS\SYSTEM32\TextShaping.dll
0x00007ff902e40000 - 0x00007ff902e9e000 	C:\WINDOWS\system32\dataexchange.dll
0x00007ff9021e0000 - 0x00007ff902224000 	C:\Users\ows71\AppData\Local\Temp\jna--1003752149\jna13558896027713197717.dll
0x00007ff91d820000 - 0x00007ff91dad4000 	C:\WINDOWS\system32\explorerframe.dll
0x00007ff92c3a0000 - 0x00007ff92c613000 	C:\WINDOWS\SYSTEM32\DWrite.dll
0x00007ff931100000 - 0x00007ff9311a3000 	C:\WINDOWS\SYSTEM32\sxs.dll
0x00007ff921490000 - 0x00007ff9214d2000 	C:\WINDOWS\system32\mlang.dll
0x00007ff906d50000 - 0x00007ff906d78000 	C:\WINDOWS\SYSTEM32\edputil.dll

dbghelp: loaded successfully - version: 4.0.5 - missing functions: none
symbol engine: initialized successfully - sym options: 0x614 - pdb path: .;C:\Users\ows71\OneDrive\ \FullStack\02_java\eclipse;C:\WINDOWS\SYSTEM32;C:\WINDOWS\WinSxS\amd64_microsoft.windows.common-controls_6595b64144ccf1df_6.0.22621.3672_none_2713b9d173822955;C:\Users\ows71\OneDrive\ \FullStack\02_java\eclipse\plugins\org.eclipse.equinox.launcher.win32.win32.x86_64_1.2.500.v20220509-0833;C:\Users\ows71\OneDrive\ \FullStack\02_java\eclipse\plugins\org.eclipse.justj.openjdk.hotspot.jre.full.win32.x86_64_17.0.3.v20220515-1416\jre\bin\server;C:\Users\ows71\OneDrive\ \FullStack\02_java\eclipse\plugins\org.eclipse.justj.openjdk.hotspot.jre.full.win32.x86_64_17.0.3.v20220;C:\Users\ows71\OneDrive\ \FullStack\02_java\eclipse\plugins\org.eclipse.justj.openjdk.hotspot.jre.full.win32.x86_64_17.0.3.v2;C:\Users\ows71\OneDrive\ \FullStack\02_java\eclipse\plugins\org.eclipse.justj.openjdk.hotspot.jre.full.win32.x86_64_17.0.;C:\Users\ows71\OneDrive\ \FullStack\02_java\eclipse\plugins\org.eclipse.justj.openjdk.hotspot.jre.full.win32.x86_64_1;C:\Users\ows71\OneDrive\ \FullStack\02_java\eclipse\plugins\org.eclipse.justj.openjdk.hotspot.jre.full.win32.x86_;C:\Users\ows71\OneDrive\ \FullStack\02_java\eclipse\plugins\org.eclipse.justj.openjdk.hotspot.jre.full.win32.x86_64_17.0.3.v20220515-1416\jre\bin;C:\Users\ows71\OneDrive\ \FullStack\02_java\eclipse\;C:\Users\ows71\OneDrive\ \FullStack\02_java\eclipse\configuration\org.eclipse.osgi\687\0\.cp;C:\WINDOWS\WinSxS\amd64_microsoft.windows.gdiplus_6595b6414;C:\WINDOWS\WinSxS\amd64_microsoft.windows.gdiplus_6595b64144ccf1df_1.1.22621.3810_none_57f8d842ce19d879;C:\Users\ows71\OneDrive\ \FullStack\02_java\eclipse\configur;C:\Users\ows71\OneDrive\ \FullStack\02_java\eclipse\conf;C:\Users\ows71\OneDrive\ \FullStack\02_java\eclipse\configuration\org.eclipse.osgi\112\0\.cp\os\win32\;C:\Users\ows71\OneDrive\ \FullStack\02_java\eclipse\configuration\org.eclipse.osgi\112\0\.cp\os\wi

VM Arguments:
jvm_args: -Dosgi.requiredJavaVersion=11 -Dosgi.instance.area.default=@user.home/eclipse-workspace -XX:+UseG1GC -XX:+UseStringDeduplication --add-modules=ALL-SYSTEM -Dosgi.requiredJavaVersion=11 -Dosgi.dataAreaRequiresExplicitInit=true -Dorg.eclipse.swt.graphics.Resource.reportNonDisposed=true -Xms256m -Xmx2048m --add-modules=ALL-SYSTEM 
java_command: Eclipse
java_class_path (initial): C:\Users\ows71\OneDrive\ \FullStack\02_java\eclipse\\plugins/org.eclipse.equinox.launcher_1.6.400.v20210924-0641.jar
Launcher Type: generic

[Global flags]
     intx CICompilerCount                          = 4                                         {product} {ergonomic}
     uint ConcGCThreads                            = 2                                         {product} {ergonomic}
     uint G1ConcRefinementThreads                  = 8                                         {product} {ergonomic}
   size_t G1HeapRegionSize                         = 1048576                                   {product} {ergonomic}
    uintx GCDrainStackTargetSize                   = 64                                        {product} {ergonomic}
   size_t InitialHeapSize                          = 268435456                                 {product} {command line}
   size_t MarkStackSize                            = 4194304                                   {product} {ergonomic}
   size_t MaxHeapSize                              = 2147483648                                {product} {command line}
   size_t MaxNewSize                               = 1287651328                                {product} {ergonomic}
   size_t MinHeapDeltaBytes                        = 1048576                                   {product} {ergonomic}
   size_t MinHeapSize                              = 268435456                                 {product} {command line}
    uintx NonNMethodCodeHeapSize                   = 5839372                                {pd product} {ergonomic}
    uintx NonProfiledCodeHeapSize                  = 122909434                              {pd product} {ergonomic}
    uintx ProfiledCodeHeapSize                     = 122909434                              {pd product} {ergonomic}
    uintx ReservedCodeCacheSize                    = 251658240                              {pd product} {ergonomic}
     bool SegmentedCodeCache                       = true                                      {product} {ergonomic}
   size_t SoftMaxHeapSize                          = 2147483648                             {manageable} {ergonomic}
     bool UseCompressedClassPointers               = true                           {product lp64_product} {ergonomic}
     bool UseCompressedOops                        = true                           {product lp64_product} {ergonomic}
     bool UseG1GC                                  = true                                      {product} {command line}
     bool UseLargePagesIndividualAllocation        = false                                  {pd product} {ergonomic}
     bool UseStringDeduplication                   = true                                      {product} {command line}

Logging:
Log output configuration:
 #0: stdout all=warning uptime,level,tags
 #1: stderr all=off uptime,level,tags

Environment Variables:
JAVA_HOME=C:\Program Files\Amazon Corretto\jdk11.0.24_8
PATH=C:\Users\ows71\Downloads\WINDOWS.X64_193000_db_home\bin;C:\Program Files\Amazon Corretto\jdk11.0.24_8\bin;C:\Program Files (x86)\Windows Resource Kits\Tools\;C:\Program Files (x86)\Intel\Intel(R) Management Engine Components\iCLS\;C:\Program Files\Intel\Intel(R) Management Engine Components\iCLS\;C:\Program Files\Common Files\Oracle\Java\javapath;C:\WINDOWS\system32;C:\WINDOWS;C:\WINDOWS\System32\Wbem;C:\WINDOWS\System32\WindowsPowerShell\v1.0\;C:\WINDOWS\System32\OpenSSH\;C:\Program Files\Intel\WiFi\bin\;C:\Program Files\Common Files\Intel\WirelessCommon\;C:\Program Files\Git\cmd;C:\Program Files\Java\jdk-15.0.2\bin;C:\Program Files\dotnet\;C:\Program Files (x86)\Intel\Intel(R) Management Engine Components\DAL;C:\Program Files\Intel\Intel(R) Management Engine Components\DAL;C:\Program Files\nodejs\;C:\Users\ows71\anaconda3;C:\Users\ows71\anaconda3\Library\mingw-w64\bin;C:\Users\ows71\anaconda3\Library\usr\bin;C:\Users\ows71\anaconda3\Library\bin;C:\Users\ows71\anaconda3\Scripts;C:\Program Files\MySQL\MySQL Shell 8.0\bin\;C:\Users\ows71\AppData\Local\Programs\Python\Python36-32\Scripts\;C:\Users\ows71\AppData\Local\Programs\Python\Python36-32\;C:\Users\ows71\AppData\Local\Microsoft\WindowsApps;C:\Users\ows71\.dotnet\tools;C:\Users\ows71\AppData\Local\Programs\Microsoft VS Code\bin;C:\Users\ows71\AppData\Local\atom\bin;C:\Users\ows71\AppData\Roaming\npm;%USERPROFILE%\AppData\Local\Microsoft\WindowsApps;
USERNAME=ows710
OS=Windows_NT
PROCESSOR_IDENTIFIER=Intel64 Family 6 Model 142 Stepping 10, GenuineIntel



---------------  S Y S T E M  ---------------

OS:
 Windows 11 , 64 bit Build 22621 (10.0.22621.3958)
OS uptime: 16 days 23:41 hours
Hyper-V role detected

CPU: total 8 (initial active 8) (4 cores per cpu, 2 threads per core) family 6 model 142 stepping 10 microcode 0xe0, cx8, cmov, fxsr, ht, mmx, 3dnowpref, sse, sse2, sse3, ssse3, sse4.1, sse4.2, popcnt, lzcnt, tsc, tscinvbit, avx, avx2, aes, erms, clmul, bmi1, bmi2, adx, fma, vzeroupper, clflush, clflushopt, hv

Memory: 4k page, system-wide physical 8107M (242M free)
TotalPageFile size 32683M (AvailPageFile size 170M)
current process WorkingSet (physical memory assigned to process): 504M, peak: 600M
current process commit charge ("private bytes"): 637M, peak: 986M

vm_info: OpenJDK 64-Bit Server VM (17.0.3+7) for windows-amd64 JRE (17.0.3+7), built on Apr 19 2022 16:55:35 by "" with MS VC++ 16.7 (VS2019)

END.
